Using pre-set license
Built from '2021.2/staging' branch; Version is '2021.2.7f1 (6bd9e232123f) revision 7068130'; Using compiler version '192829333'; Build Type 'Release'
OS: 'Windows 10  (10.0.19043) 64bit Core' Language: 'en' Physical Memory: 32605 MB
BatchMode: 1, IsHumanControllingUs: 0, StartBugReporterOnCrash: 0, Is64bit: 1, IsPro: 0

COMMAND LINE ARGUMENTS:
F:\2021.2.7f1\Editor\Unity.exe
-adb2
-batchMode
-noUpm
-name
AssetImportWorker3
-projectPath
F:/EGS/GameJam2022/EGS-Game-Jam-2022
-logFile
Logs/AssetImportWorker3.log
-srvPort
57283
Successfully changed project path to: F:/EGS/GameJam2022/EGS-Game-Jam-2022
F:/EGS/GameJam2022/EGS-Game-Jam-2022
[UnityMemory] Configuration Parameters - Can be set up in boot.config
    "memorysetup-bucket-allocator-granularity=16"
    "memorysetup-bucket-allocator-bucket-count=8"
    "memorysetup-bucket-allocator-block-size=33554432"
    "memorysetup-bucket-allocator-block-count=8"
    "memorysetup-main-allocator-block-size=16777216"
    "memorysetup-thread-allocator-block-size=16777216"
    "memorysetup-gfx-main-allocator-block-size=16777216"
    "memorysetup-gfx-thread-allocator-block-size=16777216"
    "memorysetup-cache-allocator-block-size=4194304"
    "memorysetup-typetree-allocator-block-size=2097152"
    "memorysetup-profiler-bucket-allocator-granularity=16"
    "memorysetup-profiler-bucket-allocator-bucket-count=8"
    "memorysetup-profiler-bucket-allocator-block-size=33554432"
    "memorysetup-profiler-bucket-allocator-block-count=8"
    "memorysetup-profiler-allocator-block-size=16777216"
    "memorysetup-profiler-editor-allocator-block-size=1048576"
    "memorysetup-temp-allocator-size-main=16777216"
    "memorysetup-job-temp-allocator-block-size=2097152"
    "memorysetup-job-temp-allocator-block-size-background=1048576"
    "memorysetup-job-temp-allocator-reduction-small-platforms=262144"
    "memorysetup-temp-allocator-size-background-worker=32768"
    "memorysetup-temp-allocator-size-job-worker=262144"
    "memorysetup-temp-allocator-size-preload-manager=33554432"
    "memorysetup-temp-allocator-size-nav-mesh-worker=65536"
    "memorysetup-temp-allocator-size-audio-worker=65536"
    "memorysetup-temp-allocator-size-cloud-worker=32768"
    "memorysetup-temp-allocator-size-gi-baking-worker=262144"
    "memorysetup-temp-allocator-size-gfx=262144"
Refreshing native plugins compatible for Editor in 192.89 ms, found 3 plugins.
Preloading 0 native plugins for Editor in 0.00 ms.
Initialize engine version: 2021.2.7f1 (6bd9e232123f)
[Subsystems] Discovering subsystems at path F:/2021.2.7f1/Editor/Data/Resources/UnitySubsystems
[Subsystems] Discovering subsystems at path F:/EGS/GameJam2022/EGS-Game-Jam-2022/Assets
GfxDevice: creating device client; threaded=0; jobified=0
Direct3D:
    Version:  Direct3D 11.0 [level 11.1]
    Renderer: NVIDIA GeForce RTX 2070 (ID=0x1f10)
    Vendor:   NVIDIA
    VRAM:     8031 MB
    Driver:   30.0.15.1109
Initialize mono
Mono path[0] = 'F:/2021.2.7f1/Editor/Data/Managed'
Mono path[1] = 'F:/2021.2.7f1/Editor/Data/MonoBleedingEdge/lib/mono/unityjit-win32'
Mono config path = 'F:/2021.2.7f1/Editor/Data/MonoBleedingEdge/etc'
Using monoOptions --debugger-agent=transport=dt_socket,embedding=1,server=y,suspend=n,address=127.0.0.1:56700
Begin MonoManager ReloadAssembly
Registering precompiled unity dll's ...
Register platform support module: F:/2021.2.7f1/Editor/Data/PlaybackEngines/WindowsStandaloneSupport/UnityEditor.WindowsStandalone.Extensions.dll
Registered in 0.006252 seconds.
Native extension for WindowsStandalone target not found
Refreshing native plugins compatible for Editor in 130.74 ms, found 3 plugins.
Preloading 0 native plugins for Editor in 0.00 ms.
Mono: successfully reloaded assembly
- Completed reload, in  0.814 seconds
Domain Reload Profiling:
	ReloadAssembly (814ms)
		BeginReloadAssembly (175ms)
			ExecutionOrderSort (0ms)
			DisableScriptedObjects (0ms)
			BackupInstance (0ms)
			ReleaseScriptingObjects (0ms)
			CreateAndSetChildDomain (1ms)
		EndReloadAssembly (545ms)
			LoadAssemblies (171ms)
			RebuildTransferFunctionScriptingTraits (0ms)
			SetupTypeCache (113ms)
			ReleaseScriptCaches (0ms)
			RebuildScriptCaches (32ms)
			SetupLoadedEditorAssemblies (344ms)
				LogAssemblyErrors (0ms)
				InitializePlatformSupportModulesInManaged (19ms)
				SetLoadedEditorAssemblies (0ms)
				RefreshPlugins (131ms)
				BeforeProcessingInitializeOnLoad (1ms)
				ProcessInitializeOnLoadAttributes (147ms)
				ProcessInitializeOnLoadMethodAttributes (46ms)
				AfterProcessingInitializeOnLoad (0ms)
				EditorAssembliesLoaded (0ms)
			ExecutionOrderSort2 (0ms)
			AwakeInstancesAfterBackupRestoration (0ms)
Platform modules already initialized, skipping
Registering precompiled user dll's ...
Registered in 0.006423 seconds.
Begin MonoManager ReloadAssembly
Symbol file LoadedFromMemory doesn't match image F:\EGS\GameJam2022\EGS-Game-Jam-2022\Library\PackageCache\com.unity.visualscripting@1.7.6\Editor\VisualScripting.Core\Dependencies\YamlDotNet\Unity.VisualScripting.YamlDotNet.dll
Symbol file LoadedFromMemory doesn't match image F:\EGS\GameJam2022\EGS-Game-Jam-2022\Library\PackageCache\com.unity.visualscripting@1.7.6\Editor\VisualScripting.Core\Dependencies\DotNetZip\Unity.VisualScripting.IonicZip.dll
Native extension for WindowsStandalone target not found
Refreshing native plugins compatible for Editor in 129.68 ms, found 3 plugins.
Preloading 0 native plugins for Editor in 0.00 ms.
Mono: successfully reloaded assembly
- Completed reload, in  2.089 seconds
Domain Reload Profiling:
	ReloadAssembly (2090ms)
		BeginReloadAssembly (159ms)
			ExecutionOrderSort (0ms)
			DisableScriptedObjects (6ms)
			BackupInstance (0ms)
			ReleaseScriptingObjects (0ms)
			CreateAndSetChildDomain (19ms)
		EndReloadAssembly (1830ms)
			LoadAssemblies (135ms)
			RebuildTransferFunctionScriptingTraits (0ms)
			SetupTypeCache (329ms)
			ReleaseScriptCaches (1ms)
			RebuildScriptCaches (69ms)
			SetupLoadedEditorAssemblies (1300ms)
				LogAssemblyErrors (0ms)
				InitializePlatformSupportModulesInManaged (12ms)
				SetLoadedEditorAssemblies (1ms)
				RefreshPlugins (130ms)
				BeforeProcessingInitializeOnLoad (127ms)
				ProcessInitializeOnLoadAttributes (935ms)
				ProcessInitializeOnLoadMethodAttributes (88ms)
				AfterProcessingInitializeOnLoad (7ms)
				EditorAssembliesLoaded (0ms)
			ExecutionOrderSort2 (0ms)
			AwakeInstancesAfterBackupRestoration (6ms)
Platform modules already initialized, skipping
========================================================================
Worker process is ready to serve import requests
Launched and connected shader compiler UnityShaderCompiler.exe after 0.05 seconds
Refreshing native plugins compatible for Editor in 1.63 ms, found 3 plugins.
Preloading 0 native plugins for Editor in 0.00 ms.
Unloading 5083 Unused Serialized files (Serialized files now loaded: 0)
Unloading 38 unused Assets / (0.7 MB). Loaded Objects now: 5537.
Memory consumption went from 200.6 MB to 199.9 MB.
Total: 4.458700 ms (FindLiveObjects: 0.439700 ms CreateObjectMapping: 0.367800 ms MarkObjects: 3.329300 ms  DeleteObjects: 0.320500 ms)

AssetImportParameters requested are different than current active one (requested -> active):
  custom:video-decoder-ogg-theora: a1e56fd34408186e4bbccfd4996cb3dc -> 
  custom:container-muxer-webm: aa71ff27fc2769a1b78a27578f13a17b -> 
  custom:container-demuxer-webm: 4f35f7cbe854078d1ac9338744f61a02 -> 
  custom:video-encoder-webm-vp8: eb34c28f22e8b96e1ab97ce403110664 -> 
  custom:audio-encoder-webm-vorbis: bf7c407c2cedff20999df2af8eb42d56 -> 
  custom:framework-win-MediaFoundation: 216162199b28c13a410421893ffa2e32 -> 
  custom:container-demuxer-ogg: 62fdf1f143b41e24485cea50d1cbac27 -> 
  custom:video-decoder-webm-vp8: 9c59270c3fd7afecdb556c50c9e8de78 -> 
  custom:audio-decoder-ogg-vorbis: bf7c407c2cedff20999df2af8eb42d56 -> 
========================================================================
Received Import Request.
  Time since last request: 124165.587810 seconds.
  path: Assets/PolygonCity/Prefabs/Props/SM_Prop_PlanterWindow_01.prefab
  artifactKey: Guid(16dd2e2d30bf97a4282b745980e24bd8) Importer(815301076,1909f56bfc062723c751e8b465ee728b)
Start importing Assets/PolygonCity/Prefabs/Props/SM_Prop_PlanterWindow_01.prefab using Guid(16dd2e2d30bf97a4282b745980e24bd8) Importer(815301076,1909f56bfc062723c751e8b465ee728b)  -> (artifact id: '105df1c6c505904f125b0ed71c83bc30') in 0.435092 seconds 
========================================================================
Received Import Request.
  Time since last request: 0.000031 seconds.
  path: Assets/PolygonCity/Prefabs/Props/SM_Prop_PowerBox_01.prefab
  artifactKey: Guid(627f78867a195924ab8cd8a55429db26) Importer(815301076,1909f56bfc062723c751e8b465ee728b)
Start importing Assets/PolygonCity/Prefabs/Props/SM_Prop_PowerBox_01.prefab using Guid(627f78867a195924ab8cd8a55429db26) Importer(815301076,1909f56bfc062723c751e8b465ee728b)  -> (artifact id: '5302731475c8ff8f5189f57056f44a75') in 0.049664 seconds 
========================================================================
Received Import Request.
  Time since last request: 0.000032 seconds.
  path: Assets/PolygonCity/Prefabs/Props/SM_Prop_PotPlant_02.prefab
  artifactKey: Guid(31fa0b36e57a33f44ae905116d606e3a) Importer(815301076,1909f56bfc062723c751e8b465ee728b)
Start importing Assets/PolygonCity/Prefabs/Props/SM_Prop_PotPlant_02.prefab using Guid(31fa0b36e57a33f44ae905116d606e3a) Importer(815301076,1909f56bfc062723c751e8b465ee728b)  -> (artifact id: '1716cafeac4c8d72c2481c7d1ffc8019') in 0.045323 seconds 
========================================================================
Received Import Request.
  Time since last request: 0.364554 seconds.
  path: Assets/PolygonCity/Prefabs/Props/SM_Prop_ShopInterior_Desk_02.prefab
  artifactKey: Guid(30c80b9834fd8f248b24cf47fa3329b4) Importer(815301076,1909f56bfc062723c751e8b465ee728b)
Start importing Assets/PolygonCity/Prefabs/Props/SM_Prop_ShopInterior_Desk_02.prefab using Guid(30c80b9834fd8f248b24cf47fa3329b4) Importer(815301076,1909f56bfc062723c751e8b465ee728b)  -> (artifact id: 'f134d5c49343fdce7d8c1408c1663915') in 0.062779 seconds 
========================================================================
Received Import Request.
  Time since last request: 0.000044 seconds.
  path: Assets/PolygonCity/Prefabs/Props/SM_Prop_ShopInterior_Shelf_02.prefab
  artifactKey: Guid(990ca4a6ba9b900449bc9d4d1a0c0dd0) Importer(815301076,1909f56bfc062723c751e8b465ee728b)
Start importing Assets/PolygonCity/Prefabs/Props/SM_Prop_ShopInterior_Shelf_02.prefab using Guid(990ca4a6ba9b900449bc9d4d1a0c0dd0) Importer(815301076,1909f56bfc062723c751e8b465ee728b)  -> (artifact id: '01596239d1ecf2a3eee1f8773a862173') in 0.059499 seconds 
========================================================================
Received Import Request.
  Time since last request: 0.000055 seconds.
  path: Assets/PolygonCity/Prefabs/Props/SM_Prop_ShopInterior_Display_01.prefab
  artifactKey: Guid(e6368a4e913510c4e8f89c70757b02ef) Importer(815301076,1909f56bfc062723c751e8b465ee728b)
Start importing Assets/PolygonCity/Prefabs/Props/SM_Prop_ShopInterior_Display_01.prefab using Guid(e6368a4e913510c4e8f89c70757b02ef) Importer(815301076,1909f56bfc062723c751e8b465ee728b)  -> (artifact id: '8a8f2ae388ff48757dd5223aa59bc0ff') in 0.053025 seconds 
========================================================================
Received Import Request.
  Time since last request: 0.000044 seconds.
  path: Assets/PolygonCity/Prefabs/Props/SM_Prop_ShopInterior_Shelf_03.prefab
  artifactKey: Guid(ccc70d3ae8c17394f981d9af684e9312) Importer(815301076,1909f56bfc062723c751e8b465ee728b)
Start importing Assets/PolygonCity/Prefabs/Props/SM_Prop_ShopInterior_Shelf_03.prefab using Guid(ccc70d3ae8c17394f981d9af684e9312) Importer(815301076,1909f56bfc062723c751e8b465ee728b)  -> (artifact id: '14c8ce3fd7804058c44024fff4074146') in 0.035301 seconds 
========================================================================
Received Import Request.
  Time since last request: 0.080644 seconds.
  path: Assets/PolygonCity/Prefabs/Props/SM_Prop_Sidewalk_Panel_04.prefab
  artifactKey: Guid(bdec9e11564b10548af18c3359d9203e) Importer(815301076,1909f56bfc062723c751e8b465ee728b)
Start importing Assets/PolygonCity/Prefabs/Props/SM_Prop_Sidewalk_Panel_04.prefab using Guid(bdec9e11564b10548af18c3359d9203e) Importer(815301076,1909f56bfc062723c751e8b465ee728b)  -> (artifact id: '1919fe96a93fe2883c82ddb9007f08d4') in 0.058150 seconds 
========================================================================
Received Import Request.
  Time since last request: 0.000035 seconds.
  path: Assets/PolygonCity/Prefabs/Props/SM_Prop_Sidewalk_Panel_05.prefab
  artifactKey: Guid(a2887a078e32efb43a1292b6a06996f1) Importer(815301076,1909f56bfc062723c751e8b465ee728b)
Start importing Assets/PolygonCity/Prefabs/Props/SM_Prop_Sidewalk_Panel_05.prefab using Guid(a2887a078e32efb43a1292b6a06996f1) Importer(815301076,1909f56bfc062723c751e8b465ee728b)  -> (artifact id: '5319823fc9ea0c29b70fe7582f2940b1') in 0.057966 seconds 
========================================================================
Received Import Request.
  Time since last request: 0.000059 seconds.
  path: Assets/PolygonCity/Prefabs/Props/SM_Prop_Sign_Bar_01.prefab
  artifactKey: Guid(c2b57946a64eef848846606d4c0755a4) Importer(815301076,1909f56bfc062723c751e8b465ee728b)
Start importing Assets/PolygonCity/Prefabs/Props/SM_Prop_Sign_Bar_01.prefab using Guid(c2b57946a64eef848846606d4c0755a4) Importer(815301076,1909f56bfc062723c751e8b465ee728b)  -> (artifact id: '90d1b78fc34443464c575e70c0f31d05') in 0.053323 seconds 
========================================================================
Received Import Request.
  Time since last request: 0.000066 seconds.
  path: Assets/PolygonCity/Prefabs/Props/SM_Prop_Sign_Attachment_03.prefab
  artifactKey: Guid(99ec98a713e68684cbfb382167732238) Importer(815301076,1909f56bfc062723c751e8b465ee728b)
Start importing Assets/PolygonCity/Prefabs/Props/SM_Prop_Sign_Attachment_03.prefab using Guid(99ec98a713e68684cbfb382167732238) Importer(815301076,1909f56bfc062723c751e8b465ee728b)  -> (artifact id: 'ac8ff556928ff13ccb561c3c4d39bc98') in 0.032355 seconds 
========================================================================
Received Import Request.
  Time since last request: 0.572095 seconds.
  path: Assets/PolygonCity/Prefabs/Props/SM_Prop_Sign_Cafe_01.prefab
  artifactKey: Guid(3d8194b6a5a16e64a93a906184b2761f) Importer(815301076,1909f56bfc062723c751e8b465ee728b)
Start importing Assets/PolygonCity/Prefabs/Props/SM_Prop_Sign_Cafe_01.prefab using Guid(3d8194b6a5a16e64a93a906184b2761f) Importer(815301076,1909f56bfc062723c751e8b465ee728b)  -> (artifact id: 'e2c5584b3ca75438e8f9c8a399018222') in 0.061472 seconds 
========================================================================
Received Import Request.
  Time since last request: 0.000046 seconds.
  path: Assets/PolygonCity/Prefabs/Props/SM_Prop_Sign_DeliPizza_01.prefab
  artifactKey: Guid(e98dbcbb18fcaf245912cbe6b4ec9f98) Importer(815301076,1909f56bfc062723c751e8b465ee728b)
Start importing Assets/PolygonCity/Prefabs/Props/SM_Prop_Sign_DeliPizza_01.prefab using Guid(e98dbcbb18fcaf245912cbe6b4ec9f98) Importer(815301076,1909f56bfc062723c751e8b465ee728b)  -> (artifact id: 'e156baa6af21ec279979affa8752327a') in 0.058178 seconds 
========================================================================
Received Import Request.
  Time since last request: 0.000042 seconds.
  path: Assets/PolygonCity/Prefabs/Props/SM_Prop_Sign_Hospital_01.prefab
  artifactKey: Guid(a3e85953e98766049bc6fcaafb10ecb8) Importer(815301076,1909f56bfc062723c751e8b465ee728b)
Start importing Assets/PolygonCity/Prefabs/Props/SM_Prop_Sign_Hospital_01.prefab using Guid(a3e85953e98766049bc6fcaafb10ecb8) Importer(815301076,1909f56bfc062723c751e8b465ee728b)  -> (artifact id: 'eb69ab629b60c49ea739a38fe5727c3f') in 0.046915 seconds 
========================================================================
Received Import Request.
  Time since last request: 0.793154 seconds.
  path: Assets/PolygonCity/Prefabs/Props/SM_Prop_Sign_Pizza_01.prefab
  artifactKey: Guid(7ab8c96f64066fb48bf1bd7d1bd465c0) Importer(815301076,1909f56bfc062723c751e8b465ee728b)
Start importing Assets/PolygonCity/Prefabs/Props/SM_Prop_Sign_Pizza_01.prefab using Guid(7ab8c96f64066fb48bf1bd7d1bd465c0) Importer(815301076,1909f56bfc062723c751e8b465ee728b)  -> (artifact id: '9089eacb8960452c5457267c06febd1c') in 0.066968 seconds 
========================================================================
Received Import Request.
  Time since last request: 0.000036 seconds.
  path: Assets/PolygonCity/Prefabs/Props/SM_Prop_Sign_Warning_01.prefab
  artifactKey: Guid(f1754e7bc1938a64a987b1f5fa38743a) Importer(815301076,1909f56bfc062723c751e8b465ee728b)
Start importing Assets/PolygonCity/Prefabs/Props/SM_Prop_Sign_Warning_01.prefab using Guid(f1754e7bc1938a64a987b1f5fa38743a) Importer(815301076,1909f56bfc062723c751e8b465ee728b)  -> (artifact id: '7792884a57277a36453d4e5566208177') in 0.052524 seconds 
========================================================================
Received Import Request.
  Time since last request: 0.000053 seconds.
  path: Assets/PolygonCity/Prefabs/Props/SM_Prop_Sign_Street_02.prefab
  artifactKey: Guid(cf55b493382caea4b91e5a3c61a6d133) Importer(815301076,1909f56bfc062723c751e8b465ee728b)
Start importing Assets/PolygonCity/Prefabs/Props/SM_Prop_Sign_Street_02.prefab using Guid(cf55b493382caea4b91e5a3c61a6d133) Importer(815301076,1909f56bfc062723c751e8b465ee728b)  -> (artifact id: '2752be3c7edf8b777e1be3a088174f9a') in 0.050410 seconds 
========================================================================
Received Import Request.
  Time since last request: 0.000064 seconds.
  path: Assets/PolygonCity/Prefabs/Props/SM_Prop_Sign_XXX_01.prefab
  artifactKey: Guid(f036ebe8e42460343a5baa9e00b735d5) Importer(815301076,1909f56bfc062723c751e8b465ee728b)
Start importing Assets/PolygonCity/Prefabs/Props/SM_Prop_Sign_XXX_01.prefab using Guid(f036ebe8e42460343a5baa9e00b735d5) Importer(815301076,1909f56bfc062723c751e8b465ee728b)  -> (artifact id: 'c441d1b6ed8ce8041ea870f3e3890a99') in 0.041120 seconds 
========================================================================
Received Import Request.
  Time since last request: 0.165298 seconds.
  path: Assets/PolygonCity/Prefabs/Props/SM_Prop_SmartPhone_01.prefab
  artifactKey: Guid(1b9925b02d7968d45b8d566ed8ca99b5) Importer(815301076,1909f56bfc062723c751e8b465ee728b)
Start importing Assets/PolygonCity/Prefabs/Props/SM_Prop_SmartPhone_01.prefab using Guid(1b9925b02d7968d45b8d566ed8ca99b5) Importer(815301076,1909f56bfc062723c751e8b465ee728b)  -> (artifact id: '88b5a304286252de307aac66365cfe18') in 0.056766 seconds 
========================================================================
Received Import Request.
  Time since last request: 0.000029 seconds.
  path: Assets/PolygonCity/Prefabs/Props/SM_Prop_Soda_01.prefab
  artifactKey: Guid(d8d6e22fb12c1724096123ee86509be6) Importer(815301076,1909f56bfc062723c751e8b465ee728b)
Start importing Assets/PolygonCity/Prefabs/Props/SM_Prop_Soda_01.prefab using Guid(d8d6e22fb12c1724096123ee86509be6) Importer(815301076,1909f56bfc062723c751e8b465ee728b)  -> (artifact id: '66e6b155d9c7eb1809abcc991184f8e8') in 0.046261 seconds 
========================================================================
Received Import Request.
  Time since last request: 0.000052 seconds.
  path: Assets/PolygonCity/Prefabs/Props/SM_Prop_TrashBag_01.prefab
  artifactKey: Guid(5e9f23a0d535d65438771a89191d0f83) Importer(815301076,1909f56bfc062723c751e8b465ee728b)
Start importing Assets/PolygonCity/Prefabs/Props/SM_Prop_TrashBag_01.prefab using Guid(5e9f23a0d535d65438771a89191d0f83) Importer(815301076,1909f56bfc062723c751e8b465ee728b)  -> (artifact id: 'bf35cffdfb13e5285655660845197f37') in 0.043157 seconds 
========================================================================
Received Import Request.
  Time since last request: 0.000060 seconds.
  path: Assets/PolygonCity/Prefabs/Props/SM_Prop_TrafficLight_01.prefab
  artifactKey: Guid(c1189d98428018e4eb7e4ebed0c78ddc) Importer(815301076,1909f56bfc062723c751e8b465ee728b)
Start importing Assets/PolygonCity/Prefabs/Props/SM_Prop_TrafficLight_01.prefab using Guid(c1189d98428018e4eb7e4ebed0c78ddc) Importer(815301076,1909f56bfc062723c751e8b465ee728b)  -> (artifact id: '7b8c5372aecc114d73469caf90b2fee3') in 0.038589 seconds 
========================================================================
Received Import Request.
  Time since last request: 0.703470 seconds.
  path: Assets/PolygonCity/Prefabs/Props/SM_Prop_Trashbin_01.prefab
  artifactKey: Guid(008c6febfb8d88a4496fe51f2a2d409a) Importer(815301076,1909f56bfc062723c751e8b465ee728b)
Start importing Assets/PolygonCity/Prefabs/Props/SM_Prop_Trashbin_01.prefab using Guid(008c6febfb8d88a4496fe51f2a2d409a) Importer(815301076,1909f56bfc062723c751e8b465ee728b)  -> (artifact id: 'accfd824fb0c0ba69c85abf5849b9d91') in 0.062903 seconds 
========================================================================
Received Import Request.
  Time since last request: 0.000029 seconds.
  path: Assets/PolygonCity/Prefabs/Props/SM_Prop_Washingline_03.prefab
  artifactKey: Guid(817e942c1f8ae59408e2debc4104926b) Importer(815301076,1909f56bfc062723c751e8b465ee728b)
Start importing Assets/PolygonCity/Prefabs/Props/SM_Prop_Washingline_03.prefab using Guid(817e942c1f8ae59408e2debc4104926b) Importer(815301076,1909f56bfc062723c751e8b465ee728b)  -> (artifact id: '9f5560c82b551c6ceee6af3d0be4790a') in 0.063427 seconds 
========================================================================
Received Import Request.
  Time since last request: 0.000068 seconds.
  path: Assets/PolygonCity/Prefabs/Props/SM_Prop_Vents_Corner_01.prefab
  artifactKey: Guid(79caabbec3979a74b929feaca606d26d) Importer(815301076,1909f56bfc062723c751e8b465ee728b)
Start importing Assets/PolygonCity/Prefabs/Props/SM_Prop_Vents_Corner_01.prefab using Guid(79caabbec3979a74b929feaca606d26d) Importer(815301076,1909f56bfc062723c751e8b465ee728b)  -> (artifact id: 'aba452138c44fd5a9701cde35a7271a0') in 0.047315 seconds 
========================================================================
Received Import Request.
  Time since last request: 0.000034 seconds.
  path: Assets/PolygonCity/Prefabs/Props/SM_Prop_Washingline_04.prefab
  artifactKey: Guid(ea327a19ffc7db74385ac3d6e1899182) Importer(815301076,1909f56bfc062723c751e8b465ee728b)
Start importing Assets/PolygonCity/Prefabs/Props/SM_Prop_Washingline_04.prefab using Guid(ea327a19ffc7db74385ac3d6e1899182) Importer(815301076,1909f56bfc062723c751e8b465ee728b)  -> (artifact id: 'e5fc772a6ac2866b228f4041421360d6') in 0.056474 seconds 
========================================================================
Received Import Request.
  Time since last request: 0.000029 seconds.
  path: Assets/PolygonCity/Prefabs/Props/SM_Prop_Umbrella_01.prefab
  artifactKey: Guid(c70ae4ae0fa26e843855bb2f4d3e43fb) Importer(815301076,1909f56bfc062723c751e8b465ee728b)
Start importing Assets/PolygonCity/Prefabs/Props/SM_Prop_Umbrella_01.prefab using Guid(c70ae4ae0fa26e843855bb2f4d3e43fb) Importer(815301076,1909f56bfc062723c751e8b465ee728b)  -> (artifact id: '87fdb8882ac4f9518a7a810caae03a10') in 0.046838 seconds 
========================================================================
Received Import Request.
  Time since last request: 0.000036 seconds.
  path: Assets/PolygonCity/Prefabs/Props/SM_Prop_Vents_Corner_02.prefab
  artifactKey: Guid(24ee7962b4d4a224d9bf7169a2769f89) Importer(815301076,1909f56bfc062723c751e8b465ee728b)
Start importing Assets/PolygonCity/Prefabs/Props/SM_Prop_Vents_Corner_02.prefab using Guid(24ee7962b4d4a224d9bf7169a2769f89) Importer(815301076,1909f56bfc062723c751e8b465ee728b)  -> (artifact id: '20d1f16490c3d82b49cf1bfdc82c89d0') in 0.052875 seconds 
========================================================================
Received Import Request.
  Time since last request: 273.591252 seconds.
  path: Assets/PolygonCity/Prefabs/Buildings/SM_Bld_Apartment_02.prefab
  artifactKey: Guid(045266ddc5d5afd4bbceaaeda75189da) Importer(815301076,1909f56bfc062723c751e8b465ee728b)
Start importing Assets/PolygonCity/Prefabs/Buildings/SM_Bld_Apartment_02.prefab using Guid(045266ddc5d5afd4bbceaaeda75189da) Importer(815301076,1909f56bfc062723c751e8b465ee728b)  -> (artifact id: 'ac3d29f2631e0acc6b1e6cfa462ef74e') in 0.050633 seconds 
========================================================================
Received Import Request.
  Time since last request: 0.000047 seconds.
  path: Assets/PolygonCity/Prefabs/Buildings/SM_Bld_Apartment_Roof_02.prefab
  artifactKey: Guid(99e3d52be60050d4883633a4b0e12226) Importer(815301076,1909f56bfc062723c751e8b465ee728b)
Start importing Assets/PolygonCity/Prefabs/Buildings/SM_Bld_Apartment_Roof_02.prefab using Guid(99e3d52be60050d4883633a4b0e12226) Importer(815301076,1909f56bfc062723c751e8b465ee728b)  -> (artifact id: '6ed860b94bfaa0e100aa3be7f2d924af') in 0.049945 seconds 
========================================================================
Received Import Request.
  Time since last request: 0.000031 seconds.
  path: Assets/PolygonCity/Prefabs/Buildings/SM_Bld_Apartment_Door_Corner_02.prefab
  artifactKey: Guid(b7a38067f963ba848b3614156d1280af) Importer(815301076,1909f56bfc062723c751e8b465ee728b)
Start importing Assets/PolygonCity/Prefabs/Buildings/SM_Bld_Apartment_Door_Corner_02.prefab using Guid(b7a38067f963ba848b3614156d1280af) Importer(815301076,1909f56bfc062723c751e8b465ee728b)  -> (artifact id: '1d2bad74a31d8751a26f38cc93d40ff0') in 0.036440 seconds 
========================================================================
Received Import Request.
  Time since last request: 0.000032 seconds.
  path: Assets/PolygonCity/Prefabs/Buildings/SM_Bld_Apartment_Corner_01.prefab
  artifactKey: Guid(ca5af9b35ab3f6d418a4a402844936e3) Importer(815301076,1909f56bfc062723c751e8b465ee728b)
Start importing Assets/PolygonCity/Prefabs/Buildings/SM_Bld_Apartment_Corner_01.prefab using Guid(ca5af9b35ab3f6d418a4a402844936e3) Importer(815301076,1909f56bfc062723c751e8b465ee728b)  -> (artifact id: '7efb66e491801aea6966099ba3537fe1') in 0.040063 seconds 
========================================================================
Received Import Request.
  Time since last request: 0.000036 seconds.
  path: Assets/PolygonCity/Prefabs/Buildings/SM_Bld_OfficeOld_Large_01.prefab
  artifactKey: Guid(82f734b8de4c88b4fbdc5232659df70f) Importer(815301076,1909f56bfc062723c751e8b465ee728b)
Start importing Assets/PolygonCity/Prefabs/Buildings/SM_Bld_OfficeOld_Large_01.prefab using Guid(82f734b8de4c88b4fbdc5232659df70f) Importer(815301076,1909f56bfc062723c751e8b465ee728b)  -> (artifact id: '489ee043eaddf7e0b85946559c77fea8') in 0.054944 seconds 
========================================================================
Received Import Request.
  Time since last request: 0.000037 seconds.
  path: Assets/PolygonCity/Prefabs/Buildings/SM_Bld_Apartment_Stairs_02.prefab
  artifactKey: Guid(f82429eae662f5d4cb83cadb3417f66d) Importer(815301076,1909f56bfc062723c751e8b465ee728b)
Start importing Assets/PolygonCity/Prefabs/Buildings/SM_Bld_Apartment_Stairs_02.prefab using Guid(f82429eae662f5d4cb83cadb3417f66d) Importer(815301076,1909f56bfc062723c751e8b465ee728b)  -> (artifact id: '0df77f003276893cfd6dd095333105c3') in 0.038233 seconds 
========================================================================
Received Import Request.
  Time since last request: 0.000040 seconds.
  path: Assets/PolygonCity/Prefabs/Buildings/SM_Bld_Apartment_Corner_02.prefab
  artifactKey: Guid(64b839200fb1c394abe8b5e1693c5cf4) Importer(815301076,1909f56bfc062723c751e8b465ee728b)
Start importing Assets/PolygonCity/Prefabs/Buildings/SM_Bld_Apartment_Corner_02.prefab using Guid(64b839200fb1c394abe8b5e1693c5cf4) Importer(815301076,1909f56bfc062723c751e8b465ee728b)  -> (artifact id: 'a1228f7064ced904677b6f6ac7e5c315') in 0.039504 seconds 
========================================================================
Received Import Request.
  Time since last request: 0.000104 seconds.
  path: Assets/PolygonCity/Prefabs/Buildings/SM_Bld_OfficeOld_Large_Floor_01.prefab
  artifactKey: Guid(04c95dd28836b2745a9499d7e268e44b) Importer(815301076,1909f56bfc062723c751e8b465ee728b)
Start importing Assets/PolygonCity/Prefabs/Buildings/SM_Bld_OfficeOld_Large_Floor_01.prefab using Guid(04c95dd28836b2745a9499d7e268e44b) Importer(815301076,1909f56bfc062723c751e8b465ee728b)  -> (artifact id: 'f7986c0b35c3fca5d7db13f3b79aab0b') in 0.039462 seconds 
========================================================================
Received Import Request.
  Time since last request: 0.000035 seconds.
  path: Assets/PolygonCity/Prefabs/Buildings/SM_Bld_Apartment_Stairs_Planter_01.prefab
  artifactKey: Guid(2ec41ef6c18c5e64aaefa3d4e6b2d9bb) Importer(815301076,1909f56bfc062723c751e8b465ee728b)
Start importing Assets/PolygonCity/Prefabs/Buildings/SM_Bld_Apartment_Stairs_Planter_01.prefab using Guid(2ec41ef6c18c5e64aaefa3d4e6b2d9bb) Importer(815301076,1909f56bfc062723c751e8b465ee728b)  -> (artifact id: '6bb5a1e03a7f76a62791a811c37a28a9') in 0.037240 seconds 
========================================================================
Received Import Request.
  Time since last request: 0.000032 seconds.
  path: Assets/PolygonCity/Prefabs/Buildings/SM_Bld_Apartment_Roof_Corner_02.prefab
  artifactKey: Guid(abf5b8361dd32a84990b3ef68982a8b4) Importer(815301076,1909f56bfc062723c751e8b465ee728b)
Start importing Assets/PolygonCity/Prefabs/Buildings/SM_Bld_Apartment_Roof_Corner_02.prefab using Guid(abf5b8361dd32a84990b3ef68982a8b4) Importer(815301076,1909f56bfc062723c751e8b465ee728b)  -> (artifact id: 'ae8a4a5beb5491df1fcca4a1df5d0a24') in 0.036385 seconds 
========================================================================
Received Import Request.
  Time since last request: 0.000038 seconds.
  path: Assets/PolygonCity/Prefabs/Buildings/SM_Bld_FireEscape_03.prefab
  artifactKey: Guid(0e83389f2726cec4b805919daeccf2f6) Importer(815301076,1909f56bfc062723c751e8b465ee728b)
Start importing Assets/PolygonCity/Prefabs/Buildings/SM_Bld_FireEscape_03.prefab using Guid(0e83389f2726cec4b805919daeccf2f6) Importer(815301076,1909f56bfc062723c751e8b465ee728b)  -> (artifact id: '45559dc80da795cb8612af52908fb3d4') in 0.040425 seconds 
========================================================================
Received Import Request.
  Time since last request: 0.000031 seconds.
  path: Assets/PolygonCity/Prefabs/Buildings/SM_Bld_Apartment_Stack_03.prefab
  artifactKey: Guid(a2d22ce70dfdb254e9cf1a761853209a) Importer(815301076,1909f56bfc062723c751e8b465ee728b)
Start importing Assets/PolygonCity/Prefabs/Buildings/SM_Bld_Apartment_Stack_03.prefab using Guid(a2d22ce70dfdb254e9cf1a761853209a) Importer(815301076,1909f56bfc062723c751e8b465ee728b)  -> (artifact id: '1ffbdc5d1eaf2c341b134d1b41e85b29') in 0.041550 seconds 
========================================================================
Received Import Request.
  Time since last request: 0.000063 seconds.
  path: Assets/PolygonCity/Prefabs/Buildings/SM_Bld_Apartment_Stairs_01.prefab
  artifactKey: Guid(afe0ad4fc8b424945846ae10043c796b) Importer(815301076,1909f56bfc062723c751e8b465ee728b)
Start importing Assets/PolygonCity/Prefabs/Buildings/SM_Bld_Apartment_Stairs_01.prefab using Guid(afe0ad4fc8b424945846ae10043c796b) Importer(815301076,1909f56bfc062723c751e8b465ee728b)  -> (artifact id: '56cefb3a53ec272bab15137518768320') in 0.038602 seconds 
========================================================================
Received Import Request.
  Time since last request: 0.000061 seconds.
  path: Assets/PolygonCity/Prefabs/Buildings/SM_Bld_Apartment_Stack_02.prefab
  artifactKey: Guid(f9c5e344bb1131f4f83e34b3f8cae927) Importer(815301076,1909f56bfc062723c751e8b465ee728b)
Start importing Assets/PolygonCity/Prefabs/Buildings/SM_Bld_Apartment_Stack_02.prefab using Guid(f9c5e344bb1131f4f83e34b3f8cae927) Importer(815301076,1909f56bfc062723c751e8b465ee728b)  -> (artifact id: '5408165fc4689f195b2f9a0d4af6cffa') in 0.035081 seconds 
========================================================================
Received Import Request.
  Time since last request: 0.000029 seconds.
  path: Assets/PolygonCity/Prefabs/Buildings/SM_Bld_OfficeOld_Large_Roof_01.prefab
  artifactKey: Guid(454dd9d601ac90d46a2b2e1b9901ba76) Importer(815301076,1909f56bfc062723c751e8b465ee728b)
Start importing Assets/PolygonCity/Prefabs/Buildings/SM_Bld_OfficeOld_Large_Roof_01.prefab using Guid(454dd9d601ac90d46a2b2e1b9901ba76) Importer(815301076,1909f56bfc062723c751e8b465ee728b)  -> (artifact id: '39840ed91acdb5a653d359d0784c7bc1') in 0.040373 seconds 
========================================================================
Received Import Request.
  Time since last request: 0.000041 seconds.
  path: Assets/PolygonCity/Prefabs/Buildings/SM_Bld_CityHall_01.prefab
  artifactKey: Guid(7867ba7f5410daf41b58b5427b1d9554) Importer(815301076,1909f56bfc062723c751e8b465ee728b)
Start importing Assets/PolygonCity/Prefabs/Buildings/SM_Bld_CityHall_01.prefab using Guid(7867ba7f5410daf41b58b5427b1d9554) Importer(815301076,1909f56bfc062723c751e8b465ee728b)  -> (artifact id: 'dddbfe7035ef861055bf0be1fe25c0a9') in 0.041377 seconds 
========================================================================
Received Import Request.
  Time since last request: 0.000051 seconds.
  path: Assets/PolygonCity/Prefabs/Buildings/SM_Bld_OfficeOld_Small_01.prefab
  artifactKey: Guid(84c719d9545655049b535e2613281b11) Importer(815301076,1909f56bfc062723c751e8b465ee728b)
Start importing Assets/PolygonCity/Prefabs/Buildings/SM_Bld_OfficeOld_Small_01.prefab using Guid(84c719d9545655049b535e2613281b11) Importer(815301076,1909f56bfc062723c751e8b465ee728b)  -> (artifact id: 'bdff4805518c88e1666b97ad92002430') in 0.046433 seconds 
========================================================================
Received Import Request.
  Time since last request: 0.000031 seconds.
  path: Assets/PolygonCity/Prefabs/Buildings/SM_Bld_Apartment_Roof_Corner_03.prefab
  artifactKey: Guid(0c535ed1fa2fdad4593c4e6c8997762c) Importer(815301076,1909f56bfc062723c751e8b465ee728b)
Start importing Assets/PolygonCity/Prefabs/Buildings/SM_Bld_Apartment_Roof_Corner_03.prefab using Guid(0c535ed1fa2fdad4593c4e6c8997762c) Importer(815301076,1909f56bfc062723c751e8b465ee728b)  -> (artifact id: 'b0fdcd09fc493881077f006d907def39') in 0.033963 seconds 
========================================================================
Received Import Request.
  Time since last request: 0.000039 seconds.
  path: Assets/PolygonCity/Prefabs/Buildings/SM_Bld_OfficeOld_Small_02.prefab
  artifactKey: Guid(4486deaa4d569bc4bb8e381c100ed2b0) Importer(815301076,1909f56bfc062723c751e8b465ee728b)
Start importing Assets/PolygonCity/Prefabs/Buildings/SM_Bld_OfficeOld_Small_02.prefab using Guid(4486deaa4d569bc4bb8e381c100ed2b0) Importer(815301076,1909f56bfc062723c751e8b465ee728b)  -> (artifact id: '143b15d2e5c94ec586af3af3a2fbd327') in 0.043097 seconds 
========================================================================
Received Import Request.
  Time since last request: 0.000062 seconds.
  path: Assets/PolygonCity/Prefabs/Buildings/SM_Bld_Apartment_Door_02.prefab
  artifactKey: Guid(295b7b7ec52815e41ba330f82ad49dde) Importer(815301076,1909f56bfc062723c751e8b465ee728b)
Start importing Assets/PolygonCity/Prefabs/Buildings/SM_Bld_Apartment_Door_02.prefab using Guid(295b7b7ec52815e41ba330f82ad49dde) Importer(815301076,1909f56bfc062723c751e8b465ee728b)  -> (artifact id: '708b407a6ad3423e5f95af1a6a5a94bf') in 0.038213 seconds 
========================================================================
Received Import Request.
  Time since last request: 0.000039 seconds.
  path: Assets/PolygonCity/Prefabs/Buildings/SM_Bld_Apartment_Roof_03.prefab
  artifactKey: Guid(e23461d5897c315409d7a64adcd6f311) Importer(815301076,1909f56bfc062723c751e8b465ee728b)
Start importing Assets/PolygonCity/Prefabs/Buildings/SM_Bld_Apartment_Roof_03.prefab using Guid(e23461d5897c315409d7a64adcd6f311) Importer(815301076,1909f56bfc062723c751e8b465ee728b)  -> (artifact id: 'e273ea62991eb49871f383f4e5cc5767') in 0.035935 seconds 
========================================================================
Received Import Request.
  Time since last request: 0.000053 seconds.
  path: Assets/PolygonCity/Prefabs/Buildings/SM_Bld_OfficeOctagon_01.prefab
  artifactKey: Guid(0ee83c502303ccb449f61a2877cc57c8) Importer(815301076,1909f56bfc062723c751e8b465ee728b)
Start importing Assets/PolygonCity/Prefabs/Buildings/SM_Bld_OfficeOctagon_01.prefab using Guid(0ee83c502303ccb449f61a2877cc57c8) Importer(815301076,1909f56bfc062723c751e8b465ee728b)  -> (artifact id: '0d28a4b0500353aa5871b7a2985128fa') in 0.040196 seconds 
========================================================================
Received Import Request.
  Time since last request: 0.041198 seconds.
  path: Assets/PolygonCity/Prefabs/Buildings/SM_Bld_OfficeRound_02.prefab
  artifactKey: Guid(0c4d65d4a970ec94e9c8b857586f6e71) Importer(815301076,1909f56bfc062723c751e8b465ee728b)
Start importing Assets/PolygonCity/Prefabs/Buildings/SM_Bld_OfficeRound_02.prefab using Guid(0c4d65d4a970ec94e9c8b857586f6e71) Importer(815301076,1909f56bfc062723c751e8b465ee728b)  -> (artifact id: 'e5c2662d2c41d2a8a8e54dc2e7df30bd') in 0.036156 seconds 
========================================================================
Received Import Request.
  Time since last request: 0.000029 seconds.
  path: Assets/PolygonCity/Prefabs/Buildings/SM_Bld_OfficeSquare_02.prefab
  artifactKey: Guid(5bad3bfa14ca03549852bc34961b1515) Importer(815301076,1909f56bfc062723c751e8b465ee728b)
Start importing Assets/PolygonCity/Prefabs/Buildings/SM_Bld_OfficeSquare_02.prefab using Guid(5bad3bfa14ca03549852bc34961b1515) Importer(815301076,1909f56bfc062723c751e8b465ee728b)  -> (artifact id: '047d36f9c153e4958293ab37f64bd699') in 0.038028 seconds 
========================================================================
Received Import Request.
  Time since last request: 0.000051 seconds.
  path: Assets/PolygonCity/Prefabs/Buildings/SM_Bld_OfficeRound_Base_01.prefab
  artifactKey: Guid(d8907e78c2c985144ab39a324c8597ea) Importer(815301076,1909f56bfc062723c751e8b465ee728b)
Start importing Assets/PolygonCity/Prefabs/Buildings/SM_Bld_OfficeRound_Base_01.prefab using Guid(d8907e78c2c985144ab39a324c8597ea) Importer(815301076,1909f56bfc062723c751e8b465ee728b)  -> (artifact id: '9926ab15b839a738df319a2769d84158') in 0.042622 seconds 
========================================================================
Received Import Request.
  Time since last request: 0.000030 seconds.
  path: Assets/PolygonCity/Prefabs/Buildings/SM_Bld_OfficeRound_03.prefab
  artifactKey: Guid(5d7e66e33ddbaf64cb3580e489134147) Importer(815301076,1909f56bfc062723c751e8b465ee728b)
Start importing Assets/PolygonCity/Prefabs/Buildings/SM_Bld_OfficeRound_03.prefab using Guid(5d7e66e33ddbaf64cb3580e489134147) Importer(815301076,1909f56bfc062723c751e8b465ee728b)  -> (artifact id: 'e2bae23544e997e900f28b239d435350') in 0.035108 seconds 
========================================================================
Received Import Request.
  Time since last request: 0.000026 seconds.
  path: Assets/PolygonCity/Prefabs/Buildings/SM_Bld_OfficeRound_Roof_01.prefab
  artifactKey: Guid(a2507b8e2681bcc44ad4183e48f4589c) Importer(815301076,1909f56bfc062723c751e8b465ee728b)
Start importing Assets/PolygonCity/Prefabs/Buildings/SM_Bld_OfficeRound_Roof_01.prefab using Guid(a2507b8e2681bcc44ad4183e48f4589c) Importer(815301076,1909f56bfc062723c751e8b465ee728b)  -> (artifact id: '1c5c8e2ed1e61315ad1c6c58fdea711f') in 0.035582 seconds 
========================================================================
Received Import Request.
  Time since last request: 0.000083 seconds.
  path: Assets/PolygonCity/Prefabs/Buildings/SM_Bld_OfficeSquare_03.prefab
  artifactKey: Guid(83d0ec3c099b45e44b769c5f2a30890b) Importer(815301076,1909f56bfc062723c751e8b465ee728b)
Start importing Assets/PolygonCity/Prefabs/Buildings/SM_Bld_OfficeSquare_03.prefab using Guid(83d0ec3c099b45e44b769c5f2a30890b) Importer(815301076,1909f56bfc062723c751e8b465ee728b)  -> (artifact id: '0e9a2bb38183c9b8f2d710b1b0d46b24') in 0.038534 seconds 
========================================================================
Received Import Request.
  Time since last request: 16.006528 seconds.
  path: Assets/PolygonCity/Prefabs/Buildings/SM_Bld_Shop_01.prefab
  artifactKey: Guid(ade248290e90bae40b4a349101c343c8) Importer(815301076,1909f56bfc062723c751e8b465ee728b)
Start importing Assets/PolygonCity/Prefabs/Buildings/SM_Bld_Shop_01.prefab using Guid(ade248290e90bae40b4a349101c343c8) Importer(815301076,1909f56bfc062723c751e8b465ee728b)  -> (artifact id: '60014891671aaaf1396f9e4a00102606') in 0.045966 seconds 
========================================================================
Received Import Request.
  Time since last request: 0.000026 seconds.
  path: Assets/PolygonCity/Prefabs/Buildings/SM_Bld_Shop_Corner_02.prefab
  artifactKey: Guid(6c5d6f00dd2f1d34e8b206b956e60329) Importer(815301076,1909f56bfc062723c751e8b465ee728b)
Start importing Assets/PolygonCity/Prefabs/Buildings/SM_Bld_Shop_Corner_02.prefab using Guid(6c5d6f00dd2f1d34e8b206b956e60329) Importer(815301076,1909f56bfc062723c751e8b465ee728b)  -> (artifact id: '687fc4906b62552c7c3cb954afdb156e') in 0.043113 seconds 
========================================================================
Received Import Request.
  Time since last request: 0.000032 seconds.
  path: Assets/PolygonCity/Prefabs/Buildings/SM_Bld_Shop_02.prefab
  artifactKey: Guid(694588147c2fd7e41b0105d7054a7f1a) Importer(815301076,1909f56bfc062723c751e8b465ee728b)
Start importing Assets/PolygonCity/Prefabs/Buildings/SM_Bld_Shop_02.prefab using Guid(694588147c2fd7e41b0105d7054a7f1a) Importer(815301076,1909f56bfc062723c751e8b465ee728b)  -> (artifact id: 'ec5e38d962ce5fe7aa5baf3fa3116db8') in 0.040399 seconds 
========================================================================
Received Import Request.
  Time since last request: 0.000051 seconds.
  path: Assets/PolygonCity/Prefabs/Buildings/SM_Bld_Shop_05.prefab
  artifactKey: Guid(77dd7072ed0a2784d87c474eb9a288b7) Importer(815301076,1909f56bfc062723c751e8b465ee728b)
Start importing Assets/PolygonCity/Prefabs/Buildings/SM_Bld_Shop_05.prefab using Guid(77dd7072ed0a2784d87c474eb9a288b7) Importer(815301076,1909f56bfc062723c751e8b465ee728b)  -> (artifact id: '9a5da060499e3fd8ede587edf4fa33cb') in 0.042153 seconds 
========================================================================
Received Import Request.
  Time since last request: 0.000056 seconds.
  path: Assets/PolygonCity/Prefabs/Buildings/SM_Bld_Shop_Cover_01.prefab
  artifactKey: Guid(ea3006685c5815f429d7310b7eb965ca) Importer(815301076,1909f56bfc062723c751e8b465ee728b)
Start importing Assets/PolygonCity/Prefabs/Buildings/SM_Bld_Shop_Cover_01.prefab using Guid(ea3006685c5815f429d7310b7eb965ca) Importer(815301076,1909f56bfc062723c751e8b465ee728b)  -> (artifact id: '8c428d717209cdabd7f8f7e6e8e07a10') in 0.039418 seconds 
========================================================================
Received Import Request.
  Time since last request: 0.520549 seconds.
  path: Assets/PolygonCity/Prefabs/Buildings/SM_Bld_Shop_Cover_04.prefab
  artifactKey: Guid(a5e568db0b228c24589c17f5b015934d) Importer(815301076,1909f56bfc062723c751e8b465ee728b)
Start importing Assets/PolygonCity/Prefabs/Buildings/SM_Bld_Shop_Cover_04.prefab using Guid(a5e568db0b228c24589c17f5b015934d) Importer(815301076,1909f56bfc062723c751e8b465ee728b)  -> (artifact id: '390b6d6929df502edc652b333ba6f3ad') in 0.067678 seconds 
========================================================================
Received Import Request.
  Time since last request: 0.000039 seconds.
  path: Assets/PolygonCity/Prefabs/Buildings/SM_Bld_Station_03.prefab
  artifactKey: Guid(8a86432aa20034e49aa63a2c97cee0f2) Importer(815301076,1909f56bfc062723c751e8b465ee728b)
Start importing Assets/PolygonCity/Prefabs/Buildings/SM_Bld_Station_03.prefab using Guid(8a86432aa20034e49aa63a2c97cee0f2) Importer(815301076,1909f56bfc062723c751e8b465ee728b)  -> (artifact id: 'b8c1be369d895ebff4a9c7f874863b12') in 0.049227 seconds 
========================================================================
Received Import Request.
  Time since last request: 0.000059 seconds.
  path: Assets/PolygonCity/Prefabs/Buildings/SM_Bld_Spire_01.prefab
  artifactKey: Guid(9ffce38584b432f48ab23b0733ce9853) Importer(815301076,1909f56bfc062723c751e8b465ee728b)
Start importing Assets/PolygonCity/Prefabs/Buildings/SM_Bld_Spire_01.prefab using Guid(9ffce38584b432f48ab23b0733ce9853) Importer(815301076,1909f56bfc062723c751e8b465ee728b)  -> (artifact id: 'e97e7f6a9c5dc50eb0dd32d7a0e36c86') in 0.045537 seconds 
========================================================================
Received Prepare
Registering precompiled user dll's ...
Registered in 0.007861 seconds.
Begin MonoManager ReloadAssembly
Symbol file LoadedFromMemory doesn't match image F:\EGS\GameJam2022\EGS-Game-Jam-2022\Library\PackageCache\com.unity.visualscripting@1.7.6\Editor\VisualScripting.Core\Dependencies\YamlDotNet\Unity.VisualScripting.YamlDotNet.dll
Symbol file LoadedFromMemory doesn't match image F:\EGS\GameJam2022\EGS-Game-Jam-2022\Library\PackageCache\com.unity.visualscripting@1.7.6\Editor\VisualScripting.Core\Dependencies\DotNetZip\Unity.VisualScripting.IonicZip.dll
Native extension for WindowsStandalone target not found
Refreshing native plugins compatible for Editor in 1.08 ms, found 3 plugins.
Preloading 0 native plugins for Editor in 0.00 ms.
Mono: successfully reloaded assembly
- Completed reload, in  1.738 seconds
Domain Reload Profiling:
	ReloadAssembly (1738ms)
		BeginReloadAssembly (253ms)
			ExecutionOrderSort (0ms)
			DisableScriptedObjects (11ms)
			BackupInstance (0ms)
			ReleaseScriptingObjects (0ms)
			CreateAndSetChildDomain (56ms)
		EndReloadAssembly (1357ms)
			LoadAssemblies (181ms)
			RebuildTransferFunctionScriptingTraits (0ms)
			SetupTypeCache (415ms)
			ReleaseScriptCaches (2ms)
			RebuildScriptCaches (61ms)
			SetupLoadedEditorAssemblies (669ms)
				LogAssemblyErrors (0ms)
				InitializePlatformSupportModulesInManaged (12ms)
				SetLoadedEditorAssemblies (0ms)
				RefreshPlugins (1ms)
				BeforeProcessingInitializeOnLoad (107ms)
				ProcessInitializeOnLoadAttributes (427ms)
				ProcessInitializeOnLoadMethodAttributes (113ms)
				AfterProcessingInitializeOnLoad (7ms)
				EditorAssembliesLoaded (1ms)
			ExecutionOrderSort2 (0ms)
			AwakeInstancesAfterBackupRestoration (13ms)
Platform modules already initialized, skipping
Refreshing native plugins compatible for Editor in 1.06 ms, found 3 plugins.
Preloading 0 native plugins for Editor in 0.00 ms.
Unloading 4967 Unused Serialized files (Serialized files now loaded: 0)
Unloading 26 unused Assets / (309.8 KB). Loaded Objects now: 5601.
Memory consumption went from 201.7 MB to 201.4 MB.
Total: 7.107800 ms (FindLiveObjects: 0.738400 ms CreateObjectMapping: 1.438000 ms MarkObjects: 4.813400 ms  DeleteObjects: 0.116000 ms)

AssetImportParameters requested are different than current active one (requested -> active):
  custom:video-decoder-ogg-theora: a1e56fd34408186e4bbccfd4996cb3dc -> 
  custom:container-muxer-webm: aa71ff27fc2769a1b78a27578f13a17b -> 
  custom:container-demuxer-webm: 4f35f7cbe854078d1ac9338744f61a02 -> 
  custom:video-encoder-webm-vp8: eb34c28f22e8b96e1ab97ce403110664 -> 
  custom:audio-encoder-webm-vorbis: bf7c407c2cedff20999df2af8eb42d56 -> 
  custom:framework-win-MediaFoundation: 216162199b28c13a410421893ffa2e32 -> 
  custom:container-demuxer-ogg: 62fdf1f143b41e24485cea50d1cbac27 -> 
  custom:video-decoder-webm-vp8: 9c59270c3fd7afecdb556c50c9e8de78 -> 
  custom:audio-decoder-ogg-vorbis: bf7c407c2cedff20999df2af8eb42d56 -> 
