Using pre-set license
Built from '2021.2/staging' branch; Version is '2021.2.7f1 (6bd9e232123f) revision 7068130'; Using compiler version '192829333'; Build Type 'Release'
OS: 'Windows 10  (10.0.19042) 64bit Core' Language: 'en' Physical Memory: 16215 MB
BatchMode: 1, IsHumanControllingUs: 0, StartBugReporterOnCrash: 0, Is64bit: 1, IsPro: 0

COMMAND LINE ARGUMENTS:
C:\Program Files\Unity\Hub\Editor\2021.2.7f1\Editor\Unity.exe
-adb2
-batchMode
-noUpm
-name
AssetImportWorker6
-projectPath
C:/Users/pelki/Unity/EGS Game Jam 2022
-logFile
Logs/AssetImportWorker6.log
-srvPort
59719
Successfully changed project path to: C:/Users/pelki/Unity/EGS Game Jam 2022
C:/Users/pelki/Unity/EGS Game Jam 2022
[UnityMemory] Configuration Parameters - Can be set up in boot.config
    "memorysetup-bucket-allocator-granularity=16"
    "memorysetup-bucket-allocator-bucket-count=8"
    "memorysetup-bucket-allocator-block-size=33554432"
    "memorysetup-bucket-allocator-block-count=8"
    "memorysetup-main-allocator-block-size=16777216"
    "memorysetup-thread-allocator-block-size=16777216"
    "memorysetup-gfx-main-allocator-block-size=16777216"
    "memorysetup-gfx-thread-allocator-block-size=16777216"
    "memorysetup-cache-allocator-block-size=4194304"
    "memorysetup-typetree-allocator-block-size=2097152"
    "memorysetup-profiler-bucket-allocator-granularity=16"
    "memorysetup-profiler-bucket-allocator-bucket-count=8"
    "memorysetup-profiler-bucket-allocator-block-size=33554432"
    "memorysetup-profiler-bucket-allocator-block-count=8"
    "memorysetup-profiler-allocator-block-size=16777216"
    "memorysetup-profiler-editor-allocator-block-size=1048576"
    "memorysetup-temp-allocator-size-main=16777216"
    "memorysetup-job-temp-allocator-block-size=2097152"
    "memorysetup-job-temp-allocator-block-size-background=1048576"
    "memorysetup-job-temp-allocator-reduction-small-platforms=262144"
    "memorysetup-temp-allocator-size-background-worker=32768"
    "memorysetup-temp-allocator-size-job-worker=262144"
    "memorysetup-temp-allocator-size-preload-manager=33554432"
    "memorysetup-temp-allocator-size-nav-mesh-worker=65536"
    "memorysetup-temp-allocator-size-audio-worker=65536"
    "memorysetup-temp-allocator-size-cloud-worker=32768"
    "memorysetup-temp-allocator-size-gi-baking-worker=262144"
    "memorysetup-temp-allocator-size-gfx=262144"
Refreshing native plugins compatible for Editor in 127.55 ms, found 3 plugins.
Preloading 0 native plugins for Editor in 0.00 ms.
Initialize engine version: 2021.2.7f1 (6bd9e232123f)
[Subsystems] Discovering subsystems at path C:/Program Files/Unity/Hub/Editor/2021.2.7f1/Editor/Data/Resources/UnitySubsystems
[Subsystems] Discovering subsystems at path C:/Users/pelki/Unity/EGS Game Jam 2022/Assets
GfxDevice: creating device client; threaded=0; jobified=0
Direct3D:
    Version:  Direct3D 11.0 [level 11.1]
    Renderer: NVIDIA GeForce RTX 2070 with Max-Q Design (ID=0x1f14)
    Vendor:   NVIDIA
    VRAM:     8031 MB
    Driver:   30.0.14.7196
Initialize mono
Mono path[0] = 'C:/Program Files/Unity/Hub/Editor/2021.2.7f1/Editor/Data/Managed'
Mono path[1] = 'C:/Program Files/Unity/Hub/Editor/2021.2.7f1/Editor/Data/MonoBleedingEdge/lib/mono/unityjit-win32'
Mono config path = 'C:/Program Files/Unity/Hub/Editor/2021.2.7f1/Editor/Data/MonoBleedingEdge/etc'
Using monoOptions --debugger-agent=transport=dt_socket,embedding=1,server=y,suspend=n,address=127.0.0.1:56672
Begin MonoManager ReloadAssembly
Registering precompiled unity dll's ...
Register platform support module: C:/Program Files/Unity/Hub/Editor/2021.2.7f1/Editor/Data/PlaybackEngines/WebGLSupport/UnityEditor.WebGL.Extensions.dll
Register platform support module: C:/Program Files/Unity/Hub/Editor/2021.2.7f1/Editor/Data/PlaybackEngines/WindowsStandaloneSupport/UnityEditor.WindowsStandalone.Extensions.dll
Registered in 0.010547 seconds.
Native extension for WindowsStandalone target not found
Native extension for WebGL target not found
Refreshing native plugins compatible for Editor in 133.54 ms, found 3 plugins.
Preloading 0 native plugins for Editor in 0.00 ms.
Mono: successfully reloaded assembly
- Completed reload, in  0.807 seconds
Domain Reload Profiling:
	ReloadAssembly (807ms)
		BeginReloadAssembly (84ms)
			ExecutionOrderSort (0ms)
			DisableScriptedObjects (0ms)
			BackupInstance (0ms)
			ReleaseScriptingObjects (0ms)
			CreateAndSetChildDomain (1ms)
		EndReloadAssembly (621ms)
			LoadAssemblies (81ms)
			RebuildTransferFunctionScriptingTraits (0ms)
			SetupTypeCache (140ms)
			ReleaseScriptCaches (0ms)
			RebuildScriptCaches (37ms)
			SetupLoadedEditorAssemblies (382ms)
				LogAssemblyErrors (0ms)
				InitializePlatformSupportModulesInManaged (18ms)
				SetLoadedEditorAssemblies (0ms)
				RefreshPlugins (134ms)
				BeforeProcessingInitializeOnLoad (1ms)
				ProcessInitializeOnLoadAttributes (171ms)
				ProcessInitializeOnLoadMethodAttributes (57ms)
				AfterProcessingInitializeOnLoad (0ms)
				EditorAssembliesLoaded (0ms)
			ExecutionOrderSort2 (0ms)
			AwakeInstancesAfterBackupRestoration (0ms)
Platform modules already initialized, skipping
Registering precompiled user dll's ...
Registered in 0.010346 seconds.
Begin MonoManager ReloadAssembly
Symbol file LoadedFromMemory doesn't match image C:\Users\pelki\Unity\EGS Game Jam 2022\Library\PackageCache\com.unity.visualscripting@1.7.6\Editor\VisualScripting.Core\Dependencies\YamlDotNet\Unity.VisualScripting.YamlDotNet.dll
Symbol file LoadedFromMemory doesn't match image C:\Users\pelki\Unity\EGS Game Jam 2022\Library\PackageCache\com.unity.visualscripting@1.7.6\Editor\VisualScripting.Core\Dependencies\DotNetZip\Unity.VisualScripting.IonicZip.dll
Native extension for WindowsStandalone target not found
Native extension for WebGL target not found
Refreshing native plugins compatible for Editor in 109.87 ms, found 3 plugins.
Preloading 0 native plugins for Editor in 0.00 ms.
Mono: successfully reloaded assembly
- Completed reload, in  1.440 seconds
Domain Reload Profiling:
	ReloadAssembly (1441ms)
		BeginReloadAssembly (103ms)
			ExecutionOrderSort (0ms)
			DisableScriptedObjects (5ms)
			BackupInstance (0ms)
			ReleaseScriptingObjects (0ms)
			CreateAndSetChildDomain (21ms)
		EndReloadAssembly (1243ms)
			LoadAssemblies (79ms)
			RebuildTransferFunctionScriptingTraits (0ms)
			SetupTypeCache (294ms)
			ReleaseScriptCaches (1ms)
			RebuildScriptCaches (55ms)
			SetupLoadedEditorAssemblies (775ms)
				LogAssemblyErrors (0ms)
				InitializePlatformSupportModulesInManaged (11ms)
				SetLoadedEditorAssemblies (0ms)
				RefreshPlugins (110ms)
				BeforeProcessingInitializeOnLoad (112ms)
				ProcessInitializeOnLoadAttributes (456ms)
				ProcessInitializeOnLoadMethodAttributes (78ms)
				AfterProcessingInitializeOnLoad (7ms)
				EditorAssembliesLoaded (0ms)
			ExecutionOrderSort2 (0ms)
			AwakeInstancesAfterBackupRestoration (5ms)
Platform modules already initialized, skipping
========================================================================
Worker process is ready to serve import requests
Launched and connected shader compiler UnityShaderCompiler.exe after 0.07 seconds
Refreshing native plugins compatible for Editor in 0.83 ms, found 3 plugins.
Preloading 0 native plugins for Editor in 0.00 ms.
Unloading 5081 Unused Serialized files (Serialized files now loaded: 0)
Unloading 38 unused Assets / (0.7 MB). Loaded Objects now: 5537.
Memory consumption went from 200.1 MB to 199.4 MB.
Total: 3.994400 ms (FindLiveObjects: 0.381200 ms CreateObjectMapping: 0.383000 ms MarkObjects: 2.959200 ms  DeleteObjects: 0.270200 ms)

AssetImportParameters requested are different than current active one (requested -> active):
  custom:video-decoder-ogg-theora: a1e56fd34408186e4bbccfd4996cb3dc -> 
  custom:container-muxer-webm: aa71ff27fc2769a1b78a27578f13a17b -> 
  custom:container-demuxer-webm: 4f35f7cbe854078d1ac9338744f61a02 -> 
  custom:video-encoder-webm-vp8: eb34c28f22e8b96e1ab97ce403110664 -> 
  custom:audio-encoder-webm-vorbis: bf7c407c2cedff20999df2af8eb42d56 -> 
  custom:framework-win-MediaFoundation: 216162199b28c13a410421893ffa2e32 -> 
  custom:container-demuxer-ogg: 62fdf1f143b41e24485cea50d1cbac27 -> 
  custom:video-decoder-webm-vp8: 9c59270c3fd7afecdb556c50c9e8de78 -> 
  custom:audio-decoder-ogg-vorbis: bf7c407c2cedff20999df2af8eb42d56 -> 
========================================================================
Received Prepare
Registering precompiled user dll's ...
Registered in 0.007122 seconds.
Begin MonoManager ReloadAssembly
Symbol file LoadedFromMemory doesn't match image C:\Users\pelki\Unity\EGS Game Jam 2022\Library\PackageCache\com.unity.visualscripting@1.7.6\Editor\VisualScripting.Core\Dependencies\YamlDotNet\Unity.VisualScripting.YamlDotNet.dll
Symbol file LoadedFromMemory doesn't match image C:\Users\pelki\Unity\EGS Game Jam 2022\Library\PackageCache\com.unity.visualscripting@1.7.6\Editor\VisualScripting.Core\Dependencies\DotNetZip\Unity.VisualScripting.IonicZip.dll
Native extension for WindowsStandalone target not found
Native extension for WebGL target not found
Refreshing native plugins compatible for Editor in 0.86 ms, found 3 plugins.
Preloading 0 native plugins for Editor in 0.00 ms.
Mono: successfully reloaded assembly
- Completed reload, in  1.201 seconds
Domain Reload Profiling:
	ReloadAssembly (1202ms)
		BeginReloadAssembly (142ms)
			ExecutionOrderSort (0ms)
			DisableScriptedObjects (6ms)
			BackupInstance (0ms)
			ReleaseScriptingObjects (0ms)
			CreateAndSetChildDomain (38ms)
		EndReloadAssembly (969ms)
			LoadAssemblies (81ms)
			RebuildTransferFunctionScriptingTraits (0ms)
			SetupTypeCache (305ms)
			ReleaseScriptCaches (2ms)
			RebuildScriptCaches (45ms)
			SetupLoadedEditorAssemblies (495ms)
				LogAssemblyErrors (0ms)
				InitializePlatformSupportModulesInManaged (14ms)
				SetLoadedEditorAssemblies (0ms)
				RefreshPlugins (1ms)
				BeforeProcessingInitializeOnLoad (84ms)
				ProcessInitializeOnLoadAttributes (322ms)
				ProcessInitializeOnLoadMethodAttributes (66ms)
				AfterProcessingInitializeOnLoad (8ms)
				EditorAssembliesLoaded (0ms)
			ExecutionOrderSort2 (0ms)
			AwakeInstancesAfterBackupRestoration (7ms)
Platform modules already initialized, skipping
Refreshing native plugins compatible for Editor in 0.91 ms, found 3 plugins.
Preloading 0 native plugins for Editor in 0.00 ms.
Unloading 4959 Unused Serialized files (Serialized files now loaded: 0)
Unloading 29 unused Assets / (0.7 MB). Loaded Objects now: 5539.
Memory consumption went from 192.2 MB to 191.5 MB.
Total: 4.026600 ms (FindLiveObjects: 0.538600 ms CreateObjectMapping: 0.495600 ms MarkObjects: 2.725500 ms  DeleteObjects: 0.266100 ms)

AssetImportParameters requested are different than current active one (requested -> active):
  custom:video-decoder-ogg-theora: a1e56fd34408186e4bbccfd4996cb3dc -> 
  custom:container-muxer-webm: aa71ff27fc2769a1b78a27578f13a17b -> 
  custom:container-demuxer-webm: 4f35f7cbe854078d1ac9338744f61a02 -> 
  custom:video-encoder-webm-vp8: eb34c28f22e8b96e1ab97ce403110664 -> 
  custom:audio-encoder-webm-vorbis: bf7c407c2cedff20999df2af8eb42d56 -> 
  custom:framework-win-MediaFoundation: 216162199b28c13a410421893ffa2e32 -> 
  custom:container-demuxer-ogg: 62fdf1f143b41e24485cea50d1cbac27 -> 
  custom:video-decoder-webm-vp8: 9c59270c3fd7afecdb556c50c9e8de78 -> 
  custom:audio-decoder-ogg-vorbis: bf7c407c2cedff20999df2af8eb42d56 -> 
========================================================================
Received Prepare
Registering precompiled user dll's ...
Registered in 0.007443 seconds.
Begin MonoManager ReloadAssembly
Symbol file LoadedFromMemory doesn't match image C:\Users\pelki\Unity\EGS Game Jam 2022\Library\PackageCache\com.unity.visualscripting@1.7.6\Editor\VisualScripting.Core\Dependencies\YamlDotNet\Unity.VisualScripting.YamlDotNet.dll
Symbol file LoadedFromMemory doesn't match image C:\Users\pelki\Unity\EGS Game Jam 2022\Library\PackageCache\com.unity.visualscripting@1.7.6\Editor\VisualScripting.Core\Dependencies\DotNetZip\Unity.VisualScripting.IonicZip.dll
Native extension for WindowsStandalone target not found
Native extension for WebGL target not found
Refreshing native plugins compatible for Editor in 0.98 ms, found 3 plugins.
Preloading 0 native plugins for Editor in 0.00 ms.
Mono: successfully reloaded assembly
- Completed reload, in  1.260 seconds
Domain Reload Profiling:
	ReloadAssembly (1260ms)
		BeginReloadAssembly (132ms)
			ExecutionOrderSort (0ms)
			DisableScriptedObjects (7ms)
			BackupInstance (0ms)
			ReleaseScriptingObjects (0ms)
			CreateAndSetChildDomain (37ms)
		EndReloadAssembly (1034ms)
			LoadAssemblies (81ms)
			RebuildTransferFunctionScriptingTraits (0ms)
			SetupTypeCache (316ms)
			ReleaseScriptCaches (2ms)
			RebuildScriptCaches (46ms)
			SetupLoadedEditorAssemblies (546ms)
				LogAssemblyErrors (0ms)
				InitializePlatformSupportModulesInManaged (15ms)
				SetLoadedEditorAssemblies (0ms)
				RefreshPlugins (1ms)
				BeforeProcessingInitializeOnLoad (90ms)
				ProcessInitializeOnLoadAttributes (349ms)
				ProcessInitializeOnLoadMethodAttributes (81ms)
				AfterProcessingInitializeOnLoad (9ms)
				EditorAssembliesLoaded (0ms)
			ExecutionOrderSort2 (0ms)
			AwakeInstancesAfterBackupRestoration (8ms)
Platform modules already initialized, skipping
Refreshing native plugins compatible for Editor in 0.86 ms, found 3 plugins.
Preloading 0 native plugins for Editor in 0.00 ms.
Unloading 4959 Unused Serialized files (Serialized files now loaded: 0)
Unloading 29 unused Assets / (0.7 MB). Loaded Objects now: 5541.
Memory consumption went from 192.2 MB to 191.5 MB.
Total: 4.463700 ms (FindLiveObjects: 0.593700 ms CreateObjectMapping: 0.378400 ms MarkObjects: 3.093500 ms  DeleteObjects: 0.397300 ms)

AssetImportParameters requested are different than current active one (requested -> active):
  custom:video-decoder-ogg-theora: a1e56fd34408186e4bbccfd4996cb3dc -> 
  custom:container-muxer-webm: aa71ff27fc2769a1b78a27578f13a17b -> 
  custom:container-demuxer-webm: 4f35f7cbe854078d1ac9338744f61a02 -> 
  custom:video-encoder-webm-vp8: eb34c28f22e8b96e1ab97ce403110664 -> 
  custom:audio-encoder-webm-vorbis: bf7c407c2cedff20999df2af8eb42d56 -> 
  custom:framework-win-MediaFoundation: 216162199b28c13a410421893ffa2e32 -> 
  custom:container-demuxer-ogg: 62fdf1f143b41e24485cea50d1cbac27 -> 
  custom:video-decoder-webm-vp8: 9c59270c3fd7afecdb556c50c9e8de78 -> 
  custom:audio-decoder-ogg-vorbis: bf7c407c2cedff20999df2af8eb42d56 -> 
========================================================================
Received Prepare
Registering precompiled user dll's ...
Registered in 0.007816 seconds.
Begin MonoManager ReloadAssembly
Symbol file LoadedFromMemory doesn't match image C:\Users\pelki\Unity\EGS Game Jam 2022\Library\PackageCache\com.unity.visualscripting@1.7.6\Editor\VisualScripting.Core\Dependencies\YamlDotNet\Unity.VisualScripting.YamlDotNet.dll
Symbol file LoadedFromMemory doesn't match image C:\Users\pelki\Unity\EGS Game Jam 2022\Library\PackageCache\com.unity.visualscripting@1.7.6\Editor\VisualScripting.Core\Dependencies\DotNetZip\Unity.VisualScripting.IonicZip.dll
Native extension for WindowsStandalone target not found
Native extension for WebGL target not found
Refreshing native plugins compatible for Editor in 0.94 ms, found 3 plugins.
Preloading 0 native plugins for Editor in 0.00 ms.
Mono: successfully reloaded assembly
- Completed reload, in  1.221 seconds
Domain Reload Profiling:
	ReloadAssembly (1221ms)
		BeginReloadAssembly (142ms)
			ExecutionOrderSort (0ms)
			DisableScriptedObjects (7ms)
			BackupInstance (0ms)
			ReleaseScriptingObjects (0ms)
			CreateAndSetChildDomain (38ms)
		EndReloadAssembly (987ms)
			LoadAssemblies (79ms)
			RebuildTransferFunctionScriptingTraits (0ms)
			SetupTypeCache (305ms)
			ReleaseScriptCaches (2ms)
			RebuildScriptCaches (49ms)
			SetupLoadedEditorAssemblies (507ms)
				LogAssemblyErrors (0ms)
				InitializePlatformSupportModulesInManaged (14ms)
				SetLoadedEditorAssemblies (0ms)
				RefreshPlugins (1ms)
				BeforeProcessingInitializeOnLoad (84ms)
				ProcessInitializeOnLoadAttributes (334ms)
				ProcessInitializeOnLoadMethodAttributes (66ms)
				AfterProcessingInitializeOnLoad (7ms)
				EditorAssembliesLoaded (0ms)
			ExecutionOrderSort2 (0ms)
			AwakeInstancesAfterBackupRestoration (7ms)
Platform modules already initialized, skipping
Refreshing native plugins compatible for Editor in 0.88 ms, found 3 plugins.
Preloading 0 native plugins for Editor in 0.00 ms.
Unloading 4959 Unused Serialized files (Serialized files now loaded: 0)
Unloading 29 unused Assets / (0.7 MB). Loaded Objects now: 5543.
Memory consumption went from 192.2 MB to 191.5 MB.
Total: 4.467100 ms (FindLiveObjects: 0.492700 ms CreateObjectMapping: 0.454200 ms MarkObjects: 3.237200 ms  DeleteObjects: 0.282000 ms)

AssetImportParameters requested are different than current active one (requested -> active):
  custom:video-decoder-ogg-theora: a1e56fd34408186e4bbccfd4996cb3dc -> 
  custom:container-muxer-webm: aa71ff27fc2769a1b78a27578f13a17b -> 
  custom:container-demuxer-webm: 4f35f7cbe854078d1ac9338744f61a02 -> 
  custom:video-encoder-webm-vp8: eb34c28f22e8b96e1ab97ce403110664 -> 
  custom:audio-encoder-webm-vorbis: bf7c407c2cedff20999df2af8eb42d56 -> 
  custom:framework-win-MediaFoundation: 216162199b28c13a410421893ffa2e32 -> 
  custom:container-demuxer-ogg: 62fdf1f143b41e24485cea50d1cbac27 -> 
  custom:video-decoder-webm-vp8: 9c59270c3fd7afecdb556c50c9e8de78 -> 
  custom:audio-decoder-ogg-vorbis: bf7c407c2cedff20999df2af8eb42d56 -> 
========================================================================
Received Prepare
Registering precompiled user dll's ...
Registered in 0.012293 seconds.
Begin MonoManager ReloadAssembly
Symbol file LoadedFromMemory doesn't match image C:\Users\pelki\Unity\EGS Game Jam 2022\Library\PackageCache\com.unity.visualscripting@1.7.6\Editor\VisualScripting.Core\Dependencies\YamlDotNet\Unity.VisualScripting.YamlDotNet.dll
Symbol file LoadedFromMemory doesn't match image C:\Users\pelki\Unity\EGS Game Jam 2022\Library\PackageCache\com.unity.visualscripting@1.7.6\Editor\VisualScripting.Core\Dependencies\DotNetZip\Unity.VisualScripting.IonicZip.dll
Native extension for WindowsStandalone target not found
Native extension for WebGL target not found
Refreshing native plugins compatible for Editor in 1.16 ms, found 3 plugins.
Preloading 0 native plugins for Editor in 0.00 ms.
Mono: successfully reloaded assembly
- Completed reload, in  1.260 seconds
Domain Reload Profiling:
	ReloadAssembly (1260ms)
		BeginReloadAssembly (144ms)
			ExecutionOrderSort (0ms)
			DisableScriptedObjects (7ms)
			BackupInstance (0ms)
			ReleaseScriptingObjects (0ms)
			CreateAndSetChildDomain (42ms)
		EndReloadAssembly (1014ms)
			LoadAssemblies (83ms)
			RebuildTransferFunctionScriptingTraits (0ms)
			SetupTypeCache (315ms)
			ReleaseScriptCaches (2ms)
			RebuildScriptCaches (49ms)
			SetupLoadedEditorAssemblies (516ms)
				LogAssemblyErrors (0ms)
				InitializePlatformSupportModulesInManaged (16ms)
				SetLoadedEditorAssemblies (0ms)
				RefreshPlugins (1ms)
				BeforeProcessingInitializeOnLoad (88ms)
				ProcessInitializeOnLoadAttributes (335ms)
				ProcessInitializeOnLoadMethodAttributes (68ms)
				AfterProcessingInitializeOnLoad (7ms)
				EditorAssembliesLoaded (0ms)
			ExecutionOrderSort2 (0ms)
			AwakeInstancesAfterBackupRestoration (7ms)
Platform modules already initialized, skipping
Refreshing native plugins compatible for Editor in 0.86 ms, found 3 plugins.
Preloading 0 native plugins for Editor in 0.00 ms.
Unloading 4959 Unused Serialized files (Serialized files now loaded: 0)
Unloading 29 unused Assets / (0.7 MB). Loaded Objects now: 5545.
Memory consumption went from 192.2 MB to 191.5 MB.
Total: 3.557600 ms (FindLiveObjects: 0.410300 ms CreateObjectMapping: 0.396200 ms MarkObjects: 2.471200 ms  DeleteObjects: 0.279100 ms)

AssetImportParameters requested are different than current active one (requested -> active):
  custom:video-decoder-ogg-theora: a1e56fd34408186e4bbccfd4996cb3dc -> 
  custom:container-muxer-webm: aa71ff27fc2769a1b78a27578f13a17b -> 
  custom:container-demuxer-webm: 4f35f7cbe854078d1ac9338744f61a02 -> 
  custom:video-encoder-webm-vp8: eb34c28f22e8b96e1ab97ce403110664 -> 
  custom:audio-encoder-webm-vorbis: bf7c407c2cedff20999df2af8eb42d56 -> 
  custom:framework-win-MediaFoundation: 216162199b28c13a410421893ffa2e32 -> 
  custom:container-demuxer-ogg: 62fdf1f143b41e24485cea50d1cbac27 -> 
  custom:video-decoder-webm-vp8: 9c59270c3fd7afecdb556c50c9e8de78 -> 
  custom:audio-decoder-ogg-vorbis: bf7c407c2cedff20999df2af8eb42d56 -> 
========================================================================
Received Import Request.
  Time since last request: 2188366.022469 seconds.
  path: Assets/PolygonCity/Prefabs/Props/SM_Prop_LightPole_CrossLights_01.prefab
  artifactKey: Guid(de28d3c05ec6bbd4c8b527fa38906983) Importer(815301076,1909f56bfc062723c751e8b465ee728b)
Start importing Assets/PolygonCity/Prefabs/Props/SM_Prop_LightPole_CrossLights_01.prefab using Guid(de28d3c05ec6bbd4c8b527fa38906983) Importer(815301076,1909f56bfc062723c751e8b465ee728b)  -> (artifact id: '13216130c8f18134803052825402fa62') in 0.275110 seconds 
========================================================================
Received Import Request.
  Time since last request: 0.000024 seconds.
  path: Assets/PolygonCity/Prefabs/Props/SM_Prop_Newspaper_02.prefab
  artifactKey: Guid(fbd2941af06c48e4cbb32be48b18d045) Importer(815301076,1909f56bfc062723c751e8b465ee728b)
Start importing Assets/PolygonCity/Prefabs/Props/SM_Prop_Newspaper_02.prefab using Guid(fbd2941af06c48e4cbb32be48b18d045) Importer(815301076,1909f56bfc062723c751e8b465ee728b)  -> (artifact id: '9af1d23172da8b50a1fbd23af33e4ed2') in 0.025386 seconds 
========================================================================
Received Import Request.
  Time since last request: 0.000036 seconds.
  path: Assets/PolygonCity/Prefabs/Props/SM_Prop_PicnicTable_01.prefab
  artifactKey: Guid(41513fd395dbe4942ae6a147484bc996) Importer(815301076,1909f56bfc062723c751e8b465ee728b)
Start importing Assets/PolygonCity/Prefabs/Props/SM_Prop_PicnicTable_01.prefab using Guid(41513fd395dbe4942ae6a147484bc996) Importer(815301076,1909f56bfc062723c751e8b465ee728b)  -> (artifact id: '78c383d0aca92675918c95279da7c474') in 0.015983 seconds 
========================================================================
Received Import Request.
  Time since last request: 0.000029 seconds.
  path: Assets/PolygonCity/Prefabs/Props/SM_Prop_Paper_01.prefab
  artifactKey: Guid(9e7b9a5d5dab450459315a75ec16fa02) Importer(815301076,1909f56bfc062723c751e8b465ee728b)
Start importing Assets/PolygonCity/Prefabs/Props/SM_Prop_Paper_01.prefab using Guid(9e7b9a5d5dab450459315a75ec16fa02) Importer(815301076,1909f56bfc062723c751e8b465ee728b)  -> (artifact id: 'caa793e9b182cb8ae798160aca0f8ae9') in 0.021588 seconds 
========================================================================
Received Import Request.
  Time since last request: 0.000020 seconds.
  path: Assets/PolygonCity/Prefabs/Props/SM_Prop_LightPole_Lights_02.prefab
  artifactKey: Guid(6702d719a0fd01142ab7529f2a36d350) Importer(815301076,1909f56bfc062723c751e8b465ee728b)
Start importing Assets/PolygonCity/Prefabs/Props/SM_Prop_LightPole_Lights_02.prefab using Guid(6702d719a0fd01142ab7529f2a36d350) Importer(815301076,1909f56bfc062723c751e8b465ee728b)  -> (artifact id: '470b70945422f4248e83d0d6cdf814b9') in 0.016745 seconds 
========================================================================
Received Import Request.
  Time since last request: 0.000026 seconds.
  path: Assets/PolygonCity/Prefabs/Props/SM_Prop_LightPole_Lights_01.prefab
  artifactKey: Guid(13026bf5e083f114ba55f67e99392514) Importer(815301076,1909f56bfc062723c751e8b465ee728b)
Start importing Assets/PolygonCity/Prefabs/Props/SM_Prop_LightPole_Lights_01.prefab using Guid(13026bf5e083f114ba55f67e99392514) Importer(815301076,1909f56bfc062723c751e8b465ee728b)  -> (artifact id: '17d944209deef6063ff335daf0113b75') in 0.023141 seconds 
========================================================================
Received Import Request.
  Time since last request: 0.000040 seconds.
  path: Assets/PolygonCity/Prefabs/Props/SM_Prop_Pipe_Part_Connect_01.prefab
  artifactKey: Guid(b0a54232ae05a044dba83bfeab0610a6) Importer(815301076,1909f56bfc062723c751e8b465ee728b)
Start importing Assets/PolygonCity/Prefabs/Props/SM_Prop_Pipe_Part_Connect_01.prefab using Guid(b0a54232ae05a044dba83bfeab0610a6) Importer(815301076,1909f56bfc062723c751e8b465ee728b)  -> (artifact id: 'ba9225fcf247d9f6d05d7ee30949a49e') in 0.017483 seconds 
========================================================================
Received Import Request.
  Time since last request: 0.000021 seconds.
  path: Assets/PolygonCity/Prefabs/Props/SM_Prop_Pipe_Part_Straight_01.prefab
  artifactKey: Guid(42e94ce5732df054f8a422b0b283aef8) Importer(815301076,1909f56bfc062723c751e8b465ee728b)
Start importing Assets/PolygonCity/Prefabs/Props/SM_Prop_Pipe_Part_Straight_01.prefab using Guid(42e94ce5732df054f8a422b0b283aef8) Importer(815301076,1909f56bfc062723c751e8b465ee728b)  -> (artifact id: 'b4158a04e6d8f987e9913d2bec60f266') in 0.016753 seconds 
========================================================================
Received Import Request.
  Time since last request: 0.000021 seconds.
  path: Assets/PolygonCity/Prefabs/Props/SM_Prop_Paper_05.prefab
  artifactKey: Guid(bbe271edc5b4fd04589440e05e4a0ff8) Importer(815301076,1909f56bfc062723c751e8b465ee728b)
Start importing Assets/PolygonCity/Prefabs/Props/SM_Prop_Paper_05.prefab using Guid(bbe271edc5b4fd04589440e05e4a0ff8) Importer(815301076,1909f56bfc062723c751e8b465ee728b)  -> (artifact id: '5550ca1113364c25af87aadc17bfd7c9') in 0.023930 seconds 
========================================================================
Received Import Request.
  Time since last request: 0.000020 seconds.
  path: Assets/PolygonCity/Prefabs/Props/SM_Prop_Paper_03.prefab
  artifactKey: Guid(97d18204e4538e64f9bdf47d8db7c5e5) Importer(815301076,1909f56bfc062723c751e8b465ee728b)
Start importing Assets/PolygonCity/Prefabs/Props/SM_Prop_Paper_03.prefab using Guid(97d18204e4538e64f9bdf47d8db7c5e5) Importer(815301076,1909f56bfc062723c751e8b465ee728b)  -> (artifact id: '45a337727870740f4df067326626c352') in 0.017045 seconds 
========================================================================
Received Import Request.
  Time since last request: 0.000022 seconds.
  path: Assets/PolygonCity/Prefabs/Props/SM_Prop_ParkBench_01.prefab
  artifactKey: Guid(29c6f824a8087b549a0a0b68c7810a06) Importer(815301076,1909f56bfc062723c751e8b465ee728b)
Start importing Assets/PolygonCity/Prefabs/Props/SM_Prop_ParkBench_01.prefab using Guid(29c6f824a8087b549a0a0b68c7810a06) Importer(815301076,1909f56bfc062723c751e8b465ee728b)  -> (artifact id: 'b4f3b2408eabdeafb4239d6e1446ad9e') in 0.016255 seconds 
========================================================================
Received Import Request.
  Time since last request: 0.242649 seconds.
  path: Assets/PolygonCity/Prefabs/Props/SM_Prop_Pipe_Preset_02.prefab
  artifactKey: Guid(b27d14e37eec12a46a31852986a1fd84) Importer(815301076,1909f56bfc062723c751e8b465ee728b)
Start importing Assets/PolygonCity/Prefabs/Props/SM_Prop_Pipe_Preset_02.prefab using Guid(b27d14e37eec12a46a31852986a1fd84) Importer(815301076,1909f56bfc062723c751e8b465ee728b)  -> (artifact id: 'e1c4f9a5812240278cb03ec212fd2616') in 0.028937 seconds 
========================================================================
Received Import Request.
  Time since last request: 0.000098 seconds.
  path: Assets/PolygonCity/Prefabs/Props/SM_Prop_Pipe_Preset_03.prefab
  artifactKey: Guid(95e6ac9cb6c498d4fb94b42d4800fd9f) Importer(815301076,1909f56bfc062723c751e8b465ee728b)
Start importing Assets/PolygonCity/Prefabs/Props/SM_Prop_Pipe_Preset_03.prefab using Guid(95e6ac9cb6c498d4fb94b42d4800fd9f) Importer(815301076,1909f56bfc062723c751e8b465ee728b)  -> (artifact id: '0d177119843e076b5302698fd60fdc55') in 0.022055 seconds 
========================================================================
Received Import Request.
  Time since last request: 0.000024 seconds.
  path: Assets/PolygonCity/Prefabs/Props/SM_Prop_PlanterWindow_01.prefab
  artifactKey: Guid(16dd2e2d30bf97a4282b745980e24bd8) Importer(815301076,1909f56bfc062723c751e8b465ee728b)
Start importing Assets/PolygonCity/Prefabs/Props/SM_Prop_PlanterWindow_01.prefab using Guid(16dd2e2d30bf97a4282b745980e24bd8) Importer(815301076,1909f56bfc062723c751e8b465ee728b)  -> (artifact id: '36d35c0cbb349ac43d3d0d91f297a3f0') in 0.019989 seconds 
========================================================================
Received Import Request.
  Time since last request: 0.000033 seconds.
  path: Assets/PolygonCity/Prefabs/Props/SM_Prop_Pipe_Small_02.prefab
  artifactKey: Guid(6b111b417178e844b8625eaff49aa98d) Importer(815301076,1909f56bfc062723c751e8b465ee728b)
Start importing Assets/PolygonCity/Prefabs/Props/SM_Prop_Pipe_Small_02.prefab using Guid(6b111b417178e844b8625eaff49aa98d) Importer(815301076,1909f56bfc062723c751e8b465ee728b)  -> (artifact id: 'b69fe67f08fe377d43cc2a07273847fa') in 0.024102 seconds 
========================================================================
Received Import Request.
  Time since last request: 0.000095 seconds.
  path: Assets/PolygonCity/Prefabs/Props/SM_Prop_Planter_01.prefab
  artifactKey: Guid(79d39b0d041480b479fb5cc05284aa87) Importer(815301076,1909f56bfc062723c751e8b465ee728b)
Start importing Assets/PolygonCity/Prefabs/Props/SM_Prop_Planter_01.prefab using Guid(79d39b0d041480b479fb5cc05284aa87) Importer(815301076,1909f56bfc062723c751e8b465ee728b)  -> (artifact id: '2bf1ee73cde33de469f502f987f4974a') in 0.023133 seconds 
========================================================================
Received Import Request.
  Time since last request: 15.067521 seconds.
  path: Assets/PolygonCity/Prefabs/Props/SM_Prop_Skylight_01.prefab
  artifactKey: Guid(340c857ab70b5be4abab55cba8788069) Importer(815301076,1909f56bfc062723c751e8b465ee728b)
Start importing Assets/PolygonCity/Prefabs/Props/SM_Prop_Skylight_01.prefab using Guid(340c857ab70b5be4abab55cba8788069) Importer(815301076,1909f56bfc062723c751e8b465ee728b)  -> (artifact id: '894581d99e98c6dbbacaeb239594352c') in 0.036117 seconds 
========================================================================
Received Import Request.
  Time since last request: 0.000125 seconds.
  path: Assets/PolygonCity/Prefabs/Props/SM_Prop_Window_01.prefab
  artifactKey: Guid(dbda624de6be8fc4391bb7008161cce8) Importer(815301076,1909f56bfc062723c751e8b465ee728b)
Start importing Assets/PolygonCity/Prefabs/Props/SM_Prop_Window_01.prefab using Guid(dbda624de6be8fc4391bb7008161cce8) Importer(815301076,1909f56bfc062723c751e8b465ee728b)  -> (artifact id: '7f4da7bde988aa1e89271cfe810f93e6') in 0.029699 seconds 
========================================================================
Received Import Request.
  Time since last request: 0.000087 seconds.
  path: Assets/PolygonCity/Prefabs/Props/SM_Prop_Washingline_01.prefab
  artifactKey: Guid(e51407a0809d1584ba21208f0acb453f) Importer(815301076,1909f56bfc062723c751e8b465ee728b)
Start importing Assets/PolygonCity/Prefabs/Props/SM_Prop_Washingline_01.prefab using Guid(e51407a0809d1584ba21208f0acb453f) Importer(815301076,1909f56bfc062723c751e8b465ee728b)  -> (artifact id: 'd039e3bd6cbdc7d4cf157759df203ef9') in 0.034805 seconds 
========================================================================
Received Import Request.
  Time since last request: 0.000029 seconds.
  path: Assets/PolygonCity/Prefabs/Props/SM_Prop_Table_02.prefab
  artifactKey: Guid(24785933d7ceaad4a800f09511c371db) Importer(815301076,1909f56bfc062723c751e8b465ee728b)
Start importing Assets/PolygonCity/Prefabs/Props/SM_Prop_Table_02.prefab using Guid(24785933d7ceaad4a800f09511c371db) Importer(815301076,1909f56bfc062723c751e8b465ee728b)  -> (artifact id: '1d0da52293a0178e02558d090663f4d4') in 0.022589 seconds 
========================================================================
Received Import Request.
  Time since last request: 0.000034 seconds.
  path: Assets/PolygonCity/Prefabs/Props/SM_Prop_TrashBag_02.prefab
  artifactKey: Guid(70a4fe26c99cdd645b53ab796679e200) Importer(815301076,1909f56bfc062723c751e8b465ee728b)
Start importing Assets/PolygonCity/Prefabs/Props/SM_Prop_TrashBag_02.prefab using Guid(70a4fe26c99cdd645b53ab796679e200) Importer(815301076,1909f56bfc062723c751e8b465ee728b)  -> (artifact id: '1751e922f9cde28e21ccb5bbe8e47cc1') in 0.022504 seconds 
========================================================================
Received Import Request.
  Time since last request: 0.000028 seconds.
  path: Assets/PolygonCity/Prefabs/Props/SM_Prop_Pipe_Small_01.prefab
  artifactKey: Guid(4af8e3852964a684f83e8632aa1b0201) Importer(815301076,1909f56bfc062723c751e8b465ee728b)
Start importing Assets/PolygonCity/Prefabs/Props/SM_Prop_Pipe_Small_01.prefab using Guid(4af8e3852964a684f83e8632aa1b0201) Importer(815301076,1909f56bfc062723c751e8b465ee728b)  -> (artifact id: 'eee051df67eb7bf31abd3acbca388130') in 0.021955 seconds 
========================================================================
Received Import Request.
  Time since last request: 0.000047 seconds.
  path: Assets/PolygonCity/Prefabs/Props/SM_Prop_TrafficLight_01.prefab
  artifactKey: Guid(c1189d98428018e4eb7e4ebed0c78ddc) Importer(815301076,1909f56bfc062723c751e8b465ee728b)
Start importing Assets/PolygonCity/Prefabs/Props/SM_Prop_TrafficLight_01.prefab using Guid(c1189d98428018e4eb7e4ebed0c78ddc) Importer(815301076,1909f56bfc062723c751e8b465ee728b)  -> (artifact id: '588cd76cb5dfb11c73d18525d54a9510') in 0.024542 seconds 
========================================================================
Received Import Request.
  Time since last request: 0.000025 seconds.
  path: Assets/PolygonCity/Prefabs/Props/SM_Prop_Umbrella_01.prefab
  artifactKey: Guid(c70ae4ae0fa26e843855bb2f4d3e43fb) Importer(815301076,1909f56bfc062723c751e8b465ee728b)
Start importing Assets/PolygonCity/Prefabs/Props/SM_Prop_Umbrella_01.prefab using Guid(c70ae4ae0fa26e843855bb2f4d3e43fb) Importer(815301076,1909f56bfc062723c751e8b465ee728b)  -> (artifact id: '832c21b14801d8c81bfb958b5f368941') in 0.020679 seconds 
========================================================================
Received Import Request.
  Time since last request: 0.000039 seconds.
  path: Assets/PolygonCity/Prefabs/Props/SM_Prop_Vents_Exhaust_01.prefab
  artifactKey: Guid(e43280ef66994c74f925cf8a64e966ed) Importer(815301076,1909f56bfc062723c751e8b465ee728b)
Start importing Assets/PolygonCity/Prefabs/Props/SM_Prop_Vents_Exhaust_01.prefab using Guid(e43280ef66994c74f925cf8a64e966ed) Importer(815301076,1909f56bfc062723c751e8b465ee728b)  -> (artifact id: 'c2d9ea6c546cd8ae6d7f5cb4f3749d56') in 0.024834 seconds 
========================================================================
Received Import Request.
  Time since last request: 0.000032 seconds.
  path: Assets/PolygonCity/Prefabs/Props/SM_Prop_TrashBag_03.prefab
  artifactKey: Guid(5b20f7f96ea80dc4cbd7199fbb4d4d3e) Importer(815301076,1909f56bfc062723c751e8b465ee728b)
Start importing Assets/PolygonCity/Prefabs/Props/SM_Prop_TrashBag_03.prefab using Guid(5b20f7f96ea80dc4cbd7199fbb4d4d3e) Importer(815301076,1909f56bfc062723c751e8b465ee728b)  -> (artifact id: 'a83a9be85e2984f0382781e66b3f71b3') in 0.021471 seconds 
========================================================================
Received Import Request.
  Time since last request: 0.000028 seconds.
  path: Assets/PolygonCity/Prefabs/Props/SM_Prop_Trashbin_01.prefab
  artifactKey: Guid(008c6febfb8d88a4496fe51f2a2d409a) Importer(815301076,1909f56bfc062723c751e8b465ee728b)
Start importing Assets/PolygonCity/Prefabs/Props/SM_Prop_Trashbin_01.prefab using Guid(008c6febfb8d88a4496fe51f2a2d409a) Importer(815301076,1909f56bfc062723c751e8b465ee728b)  -> (artifact id: '01b81b86b4c5810dcdb9cdbd932741db') in 0.018091 seconds 
========================================================================
Received Import Request.
  Time since last request: 0.000037 seconds.
  path: Assets/PolygonCity/Prefabs/Props/SM_Prop_TrashCan_Lid_01.prefab
  artifactKey: Guid(34805116d018a9f4899f8ec1bb2948b3) Importer(815301076,1909f56bfc062723c751e8b465ee728b)
Start importing Assets/PolygonCity/Prefabs/Props/SM_Prop_TrashCan_Lid_01.prefab using Guid(34805116d018a9f4899f8ec1bb2948b3) Importer(815301076,1909f56bfc062723c751e8b465ee728b)  -> (artifact id: 'fa668a8236723e9a8b12f4fdbe482175') in 0.022985 seconds 
========================================================================
Received Import Request.
  Time since last request: 0.000034 seconds.
  path: Assets/PolygonCity/Prefabs/Props/SM_Prop_TrafficLight_03.prefab
  artifactKey: Guid(f535db8b221d73a4abbe7062e1624a15) Importer(815301076,1909f56bfc062723c751e8b465ee728b)
Start importing Assets/PolygonCity/Prefabs/Props/SM_Prop_TrafficLight_03.prefab using Guid(f535db8b221d73a4abbe7062e1624a15) Importer(815301076,1909f56bfc062723c751e8b465ee728b)  -> (artifact id: 'b51afc9108aee3a626e61fceac0651d2') in 0.020161 seconds 
========================================================================
Received Import Request.
  Time since last request: 3.397305 seconds.
  path: Assets/PolygonCity/Prefabs/Props/SM_Prop_Sign_Hotel_01.prefab
  artifactKey: Guid(15dc232cd3fb7284497126cd68dc7ba7) Importer(815301076,1909f56bfc062723c751e8b465ee728b)
Start importing Assets/PolygonCity/Prefabs/Props/SM_Prop_Sign_Hotel_01.prefab using Guid(15dc232cd3fb7284497126cd68dc7ba7) Importer(815301076,1909f56bfc062723c751e8b465ee728b)  -> (artifact id: '539b455e0c5d60159567f3bb66a8eebd') in 0.024939 seconds 
========================================================================
Received Import Request.
  Time since last request: 0.000020 seconds.
  path: Assets/PolygonCity/Prefabs/Props/SM_Prop_Skip_01.prefab
  artifactKey: Guid(7a686972998735e4e8e9cedda7f0bc43) Importer(815301076,1909f56bfc062723c751e8b465ee728b)
Start importing Assets/PolygonCity/Prefabs/Props/SM_Prop_Skip_01.prefab using Guid(7a686972998735e4e8e9cedda7f0bc43) Importer(815301076,1909f56bfc062723c751e8b465ee728b)  -> (artifact id: '749353f6362f7553ec8ad8c6da15fd3f') in 0.022281 seconds 
========================================================================
Received Import Request.
  Time since last request: 0.000022 seconds.
  path: Assets/PolygonCity/Prefabs/Props/SM_Prop_Sign_Police_01.prefab
  artifactKey: Guid(fcaf22b5c144e454493120cd8c59fc81) Importer(815301076,1909f56bfc062723c751e8b465ee728b)
Start importing Assets/PolygonCity/Prefabs/Props/SM_Prop_Sign_Police_01.prefab using Guid(fcaf22b5c144e454493120cd8c59fc81) Importer(815301076,1909f56bfc062723c751e8b465ee728b)  -> (artifact id: '8cf231dff4ce08a2b68cd04844629060') in 0.025651 seconds 
========================================================================
Received Import Request.
  Time since last request: 0.000025 seconds.
  path: Assets/PolygonCity/Prefabs/Props/SM_Prop_Sign_Pub_01.prefab
  artifactKey: Guid(befbabd051a2d564bb1e92979527769a) Importer(815301076,1909f56bfc062723c751e8b465ee728b)
Start importing Assets/PolygonCity/Prefabs/Props/SM_Prop_Sign_Pub_01.prefab using Guid(befbabd051a2d564bb1e92979527769a) Importer(815301076,1909f56bfc062723c751e8b465ee728b)  -> (artifact id: '6c2111f0b5fd6cbb4ab6e5794962b4b3') in 0.020396 seconds 
========================================================================
Received Import Request.
  Time since last request: 0.120064 seconds.
  path: Assets/PolygonCity/Prefabs/Props/SM_Prop_Sign_Bar_01.prefab
  artifactKey: Guid(c2b57946a64eef848846606d4c0755a4) Importer(815301076,1909f56bfc062723c751e8b465ee728b)
Start importing Assets/PolygonCity/Prefabs/Props/SM_Prop_Sign_Bar_01.prefab using Guid(c2b57946a64eef848846606d4c0755a4) Importer(815301076,1909f56bfc062723c751e8b465ee728b)  -> (artifact id: '4dce32d54301b011cf3ae4c7c1bdb9a2') in 0.040538 seconds 
========================================================================
Received Import Request.
  Time since last request: 0.000033 seconds.
  path: Assets/PolygonCity/Prefabs/Props/SM_Prop_SatDish_01.prefab
  artifactKey: Guid(7518e6d86c572544cb2f51453141465f) Importer(815301076,1909f56bfc062723c751e8b465ee728b)
Start importing Assets/PolygonCity/Prefabs/Props/SM_Prop_SatDish_01.prefab using Guid(7518e6d86c572544cb2f51453141465f) Importer(815301076,1909f56bfc062723c751e8b465ee728b)  -> (artifact id: 'c94e06e4aee3808379a8c3ba9aa20156') in 0.022926 seconds 
========================================================================
Received Import Request.
  Time since last request: 0.000028 seconds.
  path: Assets/PolygonCity/Prefabs/Props/SM_Prop_ShopInterior_Chair_01.prefab
  artifactKey: Guid(f710382517201604d939dd1e30c50b66) Importer(815301076,1909f56bfc062723c751e8b465ee728b)
Start importing Assets/PolygonCity/Prefabs/Props/SM_Prop_ShopInterior_Chair_01.prefab using Guid(f710382517201604d939dd1e30c50b66) Importer(815301076,1909f56bfc062723c751e8b465ee728b)  -> (artifact id: '44159715bfa096e7f699342c5d5dc329') in 0.022830 seconds 
========================================================================
Received Import Request.
  Time since last request: 0.000030 seconds.
  path: Assets/PolygonCity/Prefabs/Props/SM_Prop_Sign_GiveWay_01.prefab
  artifactKey: Guid(4170b399e985d6549a784678829905ad) Importer(815301076,1909f56bfc062723c751e8b465ee728b)
Start importing Assets/PolygonCity/Prefabs/Props/SM_Prop_Sign_GiveWay_01.prefab using Guid(4170b399e985d6549a784678829905ad) Importer(815301076,1909f56bfc062723c751e8b465ee728b)  -> (artifact id: '6794140f01cf01af988b50140792e465') in 0.022175 seconds 
========================================================================
Received Import Request.
  Time since last request: 0.000027 seconds.
  path: Assets/PolygonCity/Prefabs/Props/SM_Prop_SecurityCamera_01.prefab
  artifactKey: Guid(804b4d4621262c6449916edf7614a719) Importer(815301076,1909f56bfc062723c751e8b465ee728b)
Start importing Assets/PolygonCity/Prefabs/Props/SM_Prop_SecurityCamera_01.prefab using Guid(804b4d4621262c6449916edf7614a719) Importer(815301076,1909f56bfc062723c751e8b465ee728b)  -> (artifact id: '08433314bebca4ada150d6989d2638b5') in 0.026963 seconds 
========================================================================
Received Import Request.
  Time since last request: 0.000065 seconds.
  path: Assets/PolygonCity/Prefabs/Props/SM_Prop_Power_Cables_02.prefab
  artifactKey: Guid(f69604eecda904142aab21237cc5c4f0) Importer(815301076,1909f56bfc062723c751e8b465ee728b)
Start importing Assets/PolygonCity/Prefabs/Props/SM_Prop_Power_Cables_02.prefab using Guid(f69604eecda904142aab21237cc5c4f0) Importer(815301076,1909f56bfc062723c751e8b465ee728b)  -> (artifact id: '64f5f49ee57b5c0c5c09684668e9d22b') in 0.021872 seconds 
========================================================================
Received Import Request.
  Time since last request: 0.000035 seconds.
  path: Assets/PolygonCity/Prefabs/Props/SM_Prop_SidewalkPoles_02.prefab
  artifactKey: Guid(e6ccfb8197490404a970f0ff1b00c564) Importer(815301076,1909f56bfc062723c751e8b465ee728b)
Start importing Assets/PolygonCity/Prefabs/Props/SM_Prop_SidewalkPoles_02.prefab using Guid(e6ccfb8197490404a970f0ff1b00c564) Importer(815301076,1909f56bfc062723c751e8b465ee728b)  -> (artifact id: '12005b04e9bb0307f4cb90d5d45427ec') in 0.019802 seconds 
========================================================================
Received Import Request.
  Time since last request: 0.000025 seconds.
  path: Assets/PolygonCity/Prefabs/Props/SM_Prop_Poster_Frame_01.prefab
  artifactKey: Guid(675b73d883444064fb48c1dd46a03c44) Importer(815301076,1909f56bfc062723c751e8b465ee728b)
Start importing Assets/PolygonCity/Prefabs/Props/SM_Prop_Poster_Frame_01.prefab using Guid(675b73d883444064fb48c1dd46a03c44) Importer(815301076,1909f56bfc062723c751e8b465ee728b)  -> (artifact id: '54c88439de6384d75de91b5297506790') in 0.020006 seconds 
========================================================================
Received Import Request.
  Time since last request: 0.000026 seconds.
  path: Assets/PolygonCity/Prefabs/Props/SM_Prop_Poster_03.prefab
  artifactKey: Guid(5effb8bc646e1944d8634dea5e1a9096) Importer(815301076,1909f56bfc062723c751e8b465ee728b)
Start importing Assets/PolygonCity/Prefabs/Props/SM_Prop_Poster_03.prefab using Guid(5effb8bc646e1944d8634dea5e1a9096) Importer(815301076,1909f56bfc062723c751e8b465ee728b)  -> (artifact id: '6dc2d79977130fcadc69d9c1d3447f31') in 0.016645 seconds 
========================================================================
Received Import Request.
  Time since last request: 0.000060 seconds.
  path: Assets/PolygonCity/Prefabs/Props/SM_Prop_SidewalkPoles_01.prefab
  artifactKey: Guid(a5b72bb8afb9a3241ae5eb12007ad0ac) Importer(815301076,1909f56bfc062723c751e8b465ee728b)
Start importing Assets/PolygonCity/Prefabs/Props/SM_Prop_SidewalkPoles_01.prefab using Guid(a5b72bb8afb9a3241ae5eb12007ad0ac) Importer(815301076,1909f56bfc062723c751e8b465ee728b)  -> (artifact id: '46f4cd4a216d473fd2a13d5b141e5209') in 0.022895 seconds 
========================================================================
Received Import Request.
  Time since last request: 0.000039 seconds.
  path: Assets/PolygonCity/Prefabs/Props/SM_Prop_Pipe_Preset_03.prefab
  artifactKey: Guid(95e6ac9cb6c498d4fb94b42d4800fd9f) Importer(815301076,1909f56bfc062723c751e8b465ee728b)
Start importing Assets/PolygonCity/Prefabs/Props/SM_Prop_Pipe_Preset_03.prefab using Guid(95e6ac9cb6c498d4fb94b42d4800fd9f) Importer(815301076,1909f56bfc062723c751e8b465ee728b)  -> (artifact id: 'ca56a170f2400e6c5a9545c89f53f49c') in 0.018772 seconds 
========================================================================
Received Import Request.
  Time since last request: 0.000028 seconds.
  path: Assets/PolygonCity/Prefabs/Props/SM_Prop_ShopInterior_Desk_01.prefab
  artifactKey: Guid(f6ed513feac116e41b20d43b620f8066) Importer(815301076,1909f56bfc062723c751e8b465ee728b)
Start importing Assets/PolygonCity/Prefabs/Props/SM_Prop_ShopInterior_Desk_01.prefab using Guid(f6ed513feac116e41b20d43b620f8066) Importer(815301076,1909f56bfc062723c751e8b465ee728b)  -> (artifact id: 'b805bc919edc487a93d8097c50481a8f') in 0.020262 seconds 
========================================================================
Received Import Request.
  Time since last request: 0.000029 seconds.
  path: Assets/PolygonCity/Prefabs/Props/SM_Prop_Sidewalk_Panel_02.prefab
  artifactKey: Guid(f5d836287b731654889d5c887015e410) Importer(815301076,1909f56bfc062723c751e8b465ee728b)
Start importing Assets/PolygonCity/Prefabs/Props/SM_Prop_Sidewalk_Panel_02.prefab using Guid(f5d836287b731654889d5c887015e410) Importer(815301076,1909f56bfc062723c751e8b465ee728b)  -> (artifact id: 'd1002040eff3b30db675dc0f7a90344d') in 0.018729 seconds 
========================================================================
Received Import Request.
  Time since last request: 0.000064 seconds.
  path: Assets/PolygonCity/Prefabs/Props/SM_Prop_Poster_02.prefab
  artifactKey: Guid(c99eeb7bcbfd04041a72322e1dbdb2c6) Importer(815301076,1909f56bfc062723c751e8b465ee728b)
Start importing Assets/PolygonCity/Prefabs/Props/SM_Prop_Poster_02.prefab using Guid(c99eeb7bcbfd04041a72322e1dbdb2c6) Importer(815301076,1909f56bfc062723c751e8b465ee728b)  -> (artifact id: 'd1a960bfdda9dafef04913a26fa5a877') in 0.015385 seconds 
========================================================================
Received Import Request.
  Time since last request: 0.000024 seconds.
  path: Assets/PolygonCity/Prefabs/Props/SM_Prop_ParkingMeter_02.prefab
  artifactKey: Guid(94a7e311b5cf22f4898fa342bfef126e) Importer(815301076,1909f56bfc062723c751e8b465ee728b)
Start importing Assets/PolygonCity/Prefabs/Props/SM_Prop_ParkingMeter_02.prefab using Guid(94a7e311b5cf22f4898fa342bfef126e) Importer(815301076,1909f56bfc062723c751e8b465ee728b)  -> (artifact id: 'e1a98fbbdddab0b4310bdb97ac69a506') in 0.018468 seconds 
========================================================================
Received Import Request.
  Time since last request: 0.000024 seconds.
  path: Assets/PolygonCity/Prefabs/Props/SM_Prop_Mailbox_01.prefab
  artifactKey: Guid(17fd2c85588a1954eb295a34c9775577) Importer(815301076,1909f56bfc062723c751e8b465ee728b)
Start importing Assets/PolygonCity/Prefabs/Props/SM_Prop_Mailbox_01.prefab using Guid(17fd2c85588a1954eb295a34c9775577) Importer(815301076,1909f56bfc062723c751e8b465ee728b)  -> (artifact id: '53aef14c500ed933a560b30660d747f3') in 0.017771 seconds 
========================================================================
Received Import Request.
  Time since last request: 0.000023 seconds.
  path: Assets/PolygonCity/Prefabs/Props/SM_Prop_Paper_01.prefab
  artifactKey: Guid(9e7b9a5d5dab450459315a75ec16fa02) Importer(815301076,1909f56bfc062723c751e8b465ee728b)
Start importing Assets/PolygonCity/Prefabs/Props/SM_Prop_Paper_01.prefab using Guid(9e7b9a5d5dab450459315a75ec16fa02) Importer(815301076,1909f56bfc062723c751e8b465ee728b)  -> (artifact id: '3732f7157b5b5e581ad5d836b8385a68') in 0.016746 seconds 
========================================================================
Received Import Request.
  Time since last request: 0.000022 seconds.
  path: Assets/PolygonCity/Prefabs/Props/SM_Prop_Manhole_01.prefab
  artifactKey: Guid(17d89c35d4de1e34faab77de25282d4b) Importer(815301076,1909f56bfc062723c751e8b465ee728b)
Start importing Assets/PolygonCity/Prefabs/Props/SM_Prop_Manhole_01.prefab using Guid(17d89c35d4de1e34faab77de25282d4b) Importer(815301076,1909f56bfc062723c751e8b465ee728b)  -> (artifact id: '3e896ac093180603046ac0867143efb0') in 0.023627 seconds 
========================================================================
Received Import Request.
  Time since last request: 0.000028 seconds.
  path: Assets/PolygonCity/Prefabs/Props/SM_Prop_LightPole_Box_01.prefab
  artifactKey: Guid(bf8c887ce2a3f8f41be86bb54fa20b60) Importer(815301076,1909f56bfc062723c751e8b465ee728b)
Start importing Assets/PolygonCity/Prefabs/Props/SM_Prop_LightPole_Box_01.prefab using Guid(bf8c887ce2a3f8f41be86bb54fa20b60) Importer(815301076,1909f56bfc062723c751e8b465ee728b)  -> (artifact id: 'c4525e81eb0371063c6c7ac1e98e414e') in 0.017295 seconds 
========================================================================
Received Import Request.
  Time since last request: 0.000039 seconds.
  path: Assets/PolygonCity/Prefabs/Props/SM_Prop_Sign_Attachment_02.prefab
  artifactKey: Guid(0b0db9af9ba2ab54893ab175e0030f03) Importer(815301076,1909f56bfc062723c751e8b465ee728b)
Start importing Assets/PolygonCity/Prefabs/Props/SM_Prop_Sign_Attachment_02.prefab using Guid(0b0db9af9ba2ab54893ab175e0030f03) Importer(815301076,1909f56bfc062723c751e8b465ee728b)  -> (artifact id: 'e6388e2c9ab73981e6be6cde4b8ca835') in 0.019307 seconds 
========================================================================
Received Import Request.
  Time since last request: 0.000085 seconds.
  path: Assets/PolygonCity/Prefabs/Props/SM_Prop_ShopInterior_Desk_02.prefab
  artifactKey: Guid(30c80b9834fd8f248b24cf47fa3329b4) Importer(815301076,1909f56bfc062723c751e8b465ee728b)
Start importing Assets/PolygonCity/Prefabs/Props/SM_Prop_ShopInterior_Desk_02.prefab using Guid(30c80b9834fd8f248b24cf47fa3329b4) Importer(815301076,1909f56bfc062723c751e8b465ee728b)  -> (artifact id: '0a272590ed1c971d808129adc445a938') in 0.021250 seconds 
========================================================================
Received Import Request.
  Time since last request: 0.000025 seconds.
  path: Assets/PolygonCity/Prefabs/Props/SM_Prop_ShopInterior_Table_01.prefab
  artifactKey: Guid(2f4d900fcaef08b41a8e29001211a0cc) Importer(815301076,1909f56bfc062723c751e8b465ee728b)
Start importing Assets/PolygonCity/Prefabs/Props/SM_Prop_ShopInterior_Table_01.prefab using Guid(2f4d900fcaef08b41a8e29001211a0cc) Importer(815301076,1909f56bfc062723c751e8b465ee728b)  -> (artifact id: 'c70b9da2504f3d1c5ec0021593e00cac') in 0.021579 seconds 
========================================================================
Received Import Request.
  Time since last request: 0.000026 seconds.
  path: Assets/PolygonCity/Prefabs/Props/SM_Prop_Paper_05.prefab
  artifactKey: Guid(bbe271edc5b4fd04589440e05e4a0ff8) Importer(815301076,1909f56bfc062723c751e8b465ee728b)
Start importing Assets/PolygonCity/Prefabs/Props/SM_Prop_Paper_05.prefab using Guid(bbe271edc5b4fd04589440e05e4a0ff8) Importer(815301076,1909f56bfc062723c751e8b465ee728b)  -> (artifact id: 'a52363b08971fc25f00a1692b6ba3f24') in 0.017978 seconds 
========================================================================
Received Import Request.
  Time since last request: 0.000037 seconds.
  path: Assets/PolygonCity/Prefabs/Props/SM_Prop_LargeSign_Soda_01.prefab
  artifactKey: Guid(94ee31a3d58997f4788e26bcab5a03dc) Importer(815301076,1909f56bfc062723c751e8b465ee728b)
Start importing Assets/PolygonCity/Prefabs/Props/SM_Prop_LargeSign_Soda_01.prefab using Guid(94ee31a3d58997f4788e26bcab5a03dc) Importer(815301076,1909f56bfc062723c751e8b465ee728b)  -> (artifact id: 'aa24f451d02d49dceb4b7f6a98cebf9c') in 0.017132 seconds 
========================================================================
Received Import Request.
  Time since last request: 0.000021 seconds.
  path: Assets/PolygonCity/Prefabs/Props/SM_Prop_LargeSign_BowlingPin_01.prefab
  artifactKey: Guid(94147211148ab5a449bb861d39bd169f) Importer(815301076,1909f56bfc062723c751e8b465ee728b)
Start importing Assets/PolygonCity/Prefabs/Props/SM_Prop_LargeSign_BowlingPin_01.prefab using Guid(94147211148ab5a449bb861d39bd169f) Importer(815301076,1909f56bfc062723c751e8b465ee728b)  -> (artifact id: 'e7af3b032c103e4b0261935aa982778e') in 0.020099 seconds 
========================================================================
Received Import Request.
  Time since last request: 0.000029 seconds.
  path: Assets/PolygonCity/Prefabs/Props/SM_Prop_LargeSign_Bottle_01.prefab
  artifactKey: Guid(4f96f6be8b901eb4c80c229856393703) Importer(815301076,1909f56bfc062723c751e8b465ee728b)
Start importing Assets/PolygonCity/Prefabs/Props/SM_Prop_LargeSign_Bottle_01.prefab using Guid(4f96f6be8b901eb4c80c229856393703) Importer(815301076,1909f56bfc062723c751e8b465ee728b)  -> (artifact id: 'd2a2374aa5013f0297d20200b18ae61e') in 0.019879 seconds 
========================================================================
Received Import Request.
  Time since last request: 0.000024 seconds.
  path: Assets/PolygonCity/Prefabs/Props/SM_Prop_Cone_02.prefab
  artifactKey: Guid(b1f0fb7fede614d45a9666d2629c2716) Importer(815301076,1909f56bfc062723c751e8b465ee728b)
Start importing Assets/PolygonCity/Prefabs/Props/SM_Prop_Cone_02.prefab using Guid(b1f0fb7fede614d45a9666d2629c2716) Importer(815301076,1909f56bfc062723c751e8b465ee728b)  -> (artifact id: 'bcb2cc5d961b7ff93c67aa8d20acf81f') in 0.019385 seconds 
========================================================================
Received Import Request.
  Time since last request: 0.000023 seconds.
  path: Assets/PolygonCity/Prefabs/Props/SM_Prop_Light_Attachment_01.prefab
  artifactKey: Guid(855a9894cbcf2e246902c190dc1e5a4e) Importer(815301076,1909f56bfc062723c751e8b465ee728b)
Start importing Assets/PolygonCity/Prefabs/Props/SM_Prop_Light_Attachment_01.prefab using Guid(855a9894cbcf2e246902c190dc1e5a4e) Importer(815301076,1909f56bfc062723c751e8b465ee728b)  -> (artifact id: 'f22268efcbfe1702bb30b2ec9a7c8b9e') in 0.025578 seconds 
========================================================================
Received Import Request.
  Time since last request: 0.000026 seconds.
  path: Assets/PolygonCity/Prefabs/Props/SM_Prop_LargeSign_Pizza_01.prefab
  artifactKey: Guid(eba1f7ece2536204bb30cc7ab64ae8bf) Importer(815301076,1909f56bfc062723c751e8b465ee728b)
Start importing Assets/PolygonCity/Prefabs/Props/SM_Prop_LargeSign_Pizza_01.prefab using Guid(eba1f7ece2536204bb30cc7ab64ae8bf) Importer(815301076,1909f56bfc062723c751e8b465ee728b)  -> (artifact id: '0dc2f429063b19449cea543dde27dc11') in 0.020767 seconds 
========================================================================
Received Import Request.
  Time since last request: 0.000046 seconds.
  path: Assets/PolygonCity/Prefabs/Props/SM_Prop_LightPole_Arm_01.prefab
  artifactKey: Guid(f43449709203fee4f94622bc446866d8) Importer(815301076,1909f56bfc062723c751e8b465ee728b)
Start importing Assets/PolygonCity/Prefabs/Props/SM_Prop_LightPole_Arm_01.prefab using Guid(f43449709203fee4f94622bc446866d8) Importer(815301076,1909f56bfc062723c751e8b465ee728b)  -> (artifact id: 'c97f48f3b6a4d3465c7e42564ee462dc') in 0.019399 seconds 
========================================================================
Received Import Request.
  Time since last request: 0.000032 seconds.
  path: Assets/PolygonCity/Prefabs/Props/SM_Prop_CardboardBox_01.prefab
  artifactKey: Guid(87c2df8e665f8664e932718fcf85c0b2) Importer(815301076,1909f56bfc062723c751e8b465ee728b)
Start importing Assets/PolygonCity/Prefabs/Props/SM_Prop_CardboardBox_01.prefab using Guid(87c2df8e665f8664e932718fcf85c0b2) Importer(815301076,1909f56bfc062723c751e8b465ee728b)  -> (artifact id: '86da53fa9c19ba081bd6b6bb17f7065f') in 0.021506 seconds 
========================================================================
Received Import Request.
  Time since last request: 0.000025 seconds.
  path: Assets/PolygonCity/Prefabs/Props/SM_Prop_LargeSign_Noodles_01.prefab
  artifactKey: Guid(bbeea2c2f3731224a87bb3cd9dba8e47) Importer(815301076,1909f56bfc062723c751e8b465ee728b)
Start importing Assets/PolygonCity/Prefabs/Props/SM_Prop_LargeSign_Noodles_01.prefab using Guid(bbeea2c2f3731224a87bb3cd9dba8e47) Importer(815301076,1909f56bfc062723c751e8b465ee728b)  -> (artifact id: '9a1275b1cae5f4fb1c9f7bc5a2292577') in 0.022977 seconds 
========================================================================
Received Import Request.
  Time since last request: 0.000031 seconds.
  path: Assets/PolygonCity/Prefabs/Props/SM_Prop_LargeSign_Popcorn_01.prefab
  artifactKey: Guid(44cce66fc039e314183f60c57567cd3c) Importer(815301076,1909f56bfc062723c751e8b465ee728b)
Start importing Assets/PolygonCity/Prefabs/Props/SM_Prop_LargeSign_Popcorn_01.prefab using Guid(44cce66fc039e314183f60c57567cd3c) Importer(815301076,1909f56bfc062723c751e8b465ee728b)  -> (artifact id: 'c7ecd7d4f8b096b0d575660f21181aab') in 0.019515 seconds 
========================================================================
Received Import Request.
  Time since last request: 0.000021 seconds.
  path: Assets/PolygonCity/Prefabs/Props/SM_Prop_LargeSign_Hotdog_01.prefab
  artifactKey: Guid(f52a5629a2062924bafe8d5ad7a3c5f5) Importer(815301076,1909f56bfc062723c751e8b465ee728b)
Start importing Assets/PolygonCity/Prefabs/Props/SM_Prop_LargeSign_Hotdog_01.prefab using Guid(f52a5629a2062924bafe8d5ad7a3c5f5) Importer(815301076,1909f56bfc062723c751e8b465ee728b)  -> (artifact id: '431f03dd07e8e36c21227df3d57bd7bc') in 0.019416 seconds 
========================================================================
Received Import Request.
  Time since last request: 0.000032 seconds.
  path: Assets/PolygonCity/Prefabs/Props/SM_Prop_LargeSign_Guitar_01.prefab
  artifactKey: Guid(e853eadc5f7696b45a865c55959f923b) Importer(815301076,1909f56bfc062723c751e8b465ee728b)
Start importing Assets/PolygonCity/Prefabs/Props/SM_Prop_LargeSign_Guitar_01.prefab using Guid(e853eadc5f7696b45a865c55959f923b) Importer(815301076,1909f56bfc062723c751e8b465ee728b)  -> (artifact id: '48408485b18e2822f026026f66d15afa') in 0.016437 seconds 
========================================================================
Received Import Request.
  Time since last request: 0.000018 seconds.
  path: Assets/PolygonCity/Prefabs/Props/SM_Prop_Roof_Aircon_02.prefab
  artifactKey: Guid(b59c8a025baab13498254afa5eb8b18d) Importer(815301076,1909f56bfc062723c751e8b465ee728b)
Start importing Assets/PolygonCity/Prefabs/Props/SM_Prop_Roof_Aircon_02.prefab using Guid(b59c8a025baab13498254afa5eb8b18d) Importer(815301076,1909f56bfc062723c751e8b465ee728b)  -> (artifact id: '1e9c5aef0ecf6be4a25b2fca5e955d5e') in 0.021858 seconds 
========================================================================
Received Import Request.
  Time since last request: 0.000026 seconds.
  path: Assets/PolygonCity/Prefabs/Props/SM_Prop_ShopInterior_Display_02.prefab
  artifactKey: Guid(2ea7292a3363b0648a35e02467d8ef1d) Importer(815301076,1909f56bfc062723c751e8b465ee728b)
Start importing Assets/PolygonCity/Prefabs/Props/SM_Prop_ShopInterior_Display_02.prefab using Guid(2ea7292a3363b0648a35e02467d8ef1d) Importer(815301076,1909f56bfc062723c751e8b465ee728b)  -> (artifact id: '1146ab8fdf4ddec6411c895e3f68b8c8') in 0.022692 seconds 
========================================================================
Received Import Request.
  Time since last request: 0.000030 seconds.
  path: Assets/PolygonCity/Prefabs/Props/SM_Prop_Power_Cables_03.prefab
  artifactKey: Guid(239828adc5be7214c8fa4d6fe7dd6aff) Importer(815301076,1909f56bfc062723c751e8b465ee728b)
Start importing Assets/PolygonCity/Prefabs/Props/SM_Prop_Power_Cables_03.prefab using Guid(239828adc5be7214c8fa4d6fe7dd6aff) Importer(815301076,1909f56bfc062723c751e8b465ee728b)  -> (artifact id: 'ff64184c737b1ceac9cf5c4043a4902b') in 0.016953 seconds 
========================================================================
Received Import Request.
  Time since last request: 0.000025 seconds.
  path: Assets/PolygonCity/Prefabs/Props/SM_Prop_Paper_03.prefab
  artifactKey: Guid(97d18204e4538e64f9bdf47d8db7c5e5) Importer(815301076,1909f56bfc062723c751e8b465ee728b)
Start importing Assets/PolygonCity/Prefabs/Props/SM_Prop_Paper_03.prefab using Guid(97d18204e4538e64f9bdf47d8db7c5e5) Importer(815301076,1909f56bfc062723c751e8b465ee728b)  -> (artifact id: '8429b7a1e0bc46f18f09f659b034a8fd') in 0.016265 seconds 
========================================================================
Received Import Request.
  Time since last request: 0.000019 seconds.
  path: Assets/PolygonCity/Prefabs/Props/SM_Prop_LightPole_CrossButton_01.prefab
  artifactKey: Guid(916be2ac89687b0458f9c3b7759c3248) Importer(815301076,1909f56bfc062723c751e8b465ee728b)
Start importing Assets/PolygonCity/Prefabs/Props/SM_Prop_LightPole_CrossButton_01.prefab using Guid(916be2ac89687b0458f9c3b7759c3248) Importer(815301076,1909f56bfc062723c751e8b465ee728b)  -> (artifact id: '08d24747131673dc8dda14f31ad901c8') in 0.021052 seconds 
========================================================================
Received Prepare
Registering precompiled user dll's ...
Registered in 0.007397 seconds.
Begin MonoManager ReloadAssembly
Symbol file LoadedFromMemory doesn't match image C:\Users\pelki\Unity\EGS Game Jam 2022\Library\PackageCache\com.unity.visualscripting@1.7.6\Editor\VisualScripting.Core\Dependencies\YamlDotNet\Unity.VisualScripting.YamlDotNet.dll
Symbol file LoadedFromMemory doesn't match image C:\Users\pelki\Unity\EGS Game Jam 2022\Library\PackageCache\com.unity.visualscripting@1.7.6\Editor\VisualScripting.Core\Dependencies\DotNetZip\Unity.VisualScripting.IonicZip.dll
Native extension for WindowsStandalone target not found
Native extension for WebGL target not found
Refreshing native plugins compatible for Editor in 1.05 ms, found 3 plugins.
Preloading 0 native plugins for Editor in 0.00 ms.
Mono: successfully reloaded assembly
- Completed reload, in  1.468 seconds
Domain Reload Profiling:
	ReloadAssembly (1469ms)
		BeginReloadAssembly (170ms)
			ExecutionOrderSort (0ms)
			DisableScriptedObjects (8ms)
			BackupInstance (0ms)
			ReleaseScriptingObjects (0ms)
			CreateAndSetChildDomain (55ms)
		EndReloadAssembly (1167ms)
			LoadAssemblies (112ms)
			RebuildTransferFunctionScriptingTraits (0ms)
			SetupTypeCache (362ms)
			ReleaseScriptCaches (2ms)
			RebuildScriptCaches (62ms)
			SetupLoadedEditorAssemblies (560ms)
				LogAssemblyErrors (0ms)
				InitializePlatformSupportModulesInManaged (14ms)
				SetLoadedEditorAssemblies (0ms)
				RefreshPlugins (1ms)
				BeforeProcessingInitializeOnLoad (110ms)
				ProcessInitializeOnLoadAttributes (353ms)
				ProcessInitializeOnLoadMethodAttributes (74ms)
				AfterProcessingInitializeOnLoad (8ms)
				EditorAssembliesLoaded (0ms)
			ExecutionOrderSort2 (0ms)
			AwakeInstancesAfterBackupRestoration (11ms)
Platform modules already initialized, skipping
Refreshing native plugins compatible for Editor in 1.01 ms, found 3 plugins.
Preloading 0 native plugins for Editor in 0.00 ms.
Unloading 4966 Unused Serialized files (Serialized files now loaded: 0)
Unloading 26 unused Assets / (309.9 KB). Loaded Objects now: 5609.
Memory consumption went from 201.3 MB to 201.0 MB.
Total: 3.659500 ms (FindLiveObjects: 0.501700 ms CreateObjectMapping: 0.472000 ms MarkObjects: 2.621100 ms  DeleteObjects: 0.063800 ms)

AssetImportParameters requested are different than current active one (requested -> active):
  custom:video-decoder-ogg-theora: a1e56fd34408186e4bbccfd4996cb3dc -> 
  custom:container-muxer-webm: aa71ff27fc2769a1b78a27578f13a17b -> 
  custom:container-demuxer-webm: 4f35f7cbe854078d1ac9338744f61a02 -> 
  custom:video-encoder-webm-vp8: eb34c28f22e8b96e1ab97ce403110664 -> 
  custom:audio-encoder-webm-vorbis: bf7c407c2cedff20999df2af8eb42d56 -> 
  custom:framework-win-MediaFoundation: 216162199b28c13a410421893ffa2e32 -> 
  custom:container-demuxer-ogg: 62fdf1f143b41e24485cea50d1cbac27 -> 
  custom:video-decoder-webm-vp8: 9c59270c3fd7afecdb556c50c9e8de78 -> 
  custom:audio-decoder-ogg-vorbis: bf7c407c2cedff20999df2af8eb42d56 -> 
Editor requested this worker to shutdown with reason: Scaling down because of idle timeout
AssetImportWorker is now disconnected from the server
Process exiting
Exiting without the bug reporter. Application will terminate with return code 0