Using pre-set license
Built from '2021.2/staging' branch; Version is '2021.2.7f1 (6bd9e232123f) revision 7068130'; Using compiler version '192829333'; Build Type 'Release'
OS: 'Windows 10  (10.0.19043) 64bit Core' Language: 'en' Physical Memory: 32605 MB
BatchMode: 1, IsHumanControllingUs: 0, StartBugReporterOnCrash: 0, Is64bit: 1, IsPro: 0

COMMAND LINE ARGUMENTS:
F:\2021.2.7f1\Editor\Unity.exe
-adb2
-batchMode
-noUpm
-name
AssetImportWorker1
-projectPath
F:/EGS/GameJam2022/EGS-Game-Jam-2022
-logFile
Logs/AssetImportWorker1.log
-srvPort
57283
Successfully changed project path to: F:/EGS/GameJam2022/EGS-Game-Jam-2022
F:/EGS/GameJam2022/EGS-Game-Jam-2022
[UnityMemory] Configuration Parameters - Can be set up in boot.config
    "memorysetup-bucket-allocator-granularity=16"
    "memorysetup-bucket-allocator-bucket-count=8"
    "memorysetup-bucket-allocator-block-size=33554432"
    "memorysetup-bucket-allocator-block-count=8"
    "memorysetup-main-allocator-block-size=16777216"
    "memorysetup-thread-allocator-block-size=16777216"
    "memorysetup-gfx-main-allocator-block-size=16777216"
    "memorysetup-gfx-thread-allocator-block-size=16777216"
    "memorysetup-cache-allocator-block-size=4194304"
    "memorysetup-typetree-allocator-block-size=2097152"
    "memorysetup-profiler-bucket-allocator-granularity=16"
    "memorysetup-profiler-bucket-allocator-bucket-count=8"
    "memorysetup-profiler-bucket-allocator-block-size=33554432"
    "memorysetup-profiler-bucket-allocator-block-count=8"
    "memorysetup-profiler-allocator-block-size=16777216"
    "memorysetup-profiler-editor-allocator-block-size=1048576"
    "memorysetup-temp-allocator-size-main=16777216"
    "memorysetup-job-temp-allocator-block-size=2097152"
    "memorysetup-job-temp-allocator-block-size-background=1048576"
    "memorysetup-job-temp-allocator-reduction-small-platforms=262144"
    "memorysetup-temp-allocator-size-background-worker=32768"
    "memorysetup-temp-allocator-size-job-worker=262144"
    "memorysetup-temp-allocator-size-preload-manager=33554432"
    "memorysetup-temp-allocator-size-nav-mesh-worker=65536"
    "memorysetup-temp-allocator-size-audio-worker=65536"
    "memorysetup-temp-allocator-size-cloud-worker=32768"
    "memorysetup-temp-allocator-size-gi-baking-worker=262144"
    "memorysetup-temp-allocator-size-gfx=262144"
Refreshing native plugins compatible for Editor in 141.43 ms, found 3 plugins.
Preloading 0 native plugins for Editor in 0.00 ms.
Initialize engine version: 2021.2.7f1 (6bd9e232123f)
[Subsystems] Discovering subsystems at path F:/2021.2.7f1/Editor/Data/Resources/UnitySubsystems
[Subsystems] Discovering subsystems at path F:/EGS/GameJam2022/EGS-Game-Jam-2022/Assets
GfxDevice: creating device client; threaded=0; jobified=0
Direct3D:
    Version:  Direct3D 11.0 [level 11.1]
    Renderer: NVIDIA GeForce RTX 2070 (ID=0x1f10)
    Vendor:   NVIDIA
    VRAM:     8031 MB
    Driver:   30.0.15.1109
Initialize mono
Mono path[0] = 'F:/2021.2.7f1/Editor/Data/Managed'
Mono path[1] = 'F:/2021.2.7f1/Editor/Data/MonoBleedingEdge/lib/mono/unityjit-win32'
Mono config path = 'F:/2021.2.7f1/Editor/Data/MonoBleedingEdge/etc'
Using monoOptions --debugger-agent=transport=dt_socket,embedding=1,server=y,suspend=n,address=127.0.0.1:56944
Begin MonoManager ReloadAssembly
Registering precompiled unity dll's ...
Register platform support module: F:/2021.2.7f1/Editor/Data/PlaybackEngines/WindowsStandaloneSupport/UnityEditor.WindowsStandalone.Extensions.dll
Registered in 0.005599 seconds.
Native extension for WindowsStandalone target not found
Refreshing native plugins compatible for Editor in 128.84 ms, found 3 plugins.
Preloading 0 native plugins for Editor in 0.00 ms.
Mono: successfully reloaded assembly
- Completed reload, in  0.820 seconds
Domain Reload Profiling:
	ReloadAssembly (820ms)
		BeginReloadAssembly (124ms)
			ExecutionOrderSort (0ms)
			DisableScriptedObjects (0ms)
			BackupInstance (0ms)
			ReleaseScriptingObjects (0ms)
			CreateAndSetChildDomain (1ms)
		EndReloadAssembly (615ms)
			LoadAssemblies (119ms)
			RebuildTransferFunctionScriptingTraits (0ms)
			SetupTypeCache (140ms)
			ReleaseScriptCaches (0ms)
			RebuildScriptCaches (42ms)
			SetupLoadedEditorAssemblies (367ms)
				LogAssemblyErrors (0ms)
				InitializePlatformSupportModulesInManaged (22ms)
				SetLoadedEditorAssemblies (0ms)
				RefreshPlugins (129ms)
				BeforeProcessingInitializeOnLoad (1ms)
				ProcessInitializeOnLoadAttributes (164ms)
				ProcessInitializeOnLoadMethodAttributes (51ms)
				AfterProcessingInitializeOnLoad (0ms)
				EditorAssembliesLoaded (0ms)
			ExecutionOrderSort2 (0ms)
			AwakeInstancesAfterBackupRestoration (0ms)
Platform modules already initialized, skipping
Registering precompiled user dll's ...
Registered in 0.009554 seconds.
Begin MonoManager ReloadAssembly
Symbol file LoadedFromMemory doesn't match image F:\EGS\GameJam2022\EGS-Game-Jam-2022\Library\PackageCache\com.unity.visualscripting@1.7.6\Editor\VisualScripting.Core\Dependencies\YamlDotNet\Unity.VisualScripting.YamlDotNet.dll
Symbol file LoadedFromMemory doesn't match image F:\EGS\GameJam2022\EGS-Game-Jam-2022\Library\PackageCache\com.unity.visualscripting@1.7.6\Editor\VisualScripting.Core\Dependencies\DotNetZip\Unity.VisualScripting.IonicZip.dll
Native extension for WindowsStandalone target not found
Refreshing native plugins compatible for Editor in 120.43 ms, found 3 plugins.
Preloading 0 native plugins for Editor in 0.00 ms.
Mono: successfully reloaded assembly
- Completed reload, in  2.080 seconds
Domain Reload Profiling:
	ReloadAssembly (2080ms)
		BeginReloadAssembly (173ms)
			ExecutionOrderSort (0ms)
			DisableScriptedObjects (9ms)
			BackupInstance (0ms)
			ReleaseScriptingObjects (0ms)
			CreateAndSetChildDomain (20ms)
		EndReloadAssembly (1781ms)
			LoadAssemblies (145ms)
			RebuildTransferFunctionScriptingTraits (0ms)
			SetupTypeCache (334ms)
			ReleaseScriptCaches (1ms)
			RebuildScriptCaches (78ms)
			SetupLoadedEditorAssemblies (1228ms)
				LogAssemblyErrors (0ms)
				InitializePlatformSupportModulesInManaged (10ms)
				SetLoadedEditorAssemblies (1ms)
				RefreshPlugins (120ms)
				BeforeProcessingInitializeOnLoad (125ms)
				ProcessInitializeOnLoadAttributes (871ms)
				ProcessInitializeOnLoadMethodAttributes (94ms)
				AfterProcessingInitializeOnLoad (6ms)
				EditorAssembliesLoaded (0ms)
			ExecutionOrderSort2 (0ms)
			AwakeInstancesAfterBackupRestoration (6ms)
Platform modules already initialized, skipping
========================================================================
Worker process is ready to serve import requests
Launched and connected shader compiler UnityShaderCompiler.exe after 0.05 seconds
Refreshing native plugins compatible for Editor in 1.43 ms, found 3 plugins.
Preloading 0 native plugins for Editor in 0.00 ms.
Unloading 5083 Unused Serialized files (Serialized files now loaded: 0)
Unloading 38 unused Assets / (0.7 MB). Loaded Objects now: 5537.
Memory consumption went from 200.5 MB to 199.8 MB.
Total: 4.610300 ms (FindLiveObjects: 0.429400 ms CreateObjectMapping: 0.412200 ms MarkObjects: 3.390000 ms  DeleteObjects: 0.377600 ms)

AssetImportParameters requested are different than current active one (requested -> active):
  custom:video-decoder-ogg-theora: a1e56fd34408186e4bbccfd4996cb3dc -> 
  custom:container-muxer-webm: aa71ff27fc2769a1b78a27578f13a17b -> 
  custom:container-demuxer-webm: 4f35f7cbe854078d1ac9338744f61a02 -> 
  custom:video-encoder-webm-vp8: eb34c28f22e8b96e1ab97ce403110664 -> 
  custom:audio-encoder-webm-vorbis: bf7c407c2cedff20999df2af8eb42d56 -> 
  custom:framework-win-MediaFoundation: 216162199b28c13a410421893ffa2e32 -> 
  custom:container-demuxer-ogg: 62fdf1f143b41e24485cea50d1cbac27 -> 
  custom:video-decoder-webm-vp8: 9c59270c3fd7afecdb556c50c9e8de78 -> 
  custom:audio-decoder-ogg-vorbis: bf7c407c2cedff20999df2af8eb42d56 -> 
========================================================================
Received Import Request.
  Time since last request: 120843.059764 seconds.
  path: Assets/PolygonCity/Models/Collisions/SM_Env_Bridge_Wall_01_Convex.asset
  artifactKey: Guid(71c3d16672c00bf4780d73ff296e271e) Importer(815301076,1909f56bfc062723c751e8b465ee728b)
Start importing Assets/PolygonCity/Models/Collisions/SM_Env_Bridge_Wall_01_Convex.asset using Guid(71c3d16672c00bf4780d73ff296e271e) Importer(815301076,1909f56bfc062723c751e8b465ee728b)  -> (artifact id: '34b33febfebed95ba35dca7ba211a422') in 0.142506 seconds 
========================================================================
Received Import Request.
  Time since last request: 0.000030 seconds.
  path: Assets/PolygonCity/Models/Collisions/SM_Env_Sidewalk_Dip_Corner_01_Convex 1.asset
  artifactKey: Guid(3bc17bcb0fad34b468eec40a60aee4de) Importer(815301076,1909f56bfc062723c751e8b465ee728b)
Start importing Assets/PolygonCity/Models/Collisions/SM_Env_Sidewalk_Dip_Corner_01_Convex 1.asset using Guid(3bc17bcb0fad34b468eec40a60aee4de) Importer(815301076,1909f56bfc062723c751e8b465ee728b)  -> (artifact id: '9b610d16167f9ddbf135e00dac903988') in 0.044636 seconds 
========================================================================
Received Import Request.
  Time since last request: 0.000037 seconds.
  path: Assets/PolygonCity/Models/Collisions/SM_Env_Sidewalk_Construction_01_Collision.fbx
  artifactKey: Guid(9a6392eaeb343b5489564f7bef139925) Importer(815301076,1909f56bfc062723c751e8b465ee728b)
Start importing Assets/PolygonCity/Models/Collisions/SM_Env_Sidewalk_Construction_01_Collision.fbx using Guid(9a6392eaeb343b5489564f7bef139925) Importer(815301076,1909f56bfc062723c751e8b465ee728b)  -> (artifact id: '83e437fda46d1682b3b6eedb531edbe2') in 0.266300 seconds 
========================================================================
Received Import Request.
  Time since last request: 0.000058 seconds.
  path: Assets/PolygonCity/Models/Collisions/SM_Env_Sidewalk_Dip_Corner_01_Convex.asset
  artifactKey: Guid(01bc7890bbf7756479b32a6c06a01dde) Importer(815301076,1909f56bfc062723c751e8b465ee728b)
Start importing Assets/PolygonCity/Models/Collisions/SM_Env_Sidewalk_Dip_Corner_01_Convex.asset using Guid(01bc7890bbf7756479b32a6c06a01dde) Importer(815301076,1909f56bfc062723c751e8b465ee728b)  -> (artifact id: 'd177c707911eb8820d5f901bcb94d698') in 0.024378 seconds 
========================================================================
Received Import Request.
  Time since last request: 0.000064 seconds.
  path: Assets/PolygonCity/Models/Collisions/SM_Env_Sidewalk_Dip_01_Convex.asset
  artifactKey: Guid(2e203d9964600de41bbbcf66822f5708) Importer(815301076,1909f56bfc062723c751e8b465ee728b)
Start importing Assets/PolygonCity/Models/Collisions/SM_Env_Sidewalk_Dip_01_Convex.asset using Guid(2e203d9964600de41bbbcf66822f5708) Importer(815301076,1909f56bfc062723c751e8b465ee728b)  -> (artifact id: '784f0fb8f29f31a26a7c3171550c7492') in 0.034986 seconds 
========================================================================
Received Import Request.
  Time since last request: 0.000028 seconds.
  path: Assets/PolygonCity/Models/Collisions/SM_Env_Sidewalk_Construction_01_Convex 1.asset
  artifactKey: Guid(cf9f8e047e0679b4c971e9b9c660c13e) Importer(815301076,1909f56bfc062723c751e8b465ee728b)
Start importing Assets/PolygonCity/Models/Collisions/SM_Env_Sidewalk_Construction_01_Convex 1.asset using Guid(cf9f8e047e0679b4c971e9b9c660c13e) Importer(815301076,1909f56bfc062723c751e8b465ee728b)  -> (artifact id: 'cf9309c57061a250ad3387733fed2f6d') in 0.043689 seconds 
========================================================================
Received Import Request.
  Time since last request: 0.000028 seconds.
  path: Assets/PolygonCity/Models/Collisions/SM_Env_WaterEdge_Corner_01_Convex.asset
  artifactKey: Guid(6cd8e027e4aaef7449ab7b67e73c373e) Importer(815301076,1909f56bfc062723c751e8b465ee728b)
Start importing Assets/PolygonCity/Models/Collisions/SM_Env_WaterEdge_Corner_01_Convex.asset using Guid(6cd8e027e4aaef7449ab7b67e73c373e) Importer(815301076,1909f56bfc062723c751e8b465ee728b)  -> (artifact id: 'fb411ef722cf8e74befa2d3fc3cdef8d') in 0.024818 seconds 
========================================================================
Received Import Request.
  Time since last request: 0.000025 seconds.
  path: Assets/PolygonCity/Models/Collisions/SM_Prop_Water_Tower_01_Convex.asset
  artifactKey: Guid(9f80b934a236a8d439ef46fd500c45e1) Importer(815301076,1909f56bfc062723c751e8b465ee728b)
Start importing Assets/PolygonCity/Models/Collisions/SM_Prop_Water_Tower_01_Convex.asset using Guid(9f80b934a236a8d439ef46fd500c45e1) Importer(815301076,1909f56bfc062723c751e8b465ee728b)  -> (artifact id: 'd604cea6d88e8ff227c3e46e92b87078') in 0.032373 seconds 
========================================================================
Received Import Request.
  Time since last request: 0.000048 seconds.
  path: Assets/PolygonCity/Models/Collisions/SM_Env_WaterEdge_Straight_01_Convex.asset
  artifactKey: Guid(4c8e325a51c54fa4eb86a4eed36c02b1) Importer(815301076,1909f56bfc062723c751e8b465ee728b)
Start importing Assets/PolygonCity/Models/Collisions/SM_Env_WaterEdge_Straight_01_Convex.asset using Guid(4c8e325a51c54fa4eb86a4eed36c02b1) Importer(815301076,1909f56bfc062723c751e8b465ee728b)  -> (artifact id: '43978b308fc0f54661b8897987b69db6') in 0.023359 seconds 
========================================================================
Received Import Request.
  Time since last request: 0.000046 seconds.
  path: Assets/PolygonCity/Models/Collisions/SM_Env_WaterEdge_Corner_02_Convex.asset
  artifactKey: Guid(0eff99918422d444e88d9d3da452be68) Importer(815301076,1909f56bfc062723c751e8b465ee728b)
Start importing Assets/PolygonCity/Models/Collisions/SM_Env_WaterEdge_Corner_02_Convex.asset using Guid(0eff99918422d444e88d9d3da452be68) Importer(815301076,1909f56bfc062723c751e8b465ee728b)  -> (artifact id: '91fc78fcb7aed73dd6975219b73c5237') in 0.023361 seconds 
========================================================================
Received Import Request.
  Time since last request: 0.000064 seconds.
  path: Assets/PolygonCity/Models/Collisions/SM_Env_WaterEdge_Corner_02_Convex 1.asset
  artifactKey: Guid(7ecd21011b742804aa0892c63b1fa2dc) Importer(815301076,1909f56bfc062723c751e8b465ee728b)
Start importing Assets/PolygonCity/Models/Collisions/SM_Env_WaterEdge_Corner_02_Convex 1.asset using Guid(7ecd21011b742804aa0892c63b1fa2dc) Importer(815301076,1909f56bfc062723c751e8b465ee728b)  -> (artifact id: 'b648c2a719c216faa784c968de2ad725') in 0.044922 seconds 
========================================================================
Received Import Request.
  Time since last request: 0.000061 seconds.
  path: Assets/PolygonCity/Models/Collisions/SM_Env_WaterEdge_Straight_02_Convex.asset
  artifactKey: Guid(a32433876f8be344ab4b80588a183a11) Importer(815301076,1909f56bfc062723c751e8b465ee728b)
Start importing Assets/PolygonCity/Models/Collisions/SM_Env_WaterEdge_Straight_02_Convex.asset using Guid(a32433876f8be344ab4b80588a183a11) Importer(815301076,1909f56bfc062723c751e8b465ee728b)  -> (artifact id: 'e0fa50300b8fe82dfee1a9e56c407a42') in 0.023347 seconds 
========================================================================
Received Import Request.
  Time since last request: 0.000029 seconds.
  path: Assets/PolygonCity/Models/Collisions/SM_Env_WaterEdge_Pipe_01_Convex.asset
  artifactKey: Guid(2996c0b783682b54facfa01fdeda080b) Importer(815301076,1909f56bfc062723c751e8b465ee728b)
Start importing Assets/PolygonCity/Models/Collisions/SM_Env_WaterEdge_Pipe_01_Convex.asset using Guid(2996c0b783682b54facfa01fdeda080b) Importer(815301076,1909f56bfc062723c751e8b465ee728b)  -> (artifact id: 'ca7bc14c1f39bfdccfb02e42a6e5d76e') in 0.026163 seconds 
========================================================================
Received Import Request.
  Time since last request: 0.000027 seconds.
  path: Assets/PolygonCity/Prefabs/Environments/SM_Env_WaterEdge_Rock_01.prefab
  artifactKey: Guid(b408ff046e97d28428f851dbcce2f2d5) Importer(815301076,1909f56bfc062723c751e8b465ee728b)
Start importing Assets/PolygonCity/Prefabs/Environments/SM_Env_WaterEdge_Rock_01.prefab using Guid(b408ff046e97d28428f851dbcce2f2d5) Importer(815301076,1909f56bfc062723c751e8b465ee728b)  -> (artifact id: '0ade729ed3d9b7a79d2ac6c94478528b') in 0.051593 seconds 
========================================================================
Received Import Request.
  Time since last request: 0.000083 seconds.
  path: Assets/PolygonCity/Models/Collisions/SM_Env_WaterEdge_Straight_01_Convex 1.asset
  artifactKey: Guid(67bf5f140894289489c2666f950d7c3d) Importer(815301076,1909f56bfc062723c751e8b465ee728b)
Start importing Assets/PolygonCity/Models/Collisions/SM_Env_WaterEdge_Straight_01_Convex 1.asset using Guid(67bf5f140894289489c2666f950d7c3d) Importer(815301076,1909f56bfc062723c751e8b465ee728b)  -> (artifact id: '4640ea5d95dc4a71668de573fafb8eee') in 0.050616 seconds 
========================================================================
Received Import Request.
  Time since last request: 0.000051 seconds.
  path: Assets/PolygonCity/Models/Collisions/SM_Env_WaterEdge_Straight_03_Convex 1.asset
  artifactKey: Guid(b5eca3fb3e3d65c42974aeec427a5093) Importer(815301076,1909f56bfc062723c751e8b465ee728b)
Start importing Assets/PolygonCity/Models/Collisions/SM_Env_WaterEdge_Straight_03_Convex 1.asset using Guid(b5eca3fb3e3d65c42974aeec427a5093) Importer(815301076,1909f56bfc062723c751e8b465ee728b)  -> (artifact id: '41ebc9629b5b99fb6b3ec2d009239ccc') in 0.051464 seconds 
========================================================================
Received Import Request.
  Time since last request: 32.201870 seconds.
  path: Packages/com.unity.searcher/Editor/Resources/FlatSkin/SearchSmallDownOn.png
  artifactKey: Guid(f353e9d22eb9164499dd70cb41b00244) Importer(815301076,1909f56bfc062723c751e8b465ee728b)
Start importing Packages/com.unity.searcher/Editor/Resources/FlatSkin/SearchSmallDownOn.png using Guid(f353e9d22eb9164499dd70cb41b00244) Importer(815301076,1909f56bfc062723c751e8b465ee728b)  -> (artifact id: '7a094b2d33df0d15da9c92cc09bc5c81') in 0.106054 seconds 
========================================================================
Received Import Request.
  Time since last request: 4.127935 seconds.
  path: Assets/PolygonCity/Models/Collisions/SM_Bld_Apartment_01_Convex 1.asset
  artifactKey: Guid(a7ce9dce58f7e114dbb88084da71c75c) Importer(815301076,1909f56bfc062723c751e8b465ee728b)
Start importing Assets/PolygonCity/Models/Collisions/SM_Bld_Apartment_01_Convex 1.asset using Guid(a7ce9dce58f7e114dbb88084da71c75c) Importer(815301076,1909f56bfc062723c751e8b465ee728b)  -> (artifact id: '028730bdf0b692f83514bb7fb89109f8') in 0.035378 seconds 
========================================================================
Received Import Request.
  Time since last request: 0.000034 seconds.
  path: Assets/PolygonCity/Models/Collisions/SM_Bld_Apartment_01_Convex 2.asset
  artifactKey: Guid(7909122c71f894e4798017d6b7deeaa7) Importer(815301076,1909f56bfc062723c751e8b465ee728b)
Start importing Assets/PolygonCity/Models/Collisions/SM_Bld_Apartment_01_Convex 2.asset using Guid(7909122c71f894e4798017d6b7deeaa7) Importer(815301076,1909f56bfc062723c751e8b465ee728b)  -> (artifact id: 'a6d5a23e2956fcb27c9b5d4d9b2bf48f') in 0.024400 seconds 
========================================================================
Received Import Request.
  Time since last request: 0.000029 seconds.
  path: Assets/PolygonCity/Models/Collisions/SM_Bld_Apartment_02_Convex 1.asset
  artifactKey: Guid(7ea8b95b5782d4d45bdf817a439a9d5a) Importer(815301076,1909f56bfc062723c751e8b465ee728b)
Start importing Assets/PolygonCity/Models/Collisions/SM_Bld_Apartment_02_Convex 1.asset using Guid(7ea8b95b5782d4d45bdf817a439a9d5a) Importer(815301076,1909f56bfc062723c751e8b465ee728b)  -> (artifact id: 'd12668b06cede392cd63cababdc82feb') in 0.023490 seconds 
========================================================================
Received Import Request.
  Time since last request: 0.000034 seconds.
  path: Assets/PolygonCity/Prefabs/Buildings/SM_Bld_Apartment_03.prefab
  artifactKey: Guid(87e255ee7b2544c45a73880dc218dceb) Importer(815301076,1909f56bfc062723c751e8b465ee728b)
Start importing Assets/PolygonCity/Prefabs/Buildings/SM_Bld_Apartment_03.prefab using Guid(87e255ee7b2544c45a73880dc218dceb) Importer(815301076,1909f56bfc062723c751e8b465ee728b)  -> (artifact id: '615285466c9f8c898c0db9bf25d9a324') in 0.041739 seconds 
========================================================================
Received Import Request.
  Time since last request: 0.000039 seconds.
  path: Assets/PolygonCity/Models/Collisions/SM_Bld_Apartment_Corner_01_Convex 1.asset
  artifactKey: Guid(3ae13dbba9d922745a0c303c1287bb1a) Importer(815301076,1909f56bfc062723c751e8b465ee728b)
Start importing Assets/PolygonCity/Models/Collisions/SM_Bld_Apartment_Corner_01_Convex 1.asset using Guid(3ae13dbba9d922745a0c303c1287bb1a) Importer(815301076,1909f56bfc062723c751e8b465ee728b)  -> (artifact id: '971a3b7e96cff0292fd7105489ca73d9') in 0.041376 seconds 
========================================================================
Received Import Request.
  Time since last request: 0.000043 seconds.
  path: Assets/PolygonCity/Models/Collisions/SM_Bld_Apartment_02_Convex.asset
  artifactKey: Guid(b7023bc803db03b48aab9e69180ce36a) Importer(815301076,1909f56bfc062723c751e8b465ee728b)
Start importing Assets/PolygonCity/Models/Collisions/SM_Bld_Apartment_02_Convex.asset using Guid(b7023bc803db03b48aab9e69180ce36a) Importer(815301076,1909f56bfc062723c751e8b465ee728b)  -> (artifact id: 'e12b97cd5b18b519a7e6ebd9c93d45ad') in 0.029413 seconds 
========================================================================
Received Import Request.
  Time since last request: 0.000036 seconds.
  path: Assets/PolygonCity/Models/Collisions/SM_Bld_Apartment_03_Convex 2.asset
  artifactKey: Guid(fabea28af68b5d4428358e8e0d2ccd51) Importer(815301076,1909f56bfc062723c751e8b465ee728b)
Start importing Assets/PolygonCity/Models/Collisions/SM_Bld_Apartment_03_Convex 2.asset using Guid(fabea28af68b5d4428358e8e0d2ccd51) Importer(815301076,1909f56bfc062723c751e8b465ee728b)  -> (artifact id: '237a48ce81b5d49dde75ee006d835b45') in 0.027815 seconds 
========================================================================
Received Import Request.
  Time since last request: 0.000031 seconds.
  path: Assets/PolygonCity/Prefabs/Buildings/SM_Bld_Apartment_02.prefab
  artifactKey: Guid(045266ddc5d5afd4bbceaaeda75189da) Importer(815301076,1909f56bfc062723c751e8b465ee728b)
Start importing Assets/PolygonCity/Prefabs/Buildings/SM_Bld_Apartment_02.prefab using Guid(045266ddc5d5afd4bbceaaeda75189da) Importer(815301076,1909f56bfc062723c751e8b465ee728b)  -> (artifact id: 'd7eb10e0e30e839cff34894dbe2e2baf') in 0.047057 seconds 
========================================================================
Received Import Request.
  Time since last request: 13.536641 seconds.
  path: Assets/PolygonCity/Models/Collisions/SM_Bld_Apartment_Corner_02_Convex 2.asset
  artifactKey: Guid(37045fac998129c4d9bc99b9a4b8525d) Importer(815301076,1909f56bfc062723c751e8b465ee728b)
Start importing Assets/PolygonCity/Models/Collisions/SM_Bld_Apartment_Corner_02_Convex 2.asset using Guid(37045fac998129c4d9bc99b9a4b8525d) Importer(815301076,1909f56bfc062723c751e8b465ee728b)  -> (artifact id: 'd0ae939034c77e4077305b01302bd12d') in 0.038374 seconds 
========================================================================
Received Import Request.
  Time since last request: 1.378148 seconds.
  path: Assets/PolygonCity/Models/Collisions/SM_Bld_Apartment_Corner_03_Convex 2.asset
  artifactKey: Guid(cf707266b7730b24e95d89c3a681b7eb) Importer(815301076,1909f56bfc062723c751e8b465ee728b)
Start importing Assets/PolygonCity/Models/Collisions/SM_Bld_Apartment_Corner_03_Convex 2.asset using Guid(cf707266b7730b24e95d89c3a681b7eb) Importer(815301076,1909f56bfc062723c751e8b465ee728b)  -> (artifact id: '04318071d7c37c9c918c4c5f7c3b646e') in 0.045289 seconds 
========================================================================
Received Import Request.
  Time since last request: 0.000029 seconds.
  path: Assets/PolygonCity/Models/Collisions/SM_Bld_Apartment_Door_01_Convex.asset
  artifactKey: Guid(8d5f395488c6bd4458b551114b7bf046) Importer(815301076,1909f56bfc062723c751e8b465ee728b)
Start importing Assets/PolygonCity/Models/Collisions/SM_Bld_Apartment_Door_01_Convex.asset using Guid(8d5f395488c6bd4458b551114b7bf046) Importer(815301076,1909f56bfc062723c751e8b465ee728b)  -> (artifact id: '5b656d8e9806c7282cca9b5e83fab3c3') in 0.030715 seconds 
========================================================================
Received Import Request.
  Time since last request: 0.557394 seconds.
  path: Assets/PolygonCity/Models/Collisions/SM_Bld_Apartment_Door_02_Convex 2.asset
  artifactKey: Guid(4da84be5638a1b544bfd5472e91f78a7) Importer(815301076,1909f56bfc062723c751e8b465ee728b)
Start importing Assets/PolygonCity/Models/Collisions/SM_Bld_Apartment_Door_02_Convex 2.asset using Guid(4da84be5638a1b544bfd5472e91f78a7) Importer(815301076,1909f56bfc062723c751e8b465ee728b)  -> (artifact id: 'f076109086dbb184dfb691de4bbea328') in 0.044796 seconds 
========================================================================
Received Import Request.
  Time since last request: 0.000030 seconds.
  path: Assets/PolygonCity/Models/Collisions/SM_Bld_Apartment_Door_Corner_01_Convex 1.asset
  artifactKey: Guid(2dfb665674b26b24fbba4e48247bf4e3) Importer(815301076,1909f56bfc062723c751e8b465ee728b)
Start importing Assets/PolygonCity/Models/Collisions/SM_Bld_Apartment_Door_Corner_01_Convex 1.asset using Guid(2dfb665674b26b24fbba4e48247bf4e3) Importer(815301076,1909f56bfc062723c751e8b465ee728b)  -> (artifact id: '8cb00f047b7c0aa0344a55e9dbab1ab0') in 0.040771 seconds 
========================================================================
Received Import Request.
  Time since last request: 0.000066 seconds.
  path: Assets/PolygonCity/Models/Collisions/SM_Bld_Apartment_Door_Corner_02_Convex 1.asset
  artifactKey: Guid(550b071dd9960504bb319038502901fc) Importer(815301076,1909f56bfc062723c751e8b465ee728b)
Start importing Assets/PolygonCity/Models/Collisions/SM_Bld_Apartment_Door_Corner_02_Convex 1.asset using Guid(550b071dd9960504bb319038502901fc) Importer(815301076,1909f56bfc062723c751e8b465ee728b)  -> (artifact id: 'd66b6df8e590a1eaab9ad38488d16784') in 0.035206 seconds 
========================================================================
Received Import Request.
  Time since last request: 0.484074 seconds.
  path: Assets/PolygonCity/Models/Collisions/SM_Bld_Apartment_Stack_02_Convex.asset
  artifactKey: Guid(b8702454cecb2ae4e95a3ecf4f69f178) Importer(815301076,1909f56bfc062723c751e8b465ee728b)
Start importing Assets/PolygonCity/Models/Collisions/SM_Bld_Apartment_Stack_02_Convex.asset using Guid(b8702454cecb2ae4e95a3ecf4f69f178) Importer(815301076,1909f56bfc062723c751e8b465ee728b)  -> (artifact id: 'de9f46cd412242c376a10f61f99f3ede') in 0.043486 seconds 
========================================================================
Received Import Request.
  Time since last request: 0.000030 seconds.
  path: Assets/PolygonCity/Models/Collisions/SM_Bld_Apartment_Stairs_01_Collision.fbx
  artifactKey: Guid(27d2d47fe6c269243a9fa526d47ec957) Importer(815301076,1909f56bfc062723c751e8b465ee728b)
Start importing Assets/PolygonCity/Models/Collisions/SM_Bld_Apartment_Stairs_01_Collision.fbx using Guid(27d2d47fe6c269243a9fa526d47ec957) Importer(815301076,1909f56bfc062723c751e8b465ee728b)  -> (artifact id: 'e95be52397ff274a332f9bf74a3ed0cc') in 0.037302 seconds 
========================================================================
Received Import Request.
  Time since last request: 0.000023 seconds.
  path: Assets/PolygonCity/Models/Collisions/SM_Bld_Apartment_Stairs_01_Convex.asset
  artifactKey: Guid(ed0cdc21e47e51a4d9ff2619bad8ca96) Importer(815301076,1909f56bfc062723c751e8b465ee728b)
Start importing Assets/PolygonCity/Models/Collisions/SM_Bld_Apartment_Stairs_01_Convex.asset using Guid(ed0cdc21e47e51a4d9ff2619bad8ca96) Importer(815301076,1909f56bfc062723c751e8b465ee728b)  -> (artifact id: 'bfc307e768ede5afc75d9953785a84a9') in 0.029416 seconds 
========================================================================
Received Import Request.
  Time since last request: 0.000082 seconds.
  path: Assets/PolygonCity/Models/Collisions/SM_Bld_Apartment_Stairs_03_Convex.asset
  artifactKey: Guid(3452e82e0f5375c40820dc6c4f21c557) Importer(815301076,1909f56bfc062723c751e8b465ee728b)
Start importing Assets/PolygonCity/Models/Collisions/SM_Bld_Apartment_Stairs_03_Convex.asset using Guid(3452e82e0f5375c40820dc6c4f21c557) Importer(815301076,1909f56bfc062723c751e8b465ee728b)  -> (artifact id: 'a7372d52debb0c2fb7362d279d16e5bc') in 0.034856 seconds 
========================================================================
Received Import Request.
  Time since last request: 0.000048 seconds.
  path: Assets/PolygonCity/Models/Collisions/SM_Bld_Apartment_Stairs_03_Convex 2.asset
  artifactKey: Guid(bc46806416e3e194c8db5545ad27ad72) Importer(815301076,1909f56bfc062723c751e8b465ee728b)
Start importing Assets/PolygonCity/Models/Collisions/SM_Bld_Apartment_Stairs_03_Convex 2.asset using Guid(bc46806416e3e194c8db5545ad27ad72) Importer(815301076,1909f56bfc062723c751e8b465ee728b)  -> (artifact id: '9f41a63963569340c473ad00825b7c8f') in 0.087592 seconds 
========================================================================
Received Import Request.
  Time since last request: 0.215659 seconds.
  path: Assets/PolygonCity/Models/Collisions/SM_Bld_Apartment_Stairs_Corner_01_Convex.asset
  artifactKey: Guid(affefda31f709344d97ea8717cab7a23) Importer(815301076,1909f56bfc062723c751e8b465ee728b)
Start importing Assets/PolygonCity/Models/Collisions/SM_Bld_Apartment_Stairs_Corner_01_Convex.asset using Guid(affefda31f709344d97ea8717cab7a23) Importer(815301076,1909f56bfc062723c751e8b465ee728b)  -> (artifact id: '2c43f759f5d2e1f3cd2c1fb056fa617b') in 0.030287 seconds 
========================================================================
Received Import Request.
  Time since last request: 0.000023 seconds.
  path: Assets/PolygonCity/Models/Collisions/SM_Bld_Apartment_Stairs_Corner_01_Convex 2.asset
  artifactKey: Guid(625bcaee86c5f914cbe750774120f726) Importer(815301076,1909f56bfc062723c751e8b465ee728b)
Start importing Assets/PolygonCity/Models/Collisions/SM_Bld_Apartment_Stairs_Corner_01_Convex 2.asset using Guid(625bcaee86c5f914cbe750774120f726) Importer(815301076,1909f56bfc062723c751e8b465ee728b)  -> (artifact id: '1d9eccc6a2c117c55a780dabfdcf3abd') in 0.105117 seconds 
========================================================================
Received Import Request.
  Time since last request: 0.000040 seconds.
  path: Assets/PolygonCity/Models/Collisions/SM_Bld_Cover_02_Convex.asset
  artifactKey: Guid(6ab1c0a5f9f530d42a8b1a6339e5ba0b) Importer(815301076,1909f56bfc062723c751e8b465ee728b)
Start importing Assets/PolygonCity/Models/Collisions/SM_Bld_Cover_02_Convex.asset using Guid(6ab1c0a5f9f530d42a8b1a6339e5ba0b) Importer(815301076,1909f56bfc062723c751e8b465ee728b)  -> (artifact id: 'b77b36fbb90e16d8655a0264c0dfa458') in 0.028822 seconds 
========================================================================
Received Import Request.
  Time since last request: 0.000078 seconds.
  path: Assets/PolygonCity/Models/Collisions/SM_Bld_Cover_01_Convex 1.asset
  artifactKey: Guid(00f2cc3f4aa1ab64cac24396468a1d6a) Importer(815301076,1909f56bfc062723c751e8b465ee728b)
Start importing Assets/PolygonCity/Models/Collisions/SM_Bld_Cover_01_Convex 1.asset using Guid(00f2cc3f4aa1ab64cac24396468a1d6a) Importer(815301076,1909f56bfc062723c751e8b465ee728b)  -> (artifact id: '9d2e2dccfdbdc0f4a23605a068092531') in 0.053359 seconds 
========================================================================
Received Import Request.
  Time since last request: 0.000056 seconds.
  path: Assets/PolygonCity/Models/Collisions/SM_Bld_CityHall_01_Convex 2.asset
  artifactKey: Guid(5c7b4279da146b94480095e09eb08388) Importer(815301076,1909f56bfc062723c751e8b465ee728b)
Start importing Assets/PolygonCity/Models/Collisions/SM_Bld_CityHall_01_Convex 2.asset using Guid(5c7b4279da146b94480095e09eb08388) Importer(815301076,1909f56bfc062723c751e8b465ee728b)  -> (artifact id: 'f619fc5bc2af464bfdf8c3e6b85f009c') in 0.061198 seconds 
========================================================================
Received Import Request.
  Time since last request: 0.000023 seconds.
  path: Assets/PolygonCity/Models/Collisions/SM_Bld_Apartment_Stairs_Planter_02_Convex 1.asset
  artifactKey: Guid(2610157a98762644da4c88d89a1f99d1) Importer(815301076,1909f56bfc062723c751e8b465ee728b)
Start importing Assets/PolygonCity/Models/Collisions/SM_Bld_Apartment_Stairs_Planter_02_Convex 1.asset using Guid(2610157a98762644da4c88d89a1f99d1) Importer(815301076,1909f56bfc062723c751e8b465ee728b)  -> (artifact id: 'a233a8be8f9e2dae06ad633bde27988c') in 0.044099 seconds 
========================================================================
Received Import Request.
  Time since last request: 0.163602 seconds.
  path: Assets/PolygonCity/Models/Collisions/SM_Bld_FireEscape_03_Convex.asset
  artifactKey: Guid(45ef003a6dcd4a349bffba05178857d3) Importer(815301076,1909f56bfc062723c751e8b465ee728b)
Start importing Assets/PolygonCity/Models/Collisions/SM_Bld_FireEscape_03_Convex.asset using Guid(45ef003a6dcd4a349bffba05178857d3) Importer(815301076,1909f56bfc062723c751e8b465ee728b)  -> (artifact id: '7671da088994b8e5ba5cdde4882b08b9') in 0.036776 seconds 
========================================================================
Received Import Request.
  Time since last request: 0.000039 seconds.
  path: Assets/PolygonCity/Models/Collisions/SM_Bld_OfficeOctagon_01_Convex.asset
  artifactKey: Guid(9dd0f03ab7172144f8959a8b367af195) Importer(815301076,1909f56bfc062723c751e8b465ee728b)
Start importing Assets/PolygonCity/Models/Collisions/SM_Bld_OfficeOctagon_01_Convex.asset using Guid(9dd0f03ab7172144f8959a8b367af195) Importer(815301076,1909f56bfc062723c751e8b465ee728b)  -> (artifact id: 'f2e4e8ea7cc88eaf27c5edf8dc2a4e2f') in 0.024923 seconds 
========================================================================
Received Import Request.
  Time since last request: 0.000059 seconds.
  path: Assets/PolygonCity/Models/Collisions/SM_Bld_OfficeOctagon_Base_01_Convex.asset
  artifactKey: Guid(17b5f469323d25340b8ebc92502a8075) Importer(815301076,1909f56bfc062723c751e8b465ee728b)
Start importing Assets/PolygonCity/Models/Collisions/SM_Bld_OfficeOctagon_Base_01_Convex.asset using Guid(17b5f469323d25340b8ebc92502a8075) Importer(815301076,1909f56bfc062723c751e8b465ee728b)  -> (artifact id: '99b34897cd3af174578350f998d293c3') in 0.027849 seconds 
========================================================================
Received Import Request.
  Time since last request: 0.000050 seconds.
  path: Assets/PolygonCity/Models/Collisions/SM_Bld_OfficeOld_Large_02_Convex 1.asset
  artifactKey: Guid(653b63cf4e5fdfd47962000c6f85b7c2) Importer(815301076,1909f56bfc062723c751e8b465ee728b)
Start importing Assets/PolygonCity/Models/Collisions/SM_Bld_OfficeOld_Large_02_Convex 1.asset using Guid(653b63cf4e5fdfd47962000c6f85b7c2) Importer(815301076,1909f56bfc062723c751e8b465ee728b)  -> (artifact id: '8bf075bdd2b041e0892f2ae6ed111444') in 0.039752 seconds 
========================================================================
Received Import Request.
  Time since last request: 0.000026 seconds.
  path: Assets/PolygonCity/Models/Collisions/SM_Bld_OfficeOld_Large_02_Convex.asset
  artifactKey: Guid(25f6b321c135ac441a9196f9fd482696) Importer(815301076,1909f56bfc062723c751e8b465ee728b)
Start importing Assets/PolygonCity/Models/Collisions/SM_Bld_OfficeOld_Large_02_Convex.asset using Guid(25f6b321c135ac441a9196f9fd482696) Importer(815301076,1909f56bfc062723c751e8b465ee728b)  -> (artifact id: 'f504842b1a3a8a86ee4e479a6a04057d') in 0.027118 seconds 
========================================================================
Received Import Request.
  Time since last request: 0.432445 seconds.
  path: Assets/PolygonCity/Models/Collisions/SM_Bld_OfficeOld_Large_Floor_01_Convex.asset
  artifactKey: Guid(accb48b7202926e4c9c9206c025647ce) Importer(815301076,1909f56bfc062723c751e8b465ee728b)
Start importing Assets/PolygonCity/Models/Collisions/SM_Bld_OfficeOld_Large_Floor_01_Convex.asset using Guid(accb48b7202926e4c9c9206c025647ce) Importer(815301076,1909f56bfc062723c751e8b465ee728b)  -> (artifact id: '7768d1cd9e9942346837ca4bed16cdc0') in 0.044576 seconds 
========================================================================
Received Import Request.
  Time since last request: 0.000051 seconds.
  path: Assets/PolygonCity/Models/Collisions/SM_Bld_OfficeOld_Large_Roof_01_Convex 1.asset
  artifactKey: Guid(c9031c5312642a249b43cd7a0160f338) Importer(815301076,1909f56bfc062723c751e8b465ee728b)
Start importing Assets/PolygonCity/Models/Collisions/SM_Bld_OfficeOld_Large_Roof_01_Convex 1.asset using Guid(c9031c5312642a249b43cd7a0160f338) Importer(815301076,1909f56bfc062723c751e8b465ee728b)  -> (artifact id: 'b210bb2bbb7f57b5fc7966faac9b49ec') in 0.039566 seconds 
========================================================================
Received Import Request.
  Time since last request: 0.000041 seconds.
  path: Assets/PolygonCity/Models/Collisions/SM_Bld_OfficeOld_Large_Floor_01_Convex 1.asset
  artifactKey: Guid(d23320a9fc5da0244b9c2f2a9447926b) Importer(815301076,1909f56bfc062723c751e8b465ee728b)
Start importing Assets/PolygonCity/Models/Collisions/SM_Bld_OfficeOld_Large_Floor_01_Convex 1.asset using Guid(d23320a9fc5da0244b9c2f2a9447926b) Importer(815301076,1909f56bfc062723c751e8b465ee728b)  -> (artifact id: 'bf1a40932cae0d8a9f25b54a06050b91') in 0.049947 seconds 
========================================================================
Received Import Request.
  Time since last request: 0.000092 seconds.
  path: Assets/PolygonCity/Models/Collisions/SM_Bld_OfficeOld_Small_01_Convex 9.asset
  artifactKey: Guid(0f4ca517781d6d54aaa22cded214061d) Importer(815301076,1909f56bfc062723c751e8b465ee728b)
Start importing Assets/PolygonCity/Models/Collisions/SM_Bld_OfficeOld_Small_01_Convex 9.asset using Guid(0f4ca517781d6d54aaa22cded214061d) Importer(815301076,1909f56bfc062723c751e8b465ee728b)  -> (artifact id: '81b7c357ada7b680e961770bd881e9c8') in 0.047264 seconds 
========================================================================
Received Import Request.
  Time since last request: 0.000033 seconds.
  path: Assets/PolygonCity/Models/Collisions/SM_Bld_OfficeRound_01_Convex 1.asset
  artifactKey: Guid(aca870d3aeae0144aa87894aa358fa0d) Importer(815301076,1909f56bfc062723c751e8b465ee728b)
Start importing Assets/PolygonCity/Models/Collisions/SM_Bld_OfficeRound_01_Convex 1.asset using Guid(aca870d3aeae0144aa87894aa358fa0d) Importer(815301076,1909f56bfc062723c751e8b465ee728b)  -> (artifact id: '60f36dbb3fec3355b8d445d5e446c4d9') in 0.042189 seconds 
========================================================================
Received Import Request.
  Time since last request: 0.000040 seconds.
  path: Assets/PolygonCity/Models/Collisions/SM_Bld_OfficeOld_Small_Floor_01_Convex 1.asset
  artifactKey: Guid(0513d2c8a95570e4da425687e789d6ae) Importer(815301076,1909f56bfc062723c751e8b465ee728b)
Start importing Assets/PolygonCity/Models/Collisions/SM_Bld_OfficeOld_Small_Floor_01_Convex 1.asset using Guid(0513d2c8a95570e4da425687e789d6ae) Importer(815301076,1909f56bfc062723c751e8b465ee728b)  -> (artifact id: '5ddc569079e694e84a0a652d500c783e') in 0.039923 seconds 
========================================================================
Received Import Request.
  Time since last request: 0.000046 seconds.
  path: Assets/PolygonCity/Models/Collisions/SM_Bld_OfficeOld_Large_Roof_01_Convex.asset
  artifactKey: Guid(1e4b2ab1a84a4c842b0e9a9a54af1681) Importer(815301076,1909f56bfc062723c751e8b465ee728b)
Start importing Assets/PolygonCity/Models/Collisions/SM_Bld_OfficeOld_Large_Roof_01_Convex.asset using Guid(1e4b2ab1a84a4c842b0e9a9a54af1681) Importer(815301076,1909f56bfc062723c751e8b465ee728b)  -> (artifact id: 'dfdd90d0a364c0556a84bd1359a79299') in 0.024586 seconds 
========================================================================
Received Import Request.
  Time since last request: 0.000037 seconds.
  path: Assets/PolygonCity/Models/Collisions/SM_Bld_OfficeOld_Small_02_Convex.asset
  artifactKey: Guid(9baaaf6925e29e94d8776ca2b97fb605) Importer(815301076,1909f56bfc062723c751e8b465ee728b)
Start importing Assets/PolygonCity/Models/Collisions/SM_Bld_OfficeOld_Small_02_Convex.asset using Guid(9baaaf6925e29e94d8776ca2b97fb605) Importer(815301076,1909f56bfc062723c751e8b465ee728b)  -> (artifact id: 'ad0a03fac87c70557bb9ef0736aa49a5') in 0.027182 seconds 
========================================================================
Received Import Request.
  Time since last request: 0.000024 seconds.
  path: Assets/PolygonCity/Models/Collisions/SM_Bld_OfficeOld_Small_Floor_01_Convex.asset
  artifactKey: Guid(7858c6e518889e3468d44506d385fc4c) Importer(815301076,1909f56bfc062723c751e8b465ee728b)
Start importing Assets/PolygonCity/Models/Collisions/SM_Bld_OfficeOld_Small_Floor_01_Convex.asset using Guid(7858c6e518889e3468d44506d385fc4c) Importer(815301076,1909f56bfc062723c751e8b465ee728b)  -> (artifact id: '2807b3391fa4e08b00190617f234fb47') in 0.031385 seconds 
========================================================================
Received Import Request.
  Time since last request: 0.000061 seconds.
  path: Assets/PolygonCity/Models/Collisions/SM_Bld_OfficeRound_01_Convex.asset
  artifactKey: Guid(4e11a635cd0c024409d7adbbc388ee04) Importer(815301076,1909f56bfc062723c751e8b465ee728b)
Start importing Assets/PolygonCity/Models/Collisions/SM_Bld_OfficeRound_01_Convex.asset using Guid(4e11a635cd0c024409d7adbbc388ee04) Importer(815301076,1909f56bfc062723c751e8b465ee728b)  -> (artifact id: '3df6f7d0ff02b8ffabb5e8c18e192922') in 0.026405 seconds 
========================================================================
Received Import Request.
  Time since last request: 0.137984 seconds.
  path: Assets/PolygonCity/Models/Collisions/SM_Bld_OfficeRound_03_Convex.asset
  artifactKey: Guid(9da720941ab2a3547ab9059ab7048221) Importer(815301076,1909f56bfc062723c751e8b465ee728b)
Start importing Assets/PolygonCity/Models/Collisions/SM_Bld_OfficeRound_03_Convex.asset using Guid(9da720941ab2a3547ab9059ab7048221) Importer(815301076,1909f56bfc062723c751e8b465ee728b)  -> (artifact id: '7c2ca6161e23c9c7255e70f84e330239') in 0.047507 seconds 
========================================================================
Received Import Request.
  Time since last request: 0.000055 seconds.
  path: Assets/PolygonCity/Models/Collisions/SM_Bld_OfficeRound_04_Convex 1.asset
  artifactKey: Guid(f617f930f31b52340b6e11244098daec) Importer(815301076,1909f56bfc062723c751e8b465ee728b)
Start importing Assets/PolygonCity/Models/Collisions/SM_Bld_OfficeRound_04_Convex 1.asset using Guid(f617f930f31b52340b6e11244098daec) Importer(815301076,1909f56bfc062723c751e8b465ee728b)  -> (artifact id: '4c848d875523cc83684618271281057d') in 0.038621 seconds 
========================================================================
Received Import Request.
  Time since last request: 0.000042 seconds.
  path: Assets/PolygonCity/Models/Collisions/SM_Bld_OfficeSquare_02_Convex.asset
  artifactKey: Guid(8ebc5710025da7b4683d76258ca27f54) Importer(815301076,1909f56bfc062723c751e8b465ee728b)
Start importing Assets/PolygonCity/Models/Collisions/SM_Bld_OfficeSquare_02_Convex.asset using Guid(8ebc5710025da7b4683d76258ca27f54) Importer(815301076,1909f56bfc062723c751e8b465ee728b)  -> (artifact id: 'e438cedad58286b8612d98a3a19d0dc7') in 0.034397 seconds 
========================================================================
Received Import Request.
  Time since last request: 0.000028 seconds.
  path: Assets/PolygonCity/Models/Collisions/SM_Bld_OfficeRound_Roof_01_Convex.asset
  artifactKey: Guid(cb24ac5cab5bf544d898730dcdb95572) Importer(815301076,1909f56bfc062723c751e8b465ee728b)
Start importing Assets/PolygonCity/Models/Collisions/SM_Bld_OfficeRound_Roof_01_Convex.asset using Guid(cb24ac5cab5bf544d898730dcdb95572) Importer(815301076,1909f56bfc062723c751e8b465ee728b)  -> (artifact id: '2536f76fa9949fad5f6943dd32ad1ca1') in 0.026350 seconds 
========================================================================
Received Import Request.
  Time since last request: 0.000048 seconds.
  path: Assets/PolygonCity/Models/Collisions/SM_Bld_OfficeRound_Roof_01_Convex 1.asset
  artifactKey: Guid(6f2086f3336bccd4eb86cd3abc8bf2f6) Importer(815301076,1909f56bfc062723c751e8b465ee728b)
Start importing Assets/PolygonCity/Models/Collisions/SM_Bld_OfficeRound_Roof_01_Convex 1.asset using Guid(6f2086f3336bccd4eb86cd3abc8bf2f6) Importer(815301076,1909f56bfc062723c751e8b465ee728b)  -> (artifact id: '6d99d1972b7e48e6083dccc25561c0bd') in 0.025171 seconds 
========================================================================
Received Import Request.
  Time since last request: 0.000031 seconds.
  path: Assets/PolygonCity/Models/Collisions/SM_Bld_OfficeRound_Roof_01_Convex 2.asset
  artifactKey: Guid(23c4964fa2b832e4f8aa616b29ae0ef9) Importer(815301076,1909f56bfc062723c751e8b465ee728b)
Start importing Assets/PolygonCity/Models/Collisions/SM_Bld_OfficeRound_Roof_01_Convex 2.asset using Guid(23c4964fa2b832e4f8aa616b29ae0ef9) Importer(815301076,1909f56bfc062723c751e8b465ee728b)  -> (artifact id: 'a866faa3819019e3bc37e26c5a7d82a1') in 0.027814 seconds 
========================================================================
Received Import Request.
  Time since last request: 0.211404 seconds.
  path: Assets/PolygonCity/Models/Collisions/SM_Bld_OfficeSquare_Base_01_Convex.asset
  artifactKey: Guid(a26dc6492e29f694f8188ef15a740071) Importer(815301076,1909f56bfc062723c751e8b465ee728b)
Start importing Assets/PolygonCity/Models/Collisions/SM_Bld_OfficeSquare_Base_01_Convex.asset using Guid(a26dc6492e29f694f8188ef15a740071) Importer(815301076,1909f56bfc062723c751e8b465ee728b)  -> (artifact id: '405cf34a44de7c9767d316c8c4ba9139') in 0.049040 seconds 
========================================================================
Received Import Request.
  Time since last request: 0.000047 seconds.
  path: Assets/PolygonCity/Models/Collisions/SM_Bld_Shop_02_Convex.asset
  artifactKey: Guid(3edf568210c5c534ea31ec98ce09bbe3) Importer(815301076,1909f56bfc062723c751e8b465ee728b)
Start importing Assets/PolygonCity/Models/Collisions/SM_Bld_Shop_02_Convex.asset using Guid(3edf568210c5c534ea31ec98ce09bbe3) Importer(815301076,1909f56bfc062723c751e8b465ee728b)  -> (artifact id: '043bb39fa33ae70b60a8ef248179426e') in 0.035246 seconds 
========================================================================
Received Import Request.
  Time since last request: 0.000046 seconds.
  path: Assets/PolygonCity/Models/Collisions/SM_Bld_Shop_04_Convex.asset
  artifactKey: Guid(6aa0cf3ed893c0549a3b7b07572c68fa) Importer(815301076,1909f56bfc062723c751e8b465ee728b)
Start importing Assets/PolygonCity/Models/Collisions/SM_Bld_Shop_04_Convex.asset using Guid(6aa0cf3ed893c0549a3b7b07572c68fa) Importer(815301076,1909f56bfc062723c751e8b465ee728b)  -> (artifact id: '236009694531faddfe46d32651ba6ecf') in 0.035003 seconds 
========================================================================
Received Import Request.
  Time since last request: 0.000022 seconds.
  path: Assets/PolygonCity/Models/Collisions/SM_Bld_Shop_04_Convex 1.asset
  artifactKey: Guid(da9d4a2716b5ebb4eab5229165377692) Importer(815301076,1909f56bfc062723c751e8b465ee728b)
Start importing Assets/PolygonCity/Models/Collisions/SM_Bld_Shop_04_Convex 1.asset using Guid(da9d4a2716b5ebb4eab5229165377692) Importer(815301076,1909f56bfc062723c751e8b465ee728b)  -> (artifact id: '154a54c3a927821541c4ac57b5e4cc42') in 0.042256 seconds 
========================================================================
Received Import Request.
  Time since last request: 0.247299 seconds.
  path: Assets/PolygonCity/Models/Collisions/SM_Bld_Shop_06_Convex.asset
  artifactKey: Guid(459223ca71b736643becc921e27f3e02) Importer(815301076,1909f56bfc062723c751e8b465ee728b)
Start importing Assets/PolygonCity/Models/Collisions/SM_Bld_Shop_06_Convex.asset using Guid(459223ca71b736643becc921e27f3e02) Importer(815301076,1909f56bfc062723c751e8b465ee728b)  -> (artifact id: '87305b19169a2a656c77bfaac97e8035') in 0.034320 seconds 
========================================================================
Received Import Request.
  Time since last request: 0.000041 seconds.
  path: Assets/PolygonCity/Models/Collisions/SM_Bld_Shop_06_Convex 1.asset
  artifactKey: Guid(567d5002e10c8d24fa4d3634f74468d2) Importer(815301076,1909f56bfc062723c751e8b465ee728b)
Start importing Assets/PolygonCity/Models/Collisions/SM_Bld_Shop_06_Convex 1.asset using Guid(567d5002e10c8d24fa4d3634f74468d2) Importer(815301076,1909f56bfc062723c751e8b465ee728b)  -> (artifact id: 'c823173e78010f6fc166bd485bbc3c16') in 0.048813 seconds 
========================================================================
Received Import Request.
  Time since last request: 0.000027 seconds.
  path: Assets/PolygonCity/Models/Collisions/SM_Bld_Shop_Cover_03_Convex.asset
  artifactKey: Guid(13a5566062f2ddf4bafd264836e0c8e8) Importer(815301076,1909f56bfc062723c751e8b465ee728b)
Start importing Assets/PolygonCity/Models/Collisions/SM_Bld_Shop_Cover_03_Convex.asset using Guid(13a5566062f2ddf4bafd264836e0c8e8) Importer(815301076,1909f56bfc062723c751e8b465ee728b)  -> (artifact id: 'fa65b8dfbe1f70bc59d5db0960e6213b') in 0.040318 seconds 
========================================================================
Received Import Request.
  Time since last request: 0.000065 seconds.
  path: Assets/PolygonCity/Models/Collisions/SM_Bld_Shop_Corner_01_Convex 1.asset
  artifactKey: Guid(0ae9f62842940cd45ba901337d7763a8) Importer(815301076,1909f56bfc062723c751e8b465ee728b)
Start importing Assets/PolygonCity/Models/Collisions/SM_Bld_Shop_Corner_01_Convex 1.asset using Guid(0ae9f62842940cd45ba901337d7763a8) Importer(815301076,1909f56bfc062723c751e8b465ee728b)  -> (artifact id: '7197ca07523c8f07373d279157586a99') in 0.045535 seconds 
========================================================================
Received Import Request.
  Time since last request: 0.217708 seconds.
  path: Assets/PolygonCity/Models/Collisions/SM_Bld_Shop_Cover_05_Convex.asset
  artifactKey: Guid(7a0b232c70b5dfe419afa0fbc2416eed) Importer(815301076,1909f56bfc062723c751e8b465ee728b)
Start importing Assets/PolygonCity/Models/Collisions/SM_Bld_Shop_Cover_05_Convex.asset using Guid(7a0b232c70b5dfe419afa0fbc2416eed) Importer(815301076,1909f56bfc062723c751e8b465ee728b)  -> (artifact id: '98d5287bc3e67e080e5045ca9bca20c4') in 0.040404 seconds 
========================================================================
Received Import Request.
  Time since last request: 0.000032 seconds.
  path: Assets/PolygonCity/Models/Collisions/SM_Bld_Station_01_Convex 1.asset
  artifactKey: Guid(4af721d7c4a2f6e4c97ff5288cdaf01e) Importer(815301076,1909f56bfc062723c751e8b465ee728b)
Start importing Assets/PolygonCity/Models/Collisions/SM_Bld_Station_01_Convex 1.asset using Guid(4af721d7c4a2f6e4c97ff5288cdaf01e) Importer(815301076,1909f56bfc062723c751e8b465ee728b)  -> (artifact id: '67dbd14d5b9335400cec20ff9db759a6') in 0.059387 seconds 
========================================================================
Received Import Request.
  Time since last request: 0.000041 seconds.
  path: Assets/PolygonCity/Models/Collisions/SM_Bld_Station_03_Convex.asset
  artifactKey: Guid(10bfc13f63c80ed4f9aeec376d997c57) Importer(815301076,1909f56bfc062723c751e8b465ee728b)
Start importing Assets/PolygonCity/Models/Collisions/SM_Bld_Station_03_Convex.asset using Guid(10bfc13f63c80ed4f9aeec376d997c57) Importer(815301076,1909f56bfc062723c751e8b465ee728b)  -> (artifact id: '0e1aab954d4cf3bbb69d110da7cb2130') in 0.029459 seconds 
========================================================================
Received Import Request.
  Time since last request: 0.000046 seconds.
  path: Assets/PolygonCity/Models/Collisions/SM_Bld_Station_02_Convex 2.asset
  artifactKey: Guid(f7428479f5c6ecf429382d316112ba44) Importer(815301076,1909f56bfc062723c751e8b465ee728b)
Start importing Assets/PolygonCity/Models/Collisions/SM_Bld_Station_02_Convex 2.asset using Guid(f7428479f5c6ecf429382d316112ba44) Importer(815301076,1909f56bfc062723c751e8b465ee728b)  -> (artifact id: '454972bcbfe02edbf2fbbf23a23e2ffd') in 0.038653 seconds 
========================================================================
Received Import Request.
  Time since last request: 0.000058 seconds.
  path: Assets/PolygonCity/Models/Collisions/SM_Env_Cloud_01_Convex.asset
  artifactKey: Guid(4f9b715e7f4b29e418a3a5f46957c3b4) Importer(815301076,1909f56bfc062723c751e8b465ee728b)
Start importing Assets/PolygonCity/Models/Collisions/SM_Env_Cloud_01_Convex.asset using Guid(4f9b715e7f4b29e418a3a5f46957c3b4) Importer(815301076,1909f56bfc062723c751e8b465ee728b)  -> (artifact id: '63e0a0a1b114246d4942285ffb1632df') in 0.042375 seconds 
========================================================================
Received Import Request.
  Time since last request: 0.000051 seconds.
  path: Assets/PolygonCity/Models/Collisions/SM_Env_Cloud_01_Convex 1.asset
  artifactKey: Guid(bdfb2cd57127f7a49b8e248c4f592391) Importer(815301076,1909f56bfc062723c751e8b465ee728b)
Start importing Assets/PolygonCity/Models/Collisions/SM_Env_Cloud_01_Convex 1.asset using Guid(bdfb2cd57127f7a49b8e248c4f592391) Importer(815301076,1909f56bfc062723c751e8b465ee728b)  -> (artifact id: '623cc512495845e0220cb279b5853973') in 0.044481 seconds 
========================================================================
Received Import Request.
  Time since last request: 0.145924 seconds.
  path: Assets/PolygonCity/Models/Collisions/SM_Env_Cloud_03_Convex 1.asset
  artifactKey: Guid(d3c3ee7f069db0e46bb556da71739cd5) Importer(815301076,1909f56bfc062723c751e8b465ee728b)
Start importing Assets/PolygonCity/Models/Collisions/SM_Env_Cloud_03_Convex 1.asset using Guid(d3c3ee7f069db0e46bb556da71739cd5) Importer(815301076,1909f56bfc062723c751e8b465ee728b)  -> (artifact id: '5f1e56c258fdb81ff711aa99eea5183b') in 0.043767 seconds 
========================================================================
Received Import Request.
  Time since last request: 0.000046 seconds.
  path: Assets/PolygonCity/Models/Collisions/SM_Env_Grass_01_Convex.asset
  artifactKey: Guid(b6400108a3859f540bd9e3f2e33d42c9) Importer(815301076,1909f56bfc062723c751e8b465ee728b)
Start importing Assets/PolygonCity/Models/Collisions/SM_Env_Grass_01_Convex.asset using Guid(b6400108a3859f540bd9e3f2e33d42c9) Importer(815301076,1909f56bfc062723c751e8b465ee728b)  -> (artifact id: '5b5ea5989c04a3fbbf1747456aceff3e') in 0.041405 seconds 
========================================================================
Received Import Request.
  Time since last request: 0.000027 seconds.
  path: Assets/PolygonCity/Models/Collisions/SM_Env_Road_Arrow_01_Convex.asset
  artifactKey: Guid(9af803fe89f99e54a89bc074b24305b3) Importer(815301076,1909f56bfc062723c751e8b465ee728b)
Start importing Assets/PolygonCity/Models/Collisions/SM_Env_Road_Arrow_01_Convex.asset using Guid(9af803fe89f99e54a89bc074b24305b3) Importer(815301076,1909f56bfc062723c751e8b465ee728b)  -> (artifact id: '38877c73c09875f4c4bfaef8ffd0d5bb') in 0.042788 seconds 
========================================================================
Received Import Request.
  Time since last request: 0.000068 seconds.
  path: Assets/PolygonCity/Models/Collisions/SM_Env_Fence_End_01_Convex 1.asset
  artifactKey: Guid(48a45c6fc26afb044aa8c203da5ca6a1) Importer(815301076,1909f56bfc062723c751e8b465ee728b)
Start importing Assets/PolygonCity/Models/Collisions/SM_Env_Fence_End_01_Convex 1.asset using Guid(48a45c6fc26afb044aa8c203da5ca6a1) Importer(815301076,1909f56bfc062723c751e8b465ee728b)  -> (artifact id: 'dfc6d185edcb7759faee417868a35814') in 0.045997 seconds 
========================================================================
Received Import Request.
  Time since last request: 0.000046 seconds.
  path: Assets/PolygonCity/Models/Collisions/SM_Env_GrassPath_Straight_01_Convex.asset
  artifactKey: Guid(67533c2384c3e934bbaaf14ea1211b0b) Importer(815301076,1909f56bfc062723c751e8b465ee728b)
Start importing Assets/PolygonCity/Models/Collisions/SM_Env_GrassPath_Straight_01_Convex.asset using Guid(67533c2384c3e934bbaaf14ea1211b0b) Importer(815301076,1909f56bfc062723c751e8b465ee728b)  -> (artifact id: '988f168b5ab596dfd9eb06c831cd5093') in 0.030507 seconds 
========================================================================
Received Import Request.
  Time since last request: 0.063672 seconds.
  path: Assets/PolygonCity/Models/Collisions/SM_Env_Road_Crossing_01_Convex.asset
  artifactKey: Guid(2c858a1bf61222d4c8dd396cba9445f7) Importer(815301076,1909f56bfc062723c751e8b465ee728b)
Start importing Assets/PolygonCity/Models/Collisions/SM_Env_Road_Crossing_01_Convex.asset using Guid(2c858a1bf61222d4c8dd396cba9445f7) Importer(815301076,1909f56bfc062723c751e8b465ee728b)  -> (artifact id: 'a756fcb150afddbfe053207c61e9ea7d') in 0.040963 seconds 
========================================================================
Received Import Request.
  Time since last request: 0.000054 seconds.
  path: Assets/PolygonCity/Models/Collisions/SM_Env_Road_Lines_01_Convex.asset
  artifactKey: Guid(e9671fa13669de84daa608f964bba112) Importer(815301076,1909f56bfc062723c751e8b465ee728b)
Start importing Assets/PolygonCity/Models/Collisions/SM_Env_Road_Lines_01_Convex.asset using Guid(e9671fa13669de84daa608f964bba112) Importer(815301076,1909f56bfc062723c751e8b465ee728b)  -> (artifact id: '4a9c1314dbc5f876c34da8e9be0332b2') in 0.038745 seconds 
========================================================================
Received Import Request.
  Time since last request: 0.000046 seconds.
  path: Assets/PolygonCity/Models/Collisions/SM_Env_Road_Median_02_Convex.asset
  artifactKey: Guid(c1229252484a82049bd2a6b977226828) Importer(815301076,1909f56bfc062723c751e8b465ee728b)
Start importing Assets/PolygonCity/Models/Collisions/SM_Env_Road_Median_02_Convex.asset using Guid(c1229252484a82049bd2a6b977226828) Importer(815301076,1909f56bfc062723c751e8b465ee728b)  -> (artifact id: '15f06a728187542b45b6cb2f5f52adac') in 0.035071 seconds 
========================================================================
Received Import Request.
  Time since last request: 7.405498 seconds.
  path: Assets/PolygonCity/Prefabs/Environments/SM_Env_Flower_01.prefab
  artifactKey: Guid(a0f542ba0461f8c4cbb89acbe6331cf5) Importer(815301076,1909f56bfc062723c751e8b465ee728b)
Start importing Assets/PolygonCity/Prefabs/Environments/SM_Env_Flower_01.prefab using Guid(a0f542ba0461f8c4cbb89acbe6331cf5) Importer(815301076,1909f56bfc062723c751e8b465ee728b)  -> (artifact id: 'b46117b1bad12629f1f45b362d96ce73') in 0.073468 seconds 
========================================================================
Received Import Request.
  Time since last request: 591.488316 seconds.
  path: Assets/PolygonCity/Prefabs/Environments/SM_Env_Tree_02.prefab
  artifactKey: Guid(d93817f79a1e01242b20f7081cbfa384) Importer(815301076,1909f56bfc062723c751e8b465ee728b)
Start importing Assets/PolygonCity/Prefabs/Environments/SM_Env_Tree_02.prefab using Guid(d93817f79a1e01242b20f7081cbfa384) Importer(815301076,1909f56bfc062723c751e8b465ee728b)  -> (artifact id: 'fc436d89b7e12cf6e821d374cc7826fb') in 0.058598 seconds 
========================================================================
Received Import Request.
  Time since last request: 0.000045 seconds.
  path: Assets/PolygonCity/Prefabs/Environments/SM_Env_Tree_03.prefab
  artifactKey: Guid(c50789636e1fc5c4b8a37e2700e4a3c1) Importer(815301076,1909f56bfc062723c751e8b465ee728b)
Start importing Assets/PolygonCity/Prefabs/Environments/SM_Env_Tree_03.prefab using Guid(c50789636e1fc5c4b8a37e2700e4a3c1) Importer(815301076,1909f56bfc062723c751e8b465ee728b)  -> (artifact id: '93008814112f0b806eec93dca6bf07ae') in 0.030302 seconds 
========================================================================
Received Import Request.
  Time since last request: 501.422115 seconds.
  path: Assets/PolygonCity/Prefabs/Environments/Custom/SM_Env_SubwayEntrance_01.prefab
  artifactKey: Guid(bbe6e8a1ff79ded419c6b65bdbf40ef2) Importer(815301076,1909f56bfc062723c751e8b465ee728b)
Start importing Assets/PolygonCity/Prefabs/Environments/Custom/SM_Env_SubwayEntrance_01.prefab using Guid(bbe6e8a1ff79ded419c6b65bdbf40ef2) Importer(815301076,1909f56bfc062723c751e8b465ee728b)  -> (artifact id: '6b30f5c4e9dc6d3f97b2454690d4a187') in 0.039196 seconds 
========================================================================
Received Prepare
Registering precompiled user dll's ...
Registered in 0.011555 seconds.
Begin MonoManager ReloadAssembly
Symbol file LoadedFromMemory doesn't match image F:\EGS\GameJam2022\EGS-Game-Jam-2022\Library\PackageCache\com.unity.visualscripting@1.7.6\Editor\VisualScripting.Core\Dependencies\YamlDotNet\Unity.VisualScripting.YamlDotNet.dll
Symbol file LoadedFromMemory doesn't match image F:\EGS\GameJam2022\EGS-Game-Jam-2022\Library\PackageCache\com.unity.visualscripting@1.7.6\Editor\VisualScripting.Core\Dependencies\DotNetZip\Unity.VisualScripting.IonicZip.dll
Native extension for WindowsStandalone target not found
Refreshing native plugins compatible for Editor in 1.03 ms, found 3 plugins.
Preloading 0 native plugins for Editor in 0.00 ms.
NullReferenceException: Object reference not set to an instance of an object
  at UnityEngine.Rendering.VolumeComponent.FindParameters (System.Object o, System.Collections.Generic.List`1[T] parameters, System.Func`2[T,TResult] filter) [0x00004] in F:\EGS\GameJam2022\EGS-Game-Jam-2022\Library\PackageCache\com.unity.render-pipelines.core@12.1.2\Runtime\Volume\VolumeComponent.cs:140 
  at UnityEngine.Rendering.VolumeComponent.OnEnable () [0x00006] in F:\EGS\GameJam2022\EGS-Game-Jam-2022\Library\PackageCache\com.unity.render-pipelines.core@12.1.2\Runtime\Volume\VolumeComponent.cs:166 

Mono: successfully reloaded assembly
- Completed reload, in  1.895 seconds
Domain Reload Profiling:
	ReloadAssembly (1897ms)
		BeginReloadAssembly (333ms)
			ExecutionOrderSort (0ms)
			DisableScriptedObjects (17ms)
			BackupInstance (0ms)
			ReleaseScriptingObjects (0ms)
			CreateAndSetChildDomain (89ms)
		EndReloadAssembly (1419ms)
			LoadAssemblies (200ms)
			RebuildTransferFunctionScriptingTraits (0ms)
			SetupTypeCache (414ms)
			ReleaseScriptCaches (2ms)
			RebuildScriptCaches (61ms)
			SetupLoadedEditorAssemblies (706ms)
				LogAssemblyErrors (0ms)
				InitializePlatformSupportModulesInManaged (15ms)
				SetLoadedEditorAssemblies (1ms)
				RefreshPlugins (1ms)
				BeforeProcessingInitializeOnLoad (109ms)
				ProcessInitializeOnLoadAttributes (472ms)
				ProcessInitializeOnLoadMethodAttributes (99ms)
				AfterProcessingInitializeOnLoad (9ms)
				EditorAssembliesLoaded (0ms)
			ExecutionOrderSort2 (0ms)
			AwakeInstancesAfterBackupRestoration (39ms)
Platform modules already initialized, skipping
Refreshing native plugins compatible for Editor in 2.50 ms, found 3 plugins.
Preloading 0 native plugins for Editor in 0.00 ms.
Unloading 4968 Unused Serialized files (Serialized files now loaded: 0)
Unloading 26 unused Assets / (309.8 KB). Loaded Objects now: 5621.
Memory consumption went from 202.7 MB to 202.4 MB.
Total: 9.098800 ms (FindLiveObjects: 1.249800 ms CreateObjectMapping: 0.710200 ms MarkObjects: 6.839900 ms  DeleteObjects: 0.294900 ms)

AssetImportParameters requested are different than current active one (requested -> active):
  custom:video-decoder-ogg-theora: a1e56fd34408186e4bbccfd4996cb3dc -> 
  custom:container-muxer-webm: aa71ff27fc2769a1b78a27578f13a17b -> 
  custom:container-demuxer-webm: 4f35f7cbe854078d1ac9338744f61a02 -> 
  custom:video-encoder-webm-vp8: eb34c28f22e8b96e1ab97ce403110664 -> 
  custom:audio-encoder-webm-vorbis: bf7c407c2cedff20999df2af8eb42d56 -> 
  custom:framework-win-MediaFoundation: 216162199b28c13a410421893ffa2e32 -> 
  custom:container-demuxer-ogg: 62fdf1f143b41e24485cea50d1cbac27 -> 
  custom:video-decoder-webm-vp8: 9c59270c3fd7afecdb556c50c9e8de78 -> 
  custom:audio-decoder-ogg-vorbis: bf7c407c2cedff20999df2af8eb42d56 -> 
========================================================================
Received Prepare
Registering precompiled user dll's ...
Registered in 0.006106 seconds.
Begin MonoManager ReloadAssembly
Symbol file LoadedFromMemory doesn't match image F:\EGS\GameJam2022\EGS-Game-Jam-2022\Library\PackageCache\com.unity.visualscripting@1.7.6\Editor\VisualScripting.Core\Dependencies\YamlDotNet\Unity.VisualScripting.YamlDotNet.dll
Symbol file LoadedFromMemory doesn't match image F:\EGS\GameJam2022\EGS-Game-Jam-2022\Library\PackageCache\com.unity.visualscripting@1.7.6\Editor\VisualScripting.Core\Dependencies\DotNetZip\Unity.VisualScripting.IonicZip.dll
Native extension for WindowsStandalone target not found
Refreshing native plugins compatible for Editor in 3.50 ms, found 3 plugins.
Preloading 0 native plugins for Editor in 0.00 ms.
Mono: successfully reloaded assembly
- Completed reload, in  1.958 seconds
Domain Reload Profiling:
	ReloadAssembly (1959ms)
		BeginReloadAssembly (306ms)
			ExecutionOrderSort (0ms)
			DisableScriptedObjects (12ms)
			BackupInstance (0ms)
			ReleaseScriptingObjects (0ms)
			CreateAndSetChildDomain (63ms)
		EndReloadAssembly (1469ms)
			LoadAssemblies (233ms)
			RebuildTransferFunctionScriptingTraits (0ms)
			SetupTypeCache (455ms)
			ReleaseScriptCaches (2ms)
			RebuildScriptCaches (69ms)
			SetupLoadedEditorAssemblies (707ms)
				LogAssemblyErrors (0ms)
				InitializePlatformSupportModulesInManaged (17ms)
				SetLoadedEditorAssemblies (1ms)
				RefreshPlugins (4ms)
				BeforeProcessingInitializeOnLoad (121ms)
				ProcessInitializeOnLoadAttributes (463ms)
				ProcessInitializeOnLoadMethodAttributes (89ms)
				AfterProcessingInitializeOnLoad (12ms)
				EditorAssembliesLoaded (0ms)
			ExecutionOrderSort2 (0ms)
			AwakeInstancesAfterBackupRestoration (28ms)
Platform modules already initialized, skipping
Refreshing native plugins compatible for Editor in 2.77 ms, found 3 plugins.
Preloading 0 native plugins for Editor in 0.00 ms.
Unloading 4957 Unused Serialized files (Serialized files now loaded: 0)
Unloading 26 unused Assets / (309.8 KB). Loaded Objects now: 5623.
Memory consumption went from 201.7 MB to 201.4 MB.
Total: 9.446900 ms (FindLiveObjects: 0.689100 ms CreateObjectMapping: 1.210000 ms MarkObjects: 7.442300 ms  DeleteObjects: 0.104000 ms)

AssetImportParameters requested are different than current active one (requested -> active):
  custom:video-decoder-ogg-theora: a1e56fd34408186e4bbccfd4996cb3dc -> 
  custom:container-muxer-webm: aa71ff27fc2769a1b78a27578f13a17b -> 
  custom:container-demuxer-webm: 4f35f7cbe854078d1ac9338744f61a02 -> 
  custom:video-encoder-webm-vp8: eb34c28f22e8b96e1ab97ce403110664 -> 
  custom:audio-encoder-webm-vorbis: bf7c407c2cedff20999df2af8eb42d56 -> 
  custom:framework-win-MediaFoundation: 216162199b28c13a410421893ffa2e32 -> 
  custom:container-demuxer-ogg: 62fdf1f143b41e24485cea50d1cbac27 -> 
  custom:video-decoder-webm-vp8: 9c59270c3fd7afecdb556c50c9e8de78 -> 
  custom:audio-decoder-ogg-vorbis: bf7c407c2cedff20999df2af8eb42d56 -> 
========================================================================
Received Prepare
Registering precompiled user dll's ...
Registered in 0.006310 seconds.
Begin MonoManager ReloadAssembly
Symbol file LoadedFromMemory doesn't match image F:\EGS\GameJam2022\EGS-Game-Jam-2022\Library\PackageCache\com.unity.visualscripting@1.7.6\Editor\VisualScripting.Core\Dependencies\YamlDotNet\Unity.VisualScripting.YamlDotNet.dll
Symbol file LoadedFromMemory doesn't match image F:\EGS\GameJam2022\EGS-Game-Jam-2022\Library\PackageCache\com.unity.visualscripting@1.7.6\Editor\VisualScripting.Core\Dependencies\DotNetZip\Unity.VisualScripting.IonicZip.dll
Native extension for WindowsStandalone target not found
Refreshing native plugins compatible for Editor in 1.75 ms, found 3 plugins.
Preloading 0 native plugins for Editor in 0.00 ms.
Mono: successfully reloaded assembly
- Completed reload, in  1.934 seconds
Domain Reload Profiling:
	ReloadAssembly (1934ms)
		BeginReloadAssembly (364ms)
			ExecutionOrderSort (0ms)
			DisableScriptedObjects (8ms)
			BackupInstance (0ms)
			ReleaseScriptingObjects (0ms)
			CreateAndSetChildDomain (53ms)
		EndReloadAssembly (1438ms)
			LoadAssemblies (290ms)
			RebuildTransferFunctionScriptingTraits (0ms)
			SetupTypeCache (416ms)
			ReleaseScriptCaches (4ms)
			RebuildScriptCaches (62ms)
			SetupLoadedEditorAssemblies (746ms)
				LogAssemblyErrors (0ms)
				InitializePlatformSupportModulesInManaged (16ms)
				SetLoadedEditorAssemblies (1ms)
				RefreshPlugins (2ms)
				BeforeProcessingInitializeOnLoad (120ms)
				ProcessInitializeOnLoadAttributes (476ms)
				ProcessInitializeOnLoadMethodAttributes (123ms)
				AfterProcessingInitializeOnLoad (8ms)
				EditorAssembliesLoaded (0ms)
			ExecutionOrderSort2 (0ms)
			AwakeInstancesAfterBackupRestoration (25ms)
Platform modules already initialized, skipping
Refreshing native plugins compatible for Editor in 2.28 ms, found 3 plugins.
Preloading 0 native plugins for Editor in 0.00 ms.
Unloading 4957 Unused Serialized files (Serialized files now loaded: 0)
Unloading 26 unused Assets / (309.9 KB). Loaded Objects now: 5625.
Memory consumption went from 201.7 MB to 201.4 MB.
Total: 8.636100 ms (FindLiveObjects: 1.233200 ms CreateObjectMapping: 1.008000 ms MarkObjects: 6.243700 ms  DeleteObjects: 0.149600 ms)

AssetImportParameters requested are different than current active one (requested -> active):
  custom:video-decoder-ogg-theora: a1e56fd34408186e4bbccfd4996cb3dc -> 
  custom:container-muxer-webm: aa71ff27fc2769a1b78a27578f13a17b -> 
  custom:container-demuxer-webm: 4f35f7cbe854078d1ac9338744f61a02 -> 
  custom:video-encoder-webm-vp8: eb34c28f22e8b96e1ab97ce403110664 -> 
  custom:audio-encoder-webm-vorbis: bf7c407c2cedff20999df2af8eb42d56 -> 
  custom:framework-win-MediaFoundation: 216162199b28c13a410421893ffa2e32 -> 
  custom:container-demuxer-ogg: 62fdf1f143b41e24485cea50d1cbac27 -> 
  custom:video-decoder-webm-vp8: 9c59270c3fd7afecdb556c50c9e8de78 -> 
  custom:audio-decoder-ogg-vorbis: bf7c407c2cedff20999df2af8eb42d56 -> 
