Using pre-set license
Built from '2021.2/staging' branch; Version is '2021.2.7f1 (6bd9e232123f) revision 7068130'; Using compiler version '192829333'; Build Type 'Release'
OS: 'Windows 10  (10.0.19042) 64bit Core' Language: 'en' Physical Memory: 16215 MB
BatchMode: 1, IsHumanControllingUs: 0, StartBugReporterOnCrash: 0, Is64bit: 1, IsPro: 0

COMMAND LINE ARGUMENTS:
C:\Program Files\Unity\Hub\Editor\2021.2.7f1\Editor\Unity.exe
-adb2
-batchMode
-noUpm
-name
AssetImportWorker8
-projectPath
C:/Users/pelki/Unity/EGS Game Jam 2022
-logFile
Logs/AssetImportWorker8.log
-srvPort
59719
Successfully changed project path to: C:/Users/pelki/Unity/EGS Game Jam 2022
C:/Users/pelki/Unity/EGS Game Jam 2022
[UnityMemory] Configuration Parameters - Can be set up in boot.config
    "memorysetup-bucket-allocator-granularity=16"
    "memorysetup-bucket-allocator-bucket-count=8"
    "memorysetup-bucket-allocator-block-size=33554432"
    "memorysetup-bucket-allocator-block-count=8"
    "memorysetup-main-allocator-block-size=16777216"
    "memorysetup-thread-allocator-block-size=16777216"
    "memorysetup-gfx-main-allocator-block-size=16777216"
    "memorysetup-gfx-thread-allocator-block-size=16777216"
    "memorysetup-cache-allocator-block-size=4194304"
    "memorysetup-typetree-allocator-block-size=2097152"
    "memorysetup-profiler-bucket-allocator-granularity=16"
    "memorysetup-profiler-bucket-allocator-bucket-count=8"
    "memorysetup-profiler-bucket-allocator-block-size=33554432"
    "memorysetup-profiler-bucket-allocator-block-count=8"
    "memorysetup-profiler-allocator-block-size=16777216"
    "memorysetup-profiler-editor-allocator-block-size=1048576"
    "memorysetup-temp-allocator-size-main=16777216"
    "memorysetup-job-temp-allocator-block-size=2097152"
    "memorysetup-job-temp-allocator-block-size-background=1048576"
    "memorysetup-job-temp-allocator-reduction-small-platforms=262144"
    "memorysetup-temp-allocator-size-background-worker=32768"
    "memorysetup-temp-allocator-size-job-worker=262144"
    "memorysetup-temp-allocator-size-preload-manager=33554432"
    "memorysetup-temp-allocator-size-nav-mesh-worker=65536"
    "memorysetup-temp-allocator-size-audio-worker=65536"
    "memorysetup-temp-allocator-size-cloud-worker=32768"
    "memorysetup-temp-allocator-size-gi-baking-worker=262144"
    "memorysetup-temp-allocator-size-gfx=262144"
Refreshing native plugins compatible for Editor in 96.14 ms, found 3 plugins.
Preloading 0 native plugins for Editor in 0.00 ms.
Initialize engine version: 2021.2.7f1 (6bd9e232123f)
[Subsystems] Discovering subsystems at path C:/Program Files/Unity/Hub/Editor/2021.2.7f1/Editor/Data/Resources/UnitySubsystems
[Subsystems] Discovering subsystems at path C:/Users/pelki/Unity/EGS Game Jam 2022/Assets
GfxDevice: creating device client; threaded=0; jobified=0
Direct3D:
    Version:  Direct3D 11.0 [level 11.1]
    Renderer: NVIDIA GeForce RTX 2070 with Max-Q Design (ID=0x1f14)
    Vendor:   NVIDIA
    VRAM:     8031 MB
    Driver:   30.0.14.7196
Initialize mono
Mono path[0] = 'C:/Program Files/Unity/Hub/Editor/2021.2.7f1/Editor/Data/Managed'
Mono path[1] = 'C:/Program Files/Unity/Hub/Editor/2021.2.7f1/Editor/Data/MonoBleedingEdge/lib/mono/unityjit-win32'
Mono config path = 'C:/Program Files/Unity/Hub/Editor/2021.2.7f1/Editor/Data/MonoBleedingEdge/etc'
Using monoOptions --debugger-agent=transport=dt_socket,embedding=1,server=y,suspend=n,address=127.0.0.1:56700
Begin MonoManager ReloadAssembly
Registering precompiled unity dll's ...
Register platform support module: C:/Program Files/Unity/Hub/Editor/2021.2.7f1/Editor/Data/PlaybackEngines/WebGLSupport/UnityEditor.WebGL.Extensions.dll
Register platform support module: C:/Program Files/Unity/Hub/Editor/2021.2.7f1/Editor/Data/PlaybackEngines/WindowsStandaloneSupport/UnityEditor.WindowsStandalone.Extensions.dll
Registered in 0.007672 seconds.
Native extension for WindowsStandalone target not found
Native extension for WebGL target not found
Refreshing native plugins compatible for Editor in 109.53 ms, found 3 plugins.
Preloading 0 native plugins for Editor in 0.00 ms.
Mono: successfully reloaded assembly
- Completed reload, in  0.612 seconds
Domain Reload Profiling:
	ReloadAssembly (612ms)
		BeginReloadAssembly (61ms)
			ExecutionOrderSort (0ms)
			DisableScriptedObjects (0ms)
			BackupInstance (0ms)
			ReleaseScriptingObjects (0ms)
			CreateAndSetChildDomain (1ms)
		EndReloadAssembly (476ms)
			LoadAssemblies (60ms)
			RebuildTransferFunctionScriptingTraits (0ms)
			SetupTypeCache (95ms)
			ReleaseScriptCaches (0ms)
			RebuildScriptCaches (26ms)
			SetupLoadedEditorAssemblies (308ms)
				LogAssemblyErrors (0ms)
				InitializePlatformSupportModulesInManaged (16ms)
				SetLoadedEditorAssemblies (0ms)
				RefreshPlugins (110ms)
				BeforeProcessingInitializeOnLoad (1ms)
				ProcessInitializeOnLoadAttributes (141ms)
				ProcessInitializeOnLoadMethodAttributes (41ms)
				AfterProcessingInitializeOnLoad (0ms)
				EditorAssembliesLoaded (0ms)
			ExecutionOrderSort2 (0ms)
			AwakeInstancesAfterBackupRestoration (0ms)
Platform modules already initialized, skipping
Registering precompiled user dll's ...
Registered in 0.007575 seconds.
Begin MonoManager ReloadAssembly
Symbol file LoadedFromMemory doesn't match image C:\Users\pelki\Unity\EGS Game Jam 2022\Library\PackageCache\com.unity.visualscripting@1.7.6\Editor\VisualScripting.Core\Dependencies\YamlDotNet\Unity.VisualScripting.YamlDotNet.dll
Symbol file LoadedFromMemory doesn't match image C:\Users\pelki\Unity\EGS Game Jam 2022\Library\PackageCache\com.unity.visualscripting@1.7.6\Editor\VisualScripting.Core\Dependencies\DotNetZip\Unity.VisualScripting.IonicZip.dll
Native extension for WindowsStandalone target not found
Native extension for WebGL target not found
Refreshing native plugins compatible for Editor in 102.27 ms, found 3 plugins.
Preloading 0 native plugins for Editor in 0.00 ms.
Mono: successfully reloaded assembly
- Completed reload, in  1.345 seconds
Domain Reload Profiling:
	ReloadAssembly (1346ms)
		BeginReloadAssembly (99ms)
			ExecutionOrderSort (0ms)
			DisableScriptedObjects (5ms)
			BackupInstance (0ms)
			ReleaseScriptingObjects (0ms)
			CreateAndSetChildDomain (19ms)
		EndReloadAssembly (1157ms)
			LoadAssemblies (73ms)
			RebuildTransferFunctionScriptingTraits (0ms)
			SetupTypeCache (261ms)
			ReleaseScriptCaches (1ms)
			RebuildScriptCaches (54ms)
			SetupLoadedEditorAssemblies (736ms)
				LogAssemblyErrors (0ms)
				InitializePlatformSupportModulesInManaged (11ms)
				SetLoadedEditorAssemblies (0ms)
				RefreshPlugins (102ms)
				BeforeProcessingInitializeOnLoad (106ms)
				ProcessInitializeOnLoadAttributes (437ms)
				ProcessInitializeOnLoadMethodAttributes (72ms)
				AfterProcessingInitializeOnLoad (8ms)
				EditorAssembliesLoaded (0ms)
			ExecutionOrderSort2 (0ms)
			AwakeInstancesAfterBackupRestoration (5ms)
Platform modules already initialized, skipping
========================================================================
Worker process is ready to serve import requests
Launched and connected shader compiler UnityShaderCompiler.exe after 0.06 seconds
Refreshing native plugins compatible for Editor in 0.81 ms, found 3 plugins.
Preloading 0 native plugins for Editor in 0.00 ms.
Unloading 5081 Unused Serialized files (Serialized files now loaded: 0)
Unloading 38 unused Assets / (0.7 MB). Loaded Objects now: 5537.
Memory consumption went from 200.1 MB to 199.4 MB.
Total: 4.149400 ms (FindLiveObjects: 0.543700 ms CreateObjectMapping: 0.376400 ms MarkObjects: 2.898100 ms  DeleteObjects: 0.330500 ms)

AssetImportParameters requested are different than current active one (requested -> active):
  custom:video-decoder-ogg-theora: a1e56fd34408186e4bbccfd4996cb3dc -> 
  custom:container-muxer-webm: aa71ff27fc2769a1b78a27578f13a17b -> 
  custom:container-demuxer-webm: 4f35f7cbe854078d1ac9338744f61a02 -> 
  custom:video-encoder-webm-vp8: eb34c28f22e8b96e1ab97ce403110664 -> 
  custom:audio-encoder-webm-vorbis: bf7c407c2cedff20999df2af8eb42d56 -> 
  custom:framework-win-MediaFoundation: 216162199b28c13a410421893ffa2e32 -> 
  custom:container-demuxer-ogg: 62fdf1f143b41e24485cea50d1cbac27 -> 
  custom:video-decoder-webm-vp8: 9c59270c3fd7afecdb556c50c9e8de78 -> 
  custom:audio-decoder-ogg-vorbis: bf7c407c2cedff20999df2af8eb42d56 -> 
========================================================================
Received Import Request.
  Time since last request: 2189267.254813 seconds.
  path: Assets/PolygonCity/Prefabs/Buildings/SM_Bld_OfficeRound_Base_01.prefab
  artifactKey: Guid(d8907e78c2c985144ab39a324c8597ea) Importer(815301076,1909f56bfc062723c751e8b465ee728b)
Start importing Assets/PolygonCity/Prefabs/Buildings/SM_Bld_OfficeRound_Base_01.prefab using Guid(d8907e78c2c985144ab39a324c8597ea) Importer(815301076,1909f56bfc062723c751e8b465ee728b)  -> (artifact id: 'b1295356cf7bc0d093a3eabc05128a66') in 0.327106 seconds 
========================================================================
Received Import Request.
  Time since last request: 0.000039 seconds.
  path: Assets/PolygonCity/Prefabs/Buildings/SM_Bld_Station_03.prefab
  artifactKey: Guid(8a86432aa20034e49aa63a2c97cee0f2) Importer(815301076,1909f56bfc062723c751e8b465ee728b)
Start importing Assets/PolygonCity/Prefabs/Buildings/SM_Bld_Station_03.prefab using Guid(8a86432aa20034e49aa63a2c97cee0f2) Importer(815301076,1909f56bfc062723c751e8b465ee728b)  -> (artifact id: '0b449eb51e8a5dfb5e90976779b92462') in 0.026983 seconds 
========================================================================
Received Import Request.
  Time since last request: 0.000030 seconds.
  path: Assets/PolygonCity/Prefabs/Buildings/SM_Bld_Station_02.prefab
  artifactKey: Guid(1a6cea8227331c841ba3a0f95dfbe662) Importer(815301076,1909f56bfc062723c751e8b465ee728b)
Start importing Assets/PolygonCity/Prefabs/Buildings/SM_Bld_Station_02.prefab using Guid(1a6cea8227331c841ba3a0f95dfbe662) Importer(815301076,1909f56bfc062723c751e8b465ee728b)  -> (artifact id: '2dbff3b0c8e7a9f1e2c6abf9b2f3c547') in 0.019786 seconds 
========================================================================
Received Import Request.
  Time since last request: 0.000032 seconds.
  path: Assets/PolygonCity/Prefabs/Buildings/SM_Prop_Water_Tower_01.prefab
  artifactKey: Guid(b1c9a178d3040a14aac77ac6bcbcc9bd) Importer(815301076,1909f56bfc062723c751e8b465ee728b)
Start importing Assets/PolygonCity/Prefabs/Buildings/SM_Prop_Water_Tower_01.prefab using Guid(b1c9a178d3040a14aac77ac6bcbcc9bd) Importer(815301076,1909f56bfc062723c751e8b465ee728b)  -> (artifact id: 'a6defb9efaffe9c04b6bd25a51eff445') in 0.027313 seconds 
========================================================================
Received Import Request.
  Time since last request: 0.101762 seconds.
  path: Assets/PolygonCity/Prefabs/Buildings/SM_Bld_OfficeOld_Large_Base_01.prefab
  artifactKey: Guid(1e50d3afa90bae147b9b80844d27728c) Importer(815301076,1909f56bfc062723c751e8b465ee728b)
Start importing Assets/PolygonCity/Prefabs/Buildings/SM_Bld_OfficeOld_Large_Base_01.prefab using Guid(1e50d3afa90bae147b9b80844d27728c) Importer(815301076,1909f56bfc062723c751e8b465ee728b)  -> (artifact id: 'e3aa16ab32d96f358ddf7d61cf083328') in 0.029179 seconds 
========================================================================
Received Import Request.
  Time since last request: 0.000032 seconds.
  path: Assets/PolygonCity/Prefabs/Buildings/SM_Bld_OfficeOld_Large_01.prefab
  artifactKey: Guid(82f734b8de4c88b4fbdc5232659df70f) Importer(815301076,1909f56bfc062723c751e8b465ee728b)
Start importing Assets/PolygonCity/Prefabs/Buildings/SM_Bld_OfficeOld_Large_01.prefab using Guid(82f734b8de4c88b4fbdc5232659df70f) Importer(815301076,1909f56bfc062723c751e8b465ee728b)  -> (artifact id: '4d001250519dd55c4be6e908de18c44b') in 0.025093 seconds 
========================================================================
Received Import Request.
  Time since last request: 0.000026 seconds.
  path: Assets/PolygonCity/Prefabs/Buildings/SM_Bld_Cover_01.prefab
  artifactKey: Guid(e83fcfbcf26241c449483ad6639aed68) Importer(815301076,1909f56bfc062723c751e8b465ee728b)
Start importing Assets/PolygonCity/Prefabs/Buildings/SM_Bld_Cover_01.prefab using Guid(e83fcfbcf26241c449483ad6639aed68) Importer(815301076,1909f56bfc062723c751e8b465ee728b)  -> (artifact id: '7acf8b94ac164dd8284654a8803d24de') in 0.021865 seconds 
========================================================================
Received Import Request.
  Time since last request: 0.000037 seconds.
  path: Assets/PolygonCity/Prefabs/Buildings/SM_Bld_OfficeRound_01.prefab
  artifactKey: Guid(54c86e934c1824f46a2a8955ea57091b) Importer(815301076,1909f56bfc062723c751e8b465ee728b)
Start importing Assets/PolygonCity/Prefabs/Buildings/SM_Bld_OfficeRound_01.prefab using Guid(54c86e934c1824f46a2a8955ea57091b) Importer(815301076,1909f56bfc062723c751e8b465ee728b)  -> (artifact id: '2785ac243b8e0712c6f4d22f28c7f6ca') in 0.024180 seconds 
========================================================================
Received Import Request.
  Time since last request: 0.000036 seconds.
  path: Assets/PolygonCity/Prefabs/Buildings/SM_Bld_Apartment_Roof_02.prefab
  artifactKey: Guid(99e3d52be60050d4883633a4b0e12226) Importer(815301076,1909f56bfc062723c751e8b465ee728b)
Start importing Assets/PolygonCity/Prefabs/Buildings/SM_Bld_Apartment_Roof_02.prefab using Guid(99e3d52be60050d4883633a4b0e12226) Importer(815301076,1909f56bfc062723c751e8b465ee728b)  -> (artifact id: 'b2fecb6015de5a84bd05a4cff5714eac') in 0.016840 seconds 
========================================================================
Received Import Request.
  Time since last request: 0.000032 seconds.
  path: Assets/PolygonCity/Prefabs/Buildings/SM_Bld_Apartment_Roof_Corner_02.prefab
  artifactKey: Guid(abf5b8361dd32a84990b3ef68982a8b4) Importer(815301076,1909f56bfc062723c751e8b465ee728b)
Start importing Assets/PolygonCity/Prefabs/Buildings/SM_Bld_Apartment_Roof_Corner_02.prefab using Guid(abf5b8361dd32a84990b3ef68982a8b4) Importer(815301076,1909f56bfc062723c751e8b465ee728b)  -> (artifact id: '9dba210ccd976056ec56c8af065bc3fa') in 0.027097 seconds 
========================================================================
Received Import Request.
  Time since last request: 0.000034 seconds.
  path: Assets/PolygonCity/Prefabs/Buildings/SM_Bld_OfficeOctagon_Base_01.prefab
  artifactKey: Guid(a5aca9c9ef39b0a49835b3ee43077679) Importer(815301076,1909f56bfc062723c751e8b465ee728b)
Start importing Assets/PolygonCity/Prefabs/Buildings/SM_Bld_OfficeOctagon_Base_01.prefab using Guid(a5aca9c9ef39b0a49835b3ee43077679) Importer(815301076,1909f56bfc062723c751e8b465ee728b)  -> (artifact id: '5d08532eb0192c50e150c4bb53658326') in 0.024551 seconds 
========================================================================
Received Import Request.
  Time since last request: 0.000046 seconds.
  path: Assets/PolygonCity/Prefabs/Buildings/SM_Bld_OfficeOld_Small_Roof_01.prefab
  artifactKey: Guid(d247508df54d35440b771820202bc30d) Importer(815301076,1909f56bfc062723c751e8b465ee728b)
Start importing Assets/PolygonCity/Prefabs/Buildings/SM_Bld_OfficeOld_Small_Roof_01.prefab using Guid(d247508df54d35440b771820202bc30d) Importer(815301076,1909f56bfc062723c751e8b465ee728b)  -> (artifact id: 'fa0467fa26d0457e7ccb880345a0e192') in 0.023618 seconds 
========================================================================
Received Import Request.
  Time since last request: 0.000027 seconds.
  path: Assets/PolygonCity/Prefabs/Buildings/SM_Bld_FireEscape_03.prefab
  artifactKey: Guid(0e83389f2726cec4b805919daeccf2f6) Importer(815301076,1909f56bfc062723c751e8b465ee728b)
Start importing Assets/PolygonCity/Prefabs/Buildings/SM_Bld_FireEscape_03.prefab using Guid(0e83389f2726cec4b805919daeccf2f6) Importer(815301076,1909f56bfc062723c751e8b465ee728b)  -> (artifact id: '727c7d1386fd212ea801000ba6d0f555') in 0.022062 seconds 
========================================================================
Received Import Request.
  Time since last request: 0.000025 seconds.
  path: Assets/PolygonCity/Prefabs/Buildings/SM_Bld_OfficeOld_Small_02.prefab
  artifactKey: Guid(4486deaa4d569bc4bb8e381c100ed2b0) Importer(815301076,1909f56bfc062723c751e8b465ee728b)
Start importing Assets/PolygonCity/Prefabs/Buildings/SM_Bld_OfficeOld_Small_02.prefab using Guid(4486deaa4d569bc4bb8e381c100ed2b0) Importer(815301076,1909f56bfc062723c751e8b465ee728b)  -> (artifact id: '70f8cf35c512740b24d8e47be1d1f161') in 0.021212 seconds 
========================================================================
Received Import Request.
  Time since last request: 0.000043 seconds.
  path: Assets/PolygonCity/Prefabs/Buildings/SM_Bld_OfficeRound_02.prefab
  artifactKey: Guid(0c4d65d4a970ec94e9c8b857586f6e71) Importer(815301076,1909f56bfc062723c751e8b465ee728b)
Start importing Assets/PolygonCity/Prefabs/Buildings/SM_Bld_OfficeRound_02.prefab using Guid(0c4d65d4a970ec94e9c8b857586f6e71) Importer(815301076,1909f56bfc062723c751e8b465ee728b)  -> (artifact id: 'cf28c238161e750d74e4203aa4837064') in 0.021997 seconds 
========================================================================
Received Import Request.
  Time since last request: 0.000046 seconds.
  path: Assets/PolygonCity/Prefabs/Buildings/SM_Bld_Apartment_Door_Corner_01.prefab
  artifactKey: Guid(105b953fd34734b40bb42cee7100a6dd) Importer(815301076,1909f56bfc062723c751e8b465ee728b)
Start importing Assets/PolygonCity/Prefabs/Buildings/SM_Bld_Apartment_Door_Corner_01.prefab using Guid(105b953fd34734b40bb42cee7100a6dd) Importer(815301076,1909f56bfc062723c751e8b465ee728b)  -> (artifact id: '1e59e1c5370c828667afc228c0164539') in 0.020121 seconds 
========================================================================
Received Import Request.
  Time since last request: 0.000026 seconds.
  path: Assets/PolygonCity/Prefabs/Buildings/SM_Bld_Apartment_Corner_02.prefab
  artifactKey: Guid(64b839200fb1c394abe8b5e1693c5cf4) Importer(815301076,1909f56bfc062723c751e8b465ee728b)
Start importing Assets/PolygonCity/Prefabs/Buildings/SM_Bld_Apartment_Corner_02.prefab using Guid(64b839200fb1c394abe8b5e1693c5cf4) Importer(815301076,1909f56bfc062723c751e8b465ee728b)  -> (artifact id: '432137ac3cae5643b709654f05125f5c') in 0.023964 seconds 
========================================================================
Received Import Request.
  Time since last request: 0.000042 seconds.
  path: Assets/PolygonCity/Prefabs/Buildings/SM_Bld_Apartment_Stairs_01.prefab
  artifactKey: Guid(afe0ad4fc8b424945846ae10043c796b) Importer(815301076,1909f56bfc062723c751e8b465ee728b)
Start importing Assets/PolygonCity/Prefabs/Buildings/SM_Bld_Apartment_Stairs_01.prefab using Guid(afe0ad4fc8b424945846ae10043c796b) Importer(815301076,1909f56bfc062723c751e8b465ee728b)  -> (artifact id: '5f93f4e95c58ecce8e945bc72a812ac9') in 0.019566 seconds 
========================================================================
Received Import Request.
  Time since last request: 0.000035 seconds.
  path: Assets/PolygonCity/Prefabs/Buildings/SM_Bld_Apartment_Roof_Corner_03.prefab
  artifactKey: Guid(0c535ed1fa2fdad4593c4e6c8997762c) Importer(815301076,1909f56bfc062723c751e8b465ee728b)
Start importing Assets/PolygonCity/Prefabs/Buildings/SM_Bld_Apartment_Roof_Corner_03.prefab using Guid(0c535ed1fa2fdad4593c4e6c8997762c) Importer(815301076,1909f56bfc062723c751e8b465ee728b)  -> (artifact id: '589dff118f93730ab5be9cfbac65fcc1') in 0.023556 seconds 
========================================================================
Received Import Request.
  Time since last request: 0.000026 seconds.
  path: Assets/PolygonCity/Prefabs/Buildings/SM_Bld_Apartment_Corner_03.prefab
  artifactKey: Guid(c1d46775cc1dffd41859257aad55f33c) Importer(815301076,1909f56bfc062723c751e8b465ee728b)
Start importing Assets/PolygonCity/Prefabs/Buildings/SM_Bld_Apartment_Corner_03.prefab using Guid(c1d46775cc1dffd41859257aad55f33c) Importer(815301076,1909f56bfc062723c751e8b465ee728b)  -> (artifact id: '99bd7d9081899b9c8a6e216028c02f08') in 0.020979 seconds 
========================================================================
Received Import Request.
  Time since last request: 12.876565 seconds.
  path: Assets/PolygonCity/Prefabs/Environments/Custom/SM_Env_SubwayEntrance_01.prefab
  artifactKey: Guid(bbe6e8a1ff79ded419c6b65bdbf40ef2) Importer(815301076,1909f56bfc062723c751e8b465ee728b)
Start importing Assets/PolygonCity/Prefabs/Environments/Custom/SM_Env_SubwayEntrance_01.prefab using Guid(bbe6e8a1ff79ded419c6b65bdbf40ef2) Importer(815301076,1909f56bfc062723c751e8b465ee728b)  -> (artifact id: '7463e1c957b09a4898a500334d52672b') in 0.029946 seconds 
========================================================================
Received Import Request.
  Time since last request: 3.623854 seconds.
  path: Assets/PolygonCity/Prefabs/Props/SM_Prop_ATM_01.prefab
  artifactKey: Guid(78393129033e7904a9479b03588cd8aa) Importer(815301076,1909f56bfc062723c751e8b465ee728b)
Start importing Assets/PolygonCity/Prefabs/Props/SM_Prop_ATM_01.prefab using Guid(78393129033e7904a9479b03588cd8aa) Importer(815301076,1909f56bfc062723c751e8b465ee728b)  -> (artifact id: 'b53dfac12e8231a25bc422606e73c85a') in 0.036006 seconds 
========================================================================
Received Import Request.
  Time since last request: 0.000029 seconds.
  path: Assets/PolygonCity/Prefabs/Props/SM_Prop_Billboard_Sign_05.prefab
  artifactKey: Guid(7d206ba72eb6a4b44bb884bc010bd2d8) Importer(815301076,1909f56bfc062723c751e8b465ee728b)
Start importing Assets/PolygonCity/Prefabs/Props/SM_Prop_Billboard_Sign_05.prefab using Guid(7d206ba72eb6a4b44bb884bc010bd2d8) Importer(815301076,1909f56bfc062723c751e8b465ee728b)  -> (artifact id: 'b2f41aa09cd140f4d408028f55d941c6') in 0.025006 seconds 
========================================================================
Received Import Request.
  Time since last request: 0.000028 seconds.
  path: Assets/PolygonCity/Prefabs/Props/SM_Prop_Burger_01.prefab
  artifactKey: Guid(a4a36f473384c3c489b6458561ff07ac) Importer(815301076,1909f56bfc062723c751e8b465ee728b)
Start importing Assets/PolygonCity/Prefabs/Props/SM_Prop_Burger_01.prefab using Guid(a4a36f473384c3c489b6458561ff07ac) Importer(815301076,1909f56bfc062723c751e8b465ee728b)  -> (artifact id: '131771852b87b831f2717adf07020b68') in 0.030148 seconds 
========================================================================
Received Import Request.
  Time since last request: 0.000045 seconds.
  path: Assets/PolygonCity/Prefabs/Props/SM_Prop_Cone_01.prefab
  artifactKey: Guid(33b36afb51822b442b3a3f8accf3c199) Importer(815301076,1909f56bfc062723c751e8b465ee728b)
Start importing Assets/PolygonCity/Prefabs/Props/SM_Prop_Cone_01.prefab using Guid(33b36afb51822b442b3a3f8accf3c199) Importer(815301076,1909f56bfc062723c751e8b465ee728b)  -> (artifact id: '9d729ccb1531c8a4186b169ea048d360') in 0.025309 seconds 
========================================================================
Received Import Request.
  Time since last request: 0.000028 seconds.
  path: Assets/PolygonCity/Prefabs/Props/SM_Prop_BusStop_01.prefab
  artifactKey: Guid(02569c08ab29ca94481dbec225d65225) Importer(815301076,1909f56bfc062723c751e8b465ee728b)
Start importing Assets/PolygonCity/Prefabs/Props/SM_Prop_BusStop_01.prefab using Guid(02569c08ab29ca94481dbec225d65225) Importer(815301076,1909f56bfc062723c751e8b465ee728b)  -> (artifact id: '5430407e0153e464ee2a88830a0498e6') in 0.030051 seconds 
========================================================================
Received Import Request.
  Time since last request: 0.000057 seconds.
  path: Assets/PolygonCity/Prefabs/Props/SM_Prop_LargeSign_Coffee_01.prefab
  artifactKey: Guid(e6139376bf14ce144b7584ca3e26d24b) Importer(815301076,1909f56bfc062723c751e8b465ee728b)
Start importing Assets/PolygonCity/Prefabs/Props/SM_Prop_LargeSign_Coffee_01.prefab using Guid(e6139376bf14ce144b7584ca3e26d24b) Importer(815301076,1909f56bfc062723c751e8b465ee728b)  -> (artifact id: '362d2dae824a09416de00ca90285152a') in 0.028721 seconds 
========================================================================
Received Import Request.
  Time since last request: 0.000104 seconds.
  path: Assets/PolygonCity/Prefabs/Props/SM_Prop_Door_01.prefab
  artifactKey: Guid(47455669544a7614fb1944943e4fdcbd) Importer(815301076,1909f56bfc062723c751e8b465ee728b)
Start importing Assets/PolygonCity/Prefabs/Props/SM_Prop_Door_01.prefab using Guid(47455669544a7614fb1944943e4fdcbd) Importer(815301076,1909f56bfc062723c751e8b465ee728b)  -> (artifact id: 'b77253943277b4929f6e30730642715c') in 0.029632 seconds 
========================================================================
Received Import Request.
  Time since last request: 0.000022 seconds.
  path: Assets/PolygonCity/Prefabs/Props/SM_Prop_LargeSign_Burger_01.prefab
  artifactKey: Guid(c4dc818a3d0107c43a6ad73bdfca8766) Importer(815301076,1909f56bfc062723c751e8b465ee728b)
Start importing Assets/PolygonCity/Prefabs/Props/SM_Prop_LargeSign_Burger_01.prefab using Guid(c4dc818a3d0107c43a6ad73bdfca8766) Importer(815301076,1909f56bfc062723c751e8b465ee728b)  -> (artifact id: 'f931bd77e266a263c837d600ec2fc4b5') in 0.028028 seconds 
========================================================================
Received Import Request.
  Time since last request: 0.000025 seconds.
  path: Assets/PolygonCity/Prefabs/Props/SM_Prop_Hydrant_01.prefab
  artifactKey: Guid(400c967e5d1329c4c9dd5bc47e49d545) Importer(815301076,1909f56bfc062723c751e8b465ee728b)
Start importing Assets/PolygonCity/Prefabs/Props/SM_Prop_Hydrant_01.prefab using Guid(400c967e5d1329c4c9dd5bc47e49d545) Importer(815301076,1909f56bfc062723c751e8b465ee728b)  -> (artifact id: 'fedb8eabfb526fa3e6b523d59bdcb3e8') in 0.028095 seconds 
========================================================================
Received Import Request.
  Time since last request: 0.000026 seconds.
  path: Assets/PolygonCity/Prefabs/Props/SM_Prop_Billboard_Sign_04.prefab
  artifactKey: Guid(430345e20ddf842489bc80fba96a0edd) Importer(815301076,1909f56bfc062723c751e8b465ee728b)
Start importing Assets/PolygonCity/Prefabs/Props/SM_Prop_Billboard_Sign_04.prefab using Guid(430345e20ddf842489bc80fba96a0edd) Importer(815301076,1909f56bfc062723c751e8b465ee728b)  -> (artifact id: 'c857ad8cecc4bdd816953fba73df8171') in 0.023600 seconds 
========================================================================
Received Import Request.
  Time since last request: 0.000023 seconds.
  path: Assets/PolygonCity/Prefabs/Props/SM_Prop_LargeSign_Guitar_01.prefab
  artifactKey: Guid(e853eadc5f7696b45a865c55959f923b) Importer(815301076,1909f56bfc062723c751e8b465ee728b)
Start importing Assets/PolygonCity/Prefabs/Props/SM_Prop_LargeSign_Guitar_01.prefab using Guid(e853eadc5f7696b45a865c55959f923b) Importer(815301076,1909f56bfc062723c751e8b465ee728b)  -> (artifact id: '0a202da60b0aa40f2c6bdfecbf8d11cc') in 0.029380 seconds 
========================================================================
Received Import Request.
  Time since last request: 0.000020 seconds.
  path: Assets/PolygonCity/Prefabs/Props/SM_Prop_HotdogStand_01.prefab
  artifactKey: Guid(dcf86cbc986e8ca40a2bfa2fff49fc0f) Importer(815301076,1909f56bfc062723c751e8b465ee728b)
Start importing Assets/PolygonCity/Prefabs/Props/SM_Prop_HotdogStand_01.prefab using Guid(dcf86cbc986e8ca40a2bfa2fff49fc0f) Importer(815301076,1909f56bfc062723c751e8b465ee728b)  -> (artifact id: '8624ca761bf31ef96568ccf65f128d43') in 0.026669 seconds 
========================================================================
Received Import Request.
  Time since last request: 1.306731 seconds.
  path: Assets/PolygonCity/Prefabs/Props/SM_Prop_Poster_Frame_01.prefab
  artifactKey: Guid(675b73d883444064fb48c1dd46a03c44) Importer(815301076,1909f56bfc062723c751e8b465ee728b)
Start importing Assets/PolygonCity/Prefabs/Props/SM_Prop_Poster_Frame_01.prefab using Guid(675b73d883444064fb48c1dd46a03c44) Importer(815301076,1909f56bfc062723c751e8b465ee728b)  -> (artifact id: '7cbaaac4bfc1b995f1a2e6917f6dfc14') in 0.026675 seconds 
========================================================================
Received Import Request.
  Time since last request: 0.000024 seconds.
  path: Assets/PolygonCity/Prefabs/Props/SM_Prop_SatDish_01.prefab
  artifactKey: Guid(7518e6d86c572544cb2f51453141465f) Importer(815301076,1909f56bfc062723c751e8b465ee728b)
Start importing Assets/PolygonCity/Prefabs/Props/SM_Prop_SatDish_01.prefab using Guid(7518e6d86c572544cb2f51453141465f) Importer(815301076,1909f56bfc062723c751e8b465ee728b)  -> (artifact id: 'c23b7307fc29b73f3779c7a7d8e5f00e') in 0.025617 seconds 
========================================================================
Received Import Request.
  Time since last request: 0.000021 seconds.
  path: Assets/PolygonCity/Prefabs/Props/SM_Prop_Roof_Aircon_01.prefab
  artifactKey: Guid(a154b407aa4395c40925726c816c3770) Importer(815301076,1909f56bfc062723c751e8b465ee728b)
Start importing Assets/PolygonCity/Prefabs/Props/SM_Prop_Roof_Aircon_01.prefab using Guid(a154b407aa4395c40925726c816c3770) Importer(815301076,1909f56bfc062723c751e8b465ee728b)  -> (artifact id: 'b3c3056898e490b65cb1ebeec5b0eb5d') in 0.025025 seconds 
========================================================================
Received Import Request.
  Time since last request: 0.000026 seconds.
  path: Assets/PolygonCity/Prefabs/Props/SM_Prop_SecurityCamera_Arm_01.prefab
  artifactKey: Guid(928a99e5a0200f24fb2084c90b0b88c4) Importer(815301076,1909f56bfc062723c751e8b465ee728b)
Start importing Assets/PolygonCity/Prefabs/Props/SM_Prop_SecurityCamera_Arm_01.prefab using Guid(928a99e5a0200f24fb2084c90b0b88c4) Importer(815301076,1909f56bfc062723c751e8b465ee728b)  -> (artifact id: 'bc3c8de8f7383d0d0de5c1d9a54ad23d') in 0.024141 seconds 
========================================================================
Received Import Request.
  Time since last request: 0.000063 seconds.
  path: Assets/PolygonCity/Prefabs/Props/SM_Prop_PowerBox_01.prefab
  artifactKey: Guid(627f78867a195924ab8cd8a55429db26) Importer(815301076,1909f56bfc062723c751e8b465ee728b)
Start importing Assets/PolygonCity/Prefabs/Props/SM_Prop_PowerBox_01.prefab using Guid(627f78867a195924ab8cd8a55429db26) Importer(815301076,1909f56bfc062723c751e8b465ee728b)  -> (artifact id: '2fe055a5df0ad615edb705074535232d') in 0.026827 seconds 
========================================================================
Received Import Request.
  Time since last request: 0.000028 seconds.
  path: Assets/PolygonCity/Prefabs/Props/SM_Prop_ShopInterior_Shelf_01.prefab
  artifactKey: Guid(fe51d80727aedd545871247d7f1fd25c) Importer(815301076,1909f56bfc062723c751e8b465ee728b)
Start importing Assets/PolygonCity/Prefabs/Props/SM_Prop_ShopInterior_Shelf_01.prefab using Guid(fe51d80727aedd545871247d7f1fd25c) Importer(815301076,1909f56bfc062723c751e8b465ee728b)  -> (artifact id: '3e7842c1c6c660c0ea876e0acc16d3ba') in 0.030624 seconds 
========================================================================
Received Import Request.
  Time since last request: 0.000024 seconds.
  path: Assets/PolygonCity/Prefabs/Props/SM_Prop_Roof_Aircon_03.prefab
  artifactKey: Guid(b307a3e7dc3e3ec409ff68b9cb1080ed) Importer(815301076,1909f56bfc062723c751e8b465ee728b)
Start importing Assets/PolygonCity/Prefabs/Props/SM_Prop_Roof_Aircon_03.prefab using Guid(b307a3e7dc3e3ec409ff68b9cb1080ed) Importer(815301076,1909f56bfc062723c751e8b465ee728b)  -> (artifact id: '178f2f0e8c83551741c21e251efd6547') in 0.022556 seconds 
========================================================================
Received Import Request.
  Time since last request: 0.000029 seconds.
  path: Assets/PolygonCity/Prefabs/Props/SM_Prop_ShopInterior_Display_01.prefab
  artifactKey: Guid(e6368a4e913510c4e8f89c70757b02ef) Importer(815301076,1909f56bfc062723c751e8b465ee728b)
Start importing Assets/PolygonCity/Prefabs/Props/SM_Prop_ShopInterior_Display_01.prefab using Guid(e6368a4e913510c4e8f89c70757b02ef) Importer(815301076,1909f56bfc062723c751e8b465ee728b)  -> (artifact id: '89a8d80418645a8ece2ad411cf6f9128') in 0.021259 seconds 
========================================================================
Received Import Request.
  Time since last request: 0.058647 seconds.
  path: Assets/PolygonCity/Prefabs/Props/SM_Prop_Sidewalk_Panel_01.prefab
  artifactKey: Guid(250e247fdf48b2848817c62bc224a029) Importer(815301076,1909f56bfc062723c751e8b465ee728b)
Start importing Assets/PolygonCity/Prefabs/Props/SM_Prop_Sidewalk_Panel_01.prefab using Guid(250e247fdf48b2848817c62bc224a029) Importer(815301076,1909f56bfc062723c751e8b465ee728b)  -> (artifact id: 'c8aca6b2c0899f68e3b558b122c38da4') in 0.022351 seconds 
========================================================================
Received Import Request.
  Time since last request: 0.000032 seconds.
  path: Assets/PolygonCity/Prefabs/Props/SM_Prop_Sign_DeliPizza_01.prefab
  artifactKey: Guid(e98dbcbb18fcaf245912cbe6b4ec9f98) Importer(815301076,1909f56bfc062723c751e8b465ee728b)
Start importing Assets/PolygonCity/Prefabs/Props/SM_Prop_Sign_DeliPizza_01.prefab using Guid(e98dbcbb18fcaf245912cbe6b4ec9f98) Importer(815301076,1909f56bfc062723c751e8b465ee728b)  -> (artifact id: 'bc1a36c330547d2e99a5b741a0a6ace3') in 0.023124 seconds 
========================================================================
Received Import Request.
  Time since last request: 0.000030 seconds.
  path: Assets/PolygonCity/Prefabs/Props/SM_Prop_Sign_GiveWay_01.prefab
  artifactKey: Guid(4170b399e985d6549a784678829905ad) Importer(815301076,1909f56bfc062723c751e8b465ee728b)
Start importing Assets/PolygonCity/Prefabs/Props/SM_Prop_Sign_GiveWay_01.prefab using Guid(4170b399e985d6549a784678829905ad) Importer(815301076,1909f56bfc062723c751e8b465ee728b)  -> (artifact id: '6f7ddf4f25da4d873bd9005280206acf') in 0.024759 seconds 
========================================================================
Received Import Request.
  Time since last request: 0.000032 seconds.
  path: Assets/PolygonCity/Prefabs/Props/SM_Prop_Sign_Street_01.prefab
  artifactKey: Guid(34cdcbdf1492ca144bbda9b397db682c) Importer(815301076,1909f56bfc062723c751e8b465ee728b)
Start importing Assets/PolygonCity/Prefabs/Props/SM_Prop_Sign_Street_01.prefab using Guid(34cdcbdf1492ca144bbda9b397db682c) Importer(815301076,1909f56bfc062723c751e8b465ee728b)  -> (artifact id: 'dbb7fa6310b60fd7444dab350dee2f75') in 0.028437 seconds 
========================================================================
Received Import Request.
  Time since last request: 0.000024 seconds.
  path: Assets/PolygonCity/Prefabs/Props/SM_Prop_TrafficLight_02.prefab
  artifactKey: Guid(0ba99da88f5077845b463335f529a335) Importer(815301076,1909f56bfc062723c751e8b465ee728b)
Start importing Assets/PolygonCity/Prefabs/Props/SM_Prop_TrafficLight_02.prefab using Guid(0ba99da88f5077845b463335f529a335) Importer(815301076,1909f56bfc062723c751e8b465ee728b)  -> (artifact id: '89403a346922f5dfb1913fac14a10993') in 0.027684 seconds 
========================================================================
Received Import Request.
  Time since last request: 0.000027 seconds.
  path: Assets/PolygonCity/Prefabs/Props/SM_Prop_TrafficLight_01.prefab
  artifactKey: Guid(c1189d98428018e4eb7e4ebed0c78ddc) Importer(815301076,1909f56bfc062723c751e8b465ee728b)
Start importing Assets/PolygonCity/Prefabs/Props/SM_Prop_TrafficLight_01.prefab using Guid(c1189d98428018e4eb7e4ebed0c78ddc) Importer(815301076,1909f56bfc062723c751e8b465ee728b)  -> (artifact id: '8be4d4b7f1142d9a11652e418330d6d5') in 0.023900 seconds 
========================================================================
Received Import Request.
  Time since last request: 0.000031 seconds.
  path: Assets/PolygonCity/Prefabs/Props/SM_Prop_Skip_01.prefab
  artifactKey: Guid(7a686972998735e4e8e9cedda7f0bc43) Importer(815301076,1909f56bfc062723c751e8b465ee728b)
Start importing Assets/PolygonCity/Prefabs/Props/SM_Prop_Skip_01.prefab using Guid(7a686972998735e4e8e9cedda7f0bc43) Importer(815301076,1909f56bfc062723c751e8b465ee728b)  -> (artifact id: 'f992c7e48beab9fa969b4be8d3a94d1c') in 0.026802 seconds 
========================================================================
Received Import Request.
  Time since last request: 0.000028 seconds.
  path: Assets/PolygonCity/Prefabs/Props/SM_Prop_Sign_Police_01.prefab
  artifactKey: Guid(fcaf22b5c144e454493120cd8c59fc81) Importer(815301076,1909f56bfc062723c751e8b465ee728b)
Start importing Assets/PolygonCity/Prefabs/Props/SM_Prop_Sign_Police_01.prefab using Guid(fcaf22b5c144e454493120cd8c59fc81) Importer(815301076,1909f56bfc062723c751e8b465ee728b)  -> (artifact id: '88aedb2f66b17bcf075cc47eeb5d65a5') in 0.025449 seconds 
========================================================================
Received Import Request.
  Time since last request: 0.000027 seconds.
  path: Assets/PolygonCity/Prefabs/Props/SM_Prop_Sign_Attachment_03.prefab
  artifactKey: Guid(99ec98a713e68684cbfb382167732238) Importer(815301076,1909f56bfc062723c751e8b465ee728b)
Start importing Assets/PolygonCity/Prefabs/Props/SM_Prop_Sign_Attachment_03.prefab using Guid(99ec98a713e68684cbfb382167732238) Importer(815301076,1909f56bfc062723c751e8b465ee728b)  -> (artifact id: '6cd49cb1e37fa3a83359747ee545406f') in 0.022959 seconds 
========================================================================
Received Import Request.
  Time since last request: 0.000046 seconds.
  path: Assets/PolygonCity/Prefabs/Props/SM_Prop_TrashBag_03.prefab
  artifactKey: Guid(5b20f7f96ea80dc4cbd7199fbb4d4d3e) Importer(815301076,1909f56bfc062723c751e8b465ee728b)
Start importing Assets/PolygonCity/Prefabs/Props/SM_Prop_TrashBag_03.prefab using Guid(5b20f7f96ea80dc4cbd7199fbb4d4d3e) Importer(815301076,1909f56bfc062723c751e8b465ee728b)  -> (artifact id: '972662c82d64e2db1478c2a179e35fc6') in 0.023627 seconds 
========================================================================
Received Import Request.
  Time since last request: 0.000026 seconds.
  path: Assets/PolygonCity/Prefabs/Props/SM_Prop_Sign_GiveWay_02.prefab
  artifactKey: Guid(3981e9a3a73407b4aa6e431af799d57e) Importer(815301076,1909f56bfc062723c751e8b465ee728b)
Start importing Assets/PolygonCity/Prefabs/Props/SM_Prop_Sign_GiveWay_02.prefab using Guid(3981e9a3a73407b4aa6e431af799d57e) Importer(815301076,1909f56bfc062723c751e8b465ee728b)  -> (artifact id: '3cfafa3c2f4b4acb46f3893b8703c872') in 0.025142 seconds 
========================================================================
Received Import Request.
  Time since last request: 0.000024 seconds.
  path: Assets/PolygonCity/Prefabs/Props/SM_Prop_Sign_Stop_01.prefab
  artifactKey: Guid(f91a7b3d9aa8ad64ab1d31bb2ae7608e) Importer(815301076,1909f56bfc062723c751e8b465ee728b)
Start importing Assets/PolygonCity/Prefabs/Props/SM_Prop_Sign_Stop_01.prefab using Guid(f91a7b3d9aa8ad64ab1d31bb2ae7608e) Importer(815301076,1909f56bfc062723c751e8b465ee728b)  -> (artifact id: '5e79193e38759ddca581d4cf422f5dea') in 0.025732 seconds 
========================================================================
Received Import Request.
  Time since last request: 0.000025 seconds.
  path: Assets/PolygonCity/Prefabs/Props/SM_Prop_Soda_03.prefab
  artifactKey: Guid(8d24d6976965f01469593d7f8d11c0cc) Importer(815301076,1909f56bfc062723c751e8b465ee728b)
Start importing Assets/PolygonCity/Prefabs/Props/SM_Prop_Soda_03.prefab using Guid(8d24d6976965f01469593d7f8d11c0cc) Importer(815301076,1909f56bfc062723c751e8b465ee728b)  -> (artifact id: '3b3f76065011ead76f906dae27f081b4') in 0.021999 seconds 
========================================================================
Received Import Request.
  Time since last request: 0.000028 seconds.
  path: Assets/PolygonCity/Prefabs/Props/SM_Prop_Sidewalk_Panel_05.prefab
  artifactKey: Guid(a2887a078e32efb43a1292b6a06996f1) Importer(815301076,1909f56bfc062723c751e8b465ee728b)
Start importing Assets/PolygonCity/Prefabs/Props/SM_Prop_Sidewalk_Panel_05.prefab using Guid(a2887a078e32efb43a1292b6a06996f1) Importer(815301076,1909f56bfc062723c751e8b465ee728b)  -> (artifact id: '03d87950a30d78b379177c2367860259') in 0.022439 seconds 
========================================================================
Received Import Request.
  Time since last request: 0.000024 seconds.
  path: Assets/PolygonCity/Prefabs/Props/SM_Prop_Sign_Bustop_01.prefab
  artifactKey: Guid(7e45a107e109d424db2b00ec85e4f565) Importer(815301076,1909f56bfc062723c751e8b465ee728b)
Start importing Assets/PolygonCity/Prefabs/Props/SM_Prop_Sign_Bustop_01.prefab using Guid(7e45a107e109d424db2b00ec85e4f565) Importer(815301076,1909f56bfc062723c751e8b465ee728b)  -> (artifact id: '5e723938ee05c7a2f63ba8af60a9a3b0') in 0.018223 seconds 
========================================================================
Received Import Request.
  Time since last request: 0.000029 seconds.
  path: Assets/PolygonCity/Prefabs/Props/SM_Prop_Sign_XXX_01.prefab
  artifactKey: Guid(f036ebe8e42460343a5baa9e00b735d5) Importer(815301076,1909f56bfc062723c751e8b465ee728b)
Start importing Assets/PolygonCity/Prefabs/Props/SM_Prop_Sign_XXX_01.prefab using Guid(f036ebe8e42460343a5baa9e00b735d5) Importer(815301076,1909f56bfc062723c751e8b465ee728b)  -> (artifact id: 'ad09fdd03327a9fa66ca9d44409807d4') in 0.018552 seconds 
Editor requested this worker to shutdown with reason: Scaling down because of idle timeout
AssetImportWorker is now disconnected from the server
Process exiting
Exiting without the bug reporter. Application will terminate with return code 0