Using pre-set license
Built from '2021.2/staging' branch; Version is '2021.2.7f1 (6bd9e232123f) revision 7068130'; Using compiler version '192829333'; Build Type 'Release'
OS: 'Windows 10  (10.0.19042) 64bit Core' Language: 'en' Physical Memory: 16215 MB
BatchMode: 1, IsHumanControllingUs: 0, StartBugReporterOnCrash: 0, Is64bit: 1, IsPro: 0

COMMAND LINE ARGUMENTS:
C:\Program Files\Unity\Hub\Editor\2021.2.7f1\Editor\Unity.exe
-adb2
-batchMode
-noUpm
-name
AssetImportWorker2
-projectPath
C:/Users/pelki/Unity/EGS Game Jam 2022
-logFile
Logs/AssetImportWorker2.log
-srvPort
58884
Successfully changed project path to: C:/Users/pelki/Unity/EGS Game Jam 2022
C:/Users/pelki/Unity/EGS Game Jam 2022
[UnityMemory] Configuration Parameters - Can be set up in boot.config
    "memorysetup-bucket-allocator-granularity=16"
    "memorysetup-bucket-allocator-bucket-count=8"
    "memorysetup-bucket-allocator-block-size=33554432"
    "memorysetup-bucket-allocator-block-count=8"
    "memorysetup-main-allocator-block-size=16777216"
    "memorysetup-thread-allocator-block-size=16777216"
    "memorysetup-gfx-main-allocator-block-size=16777216"
    "memorysetup-gfx-thread-allocator-block-size=16777216"
    "memorysetup-cache-allocator-block-size=4194304"
    "memorysetup-typetree-allocator-block-size=2097152"
    "memorysetup-profiler-bucket-allocator-granularity=16"
    "memorysetup-profiler-bucket-allocator-bucket-count=8"
    "memorysetup-profiler-bucket-allocator-block-size=33554432"
    "memorysetup-profiler-bucket-allocator-block-count=8"
    "memorysetup-profiler-allocator-block-size=16777216"
    "memorysetup-profiler-editor-allocator-block-size=1048576"
    "memorysetup-temp-allocator-size-main=16777216"
    "memorysetup-job-temp-allocator-block-size=2097152"
    "memorysetup-job-temp-allocator-block-size-background=1048576"
    "memorysetup-job-temp-allocator-reduction-small-platforms=262144"
    "memorysetup-temp-allocator-size-background-worker=32768"
    "memorysetup-temp-allocator-size-job-worker=262144"
    "memorysetup-temp-allocator-size-preload-manager=33554432"
    "memorysetup-temp-allocator-size-nav-mesh-worker=65536"
    "memorysetup-temp-allocator-size-audio-worker=65536"
    "memorysetup-temp-allocator-size-cloud-worker=32768"
    "memorysetup-temp-allocator-size-gi-baking-worker=262144"
    "memorysetup-temp-allocator-size-gfx=262144"
Refreshing native plugins compatible for Editor in 150.38 ms, found 3 plugins.
Preloading 0 native plugins for Editor in 0.00 ms.
Initialize engine version: 2021.2.7f1 (6bd9e232123f)
[Subsystems] Discovering subsystems at path C:/Program Files/Unity/Hub/Editor/2021.2.7f1/Editor/Data/Resources/UnitySubsystems
[Subsystems] Discovering subsystems at path C:/Users/pelki/Unity/EGS Game Jam 2022/Assets
GfxDevice: creating device client; threaded=0; jobified=0
Direct3D:
    Version:  Direct3D 11.0 [level 11.1]
    Renderer: NVIDIA GeForce RTX 2070 with Max-Q Design (ID=0x1f14)
    Vendor:   NVIDIA
    VRAM:     8031 MB
    Driver:   30.0.14.7196
Initialize mono
Mono path[0] = 'C:/Program Files/Unity/Hub/Editor/2021.2.7f1/Editor/Data/Managed'
Mono path[1] = 'C:/Program Files/Unity/Hub/Editor/2021.2.7f1/Editor/Data/MonoBleedingEdge/lib/mono/unityjit-win32'
Mono config path = 'C:/Program Files/Unity/Hub/Editor/2021.2.7f1/Editor/Data/MonoBleedingEdge/etc'
Using monoOptions --debugger-agent=transport=dt_socket,embedding=1,server=y,suspend=n,address=127.0.0.1:56388
Begin MonoManager ReloadAssembly
Registering precompiled unity dll's ...
Register platform support module: C:/Program Files/Unity/Hub/Editor/2021.2.7f1/Editor/Data/PlaybackEngines/WebGLSupport/UnityEditor.WebGL.Extensions.dll
Register platform support module: C:/Program Files/Unity/Hub/Editor/2021.2.7f1/Editor/Data/PlaybackEngines/WindowsStandaloneSupport/UnityEditor.WindowsStandalone.Extensions.dll
Registered in 0.007112 seconds.
Native extension for WindowsStandalone target not found
Native extension for WebGL target not found
Refreshing native plugins compatible for Editor in 102.63 ms, found 3 plugins.
Preloading 0 native plugins for Editor in 0.00 ms.
Mono: successfully reloaded assembly
- Completed reload, in  0.611 seconds
Domain Reload Profiling:
	ReloadAssembly (611ms)
		BeginReloadAssembly (70ms)
			ExecutionOrderSort (0ms)
			DisableScriptedObjects (0ms)
			BackupInstance (0ms)
			ReleaseScriptingObjects (0ms)
			CreateAndSetChildDomain (1ms)
		EndReloadAssembly (468ms)
			LoadAssemblies (68ms)
			RebuildTransferFunctionScriptingTraits (0ms)
			SetupTypeCache (97ms)
			ReleaseScriptCaches (0ms)
			RebuildScriptCaches (25ms)
			SetupLoadedEditorAssemblies (295ms)
				LogAssemblyErrors (0ms)
				InitializePlatformSupportModulesInManaged (16ms)
				SetLoadedEditorAssemblies (0ms)
				RefreshPlugins (103ms)
				BeforeProcessingInitializeOnLoad (1ms)
				ProcessInitializeOnLoadAttributes (134ms)
				ProcessInitializeOnLoadMethodAttributes (41ms)
				AfterProcessingInitializeOnLoad (0ms)
				EditorAssembliesLoaded (0ms)
			ExecutionOrderSort2 (0ms)
			AwakeInstancesAfterBackupRestoration (0ms)
Platform modules already initialized, skipping
Registering precompiled user dll's ...
Registered in 0.007053 seconds.
Begin MonoManager ReloadAssembly
Symbol file LoadedFromMemory doesn't match image C:\Users\pelki\Unity\EGS Game Jam 2022\Library\PackageCache\com.unity.visualscripting@1.7.6\Editor\VisualScripting.Core\Dependencies\YamlDotNet\Unity.VisualScripting.YamlDotNet.dll
Symbol file LoadedFromMemory doesn't match image C:\Users\pelki\Unity\EGS Game Jam 2022\Library\PackageCache\com.unity.visualscripting@1.7.6\Editor\VisualScripting.Core\Dependencies\DotNetZip\Unity.VisualScripting.IonicZip.dll
Native extension for WindowsStandalone target not found
Native extension for WebGL target not found
Refreshing native plugins compatible for Editor in 107.73 ms, found 3 plugins.
Preloading 0 native plugins for Editor in 0.00 ms.
Mono: successfully reloaded assembly
- Completed reload, in  1.925 seconds
Domain Reload Profiling:
	ReloadAssembly (1926ms)
		BeginReloadAssembly (144ms)
			ExecutionOrderSort (0ms)
			DisableScriptedObjects (6ms)
			BackupInstance (0ms)
			ReleaseScriptingObjects (0ms)
			CreateAndSetChildDomain (25ms)
		EndReloadAssembly (1652ms)
			LoadAssemblies (113ms)
			RebuildTransferFunctionScriptingTraits (0ms)
			SetupTypeCache (419ms)
			ReleaseScriptCaches (1ms)
			RebuildScriptCaches (53ms)
			SetupLoadedEditorAssemblies (1040ms)
				LogAssemblyErrors (0ms)
				InitializePlatformSupportModulesInManaged (11ms)
				SetLoadedEditorAssemblies (0ms)
				RefreshPlugins (108ms)
				BeforeProcessingInitializeOnLoad (112ms)
				ProcessInitializeOnLoadAttributes (727ms)
				ProcessInitializeOnLoadMethodAttributes (74ms)
				AfterProcessingInitializeOnLoad (8ms)
				EditorAssembliesLoaded (0ms)
			ExecutionOrderSort2 (0ms)
			AwakeInstancesAfterBackupRestoration (6ms)
Platform modules already initialized, skipping
========================================================================
Worker process is ready to serve import requests
Launched and connected shader compiler UnityShaderCompiler.exe after 0.03 seconds
Refreshing native plugins compatible for Editor in 0.84 ms, found 3 plugins.
Preloading 0 native plugins for Editor in 0.00 ms.
Unloading 5099 Unused Serialized files (Serialized files now loaded: 0)
Unloading 38 unused Assets / (0.7 MB). Loaded Objects now: 5557.
Memory consumption went from 203.3 MB to 202.5 MB.
Total: 5.310500 ms (FindLiveObjects: 0.599500 ms CreateObjectMapping: 0.594000 ms MarkObjects: 3.843900 ms  DeleteObjects: 0.272000 ms)

AssetImportParameters requested are different than current active one (requested -> active):
  custom:video-decoder-ogg-theora: a1e56fd34408186e4bbccfd4996cb3dc -> 
  custom:container-muxer-webm: aa71ff27fc2769a1b78a27578f13a17b -> 
  custom:container-demuxer-webm: 4f35f7cbe854078d1ac9338744f61a02 -> 
  custom:video-encoder-webm-vp8: eb34c28f22e8b96e1ab97ce403110664 -> 
  custom:audio-encoder-webm-vorbis: bf7c407c2cedff20999df2af8eb42d56 -> 
  custom:framework-win-MediaFoundation: 216162199b28c13a410421893ffa2e32 -> 
  custom:container-demuxer-ogg: 62fdf1f143b41e24485cea50d1cbac27 -> 
  custom:video-decoder-webm-vp8: 9c59270c3fd7afecdb556c50c9e8de78 -> 
  custom:audio-decoder-ogg-vorbis: bf7c407c2cedff20999df2af8eb42d56 -> 
========================================================================
Received Import Request.
  Time since last request: 31154.922754 seconds.
  path: Assets/PolygonCity/Prefabs/Environments/SM_Env_Fence_01.prefab
  artifactKey: Guid(cc10ce20cd2faea4ca8cb6505e5861d5) Importer(815301076,1909f56bfc062723c751e8b465ee728b)
Start importing Assets/PolygonCity/Prefabs/Environments/SM_Env_Fence_01.prefab using Guid(cc10ce20cd2faea4ca8cb6505e5861d5) Importer(815301076,1909f56bfc062723c751e8b465ee728b)  -> (artifact id: '12dc5ff045aceff5fda5ab46a633a50d') in 0.274866 seconds 
========================================================================
Received Import Request.
  Time since last request: 7.903552 seconds.
  path: Assets/PolygonCity/Prefabs/Environments/SM_Env_Tree_01.prefab
  artifactKey: Guid(ee6af68a3d2c1864ebc6cfc3be82d851) Importer(815301076,1909f56bfc062723c751e8b465ee728b)
Start importing Assets/PolygonCity/Prefabs/Environments/SM_Env_Tree_01.prefab using Guid(ee6af68a3d2c1864ebc6cfc3be82d851) Importer(815301076,1909f56bfc062723c751e8b465ee728b)  -> (artifact id: '1fb4805a276c1b1595e4b59aeedb6483') in 0.032602 seconds 
========================================================================
Received Import Request.
  Time since last request: 7.878497 seconds.
  path: Assets/PolygonCity/Prefabs/Props/SM_Prop_LargeSign_Pizza_01.prefab
  artifactKey: Guid(eba1f7ece2536204bb30cc7ab64ae8bf) Importer(815301076,1909f56bfc062723c751e8b465ee728b)
Start importing Assets/PolygonCity/Prefabs/Props/SM_Prop_LargeSign_Pizza_01.prefab using Guid(eba1f7ece2536204bb30cc7ab64ae8bf) Importer(815301076,1909f56bfc062723c751e8b465ee728b)  -> (artifact id: '37269fb247f593c7ac76b7e57303bd15') in 0.026511 seconds 
========================================================================
Received Import Request.
  Time since last request: 0.000044 seconds.
  path: Assets/PolygonCity/Prefabs/Props/SM_Prop_LargeSign_Taco_01.prefab
  artifactKey: Guid(fe6f11fc019ec62418161c178bc03c9b) Importer(815301076,1909f56bfc062723c751e8b465ee728b)
Start importing Assets/PolygonCity/Prefabs/Props/SM_Prop_LargeSign_Taco_01.prefab using Guid(fe6f11fc019ec62418161c178bc03c9b) Importer(815301076,1909f56bfc062723c751e8b465ee728b)  -> (artifact id: '80a07b766a0a4a75d2f8dbb6bcb1990c') in 0.025403 seconds 
========================================================================
Received Import Request.
  Time since last request: 0.000024 seconds.
  path: Assets/PolygonCity/Prefabs/Props/SM_Prop_Paper_05.prefab
  artifactKey: Guid(bbe271edc5b4fd04589440e05e4a0ff8) Importer(815301076,1909f56bfc062723c751e8b465ee728b)
Start importing Assets/PolygonCity/Prefabs/Props/SM_Prop_Paper_05.prefab using Guid(bbe271edc5b4fd04589440e05e4a0ff8) Importer(815301076,1909f56bfc062723c751e8b465ee728b)  -> (artifact id: 'f60eabccbf8baccbc4220d39c9990717') in 0.025135 seconds 
========================================================================
Received Import Request.
  Time since last request: 0.000032 seconds.
  path: Assets/PolygonCity/Prefabs/Props/SM_Prop_Manhole_01.prefab
  artifactKey: Guid(17d89c35d4de1e34faab77de25282d4b) Importer(815301076,1909f56bfc062723c751e8b465ee728b)
Start importing Assets/PolygonCity/Prefabs/Props/SM_Prop_Manhole_01.prefab using Guid(17d89c35d4de1e34faab77de25282d4b) Importer(815301076,1909f56bfc062723c751e8b465ee728b)  -> (artifact id: '198cb0c4f6ae44b90a4bfb3bdfcfc979') in 0.023901 seconds 
========================================================================
Received Import Request.
  Time since last request: 0.000025 seconds.
  path: Assets/PolygonCity/Prefabs/Props/SM_Prop_Newspaper_01.prefab
  artifactKey: Guid(d0a449419dc6e404d94d5081fa710767) Importer(815301076,1909f56bfc062723c751e8b465ee728b)
Start importing Assets/PolygonCity/Prefabs/Props/SM_Prop_Newspaper_01.prefab using Guid(d0a449419dc6e404d94d5081fa710767) Importer(815301076,1909f56bfc062723c751e8b465ee728b)  -> (artifact id: '6bf904b42adc276ac111dcefc8ce2b2c') in 0.027179 seconds 
========================================================================
Received Import Request.
  Time since last request: 0.000042 seconds.
  path: Assets/PolygonCity/Prefabs/Props/SM_Prop_LightPole_Lights_02.prefab
  artifactKey: Guid(6702d719a0fd01142ab7529f2a36d350) Importer(815301076,1909f56bfc062723c751e8b465ee728b)
Start importing Assets/PolygonCity/Prefabs/Props/SM_Prop_LightPole_Lights_02.prefab using Guid(6702d719a0fd01142ab7529f2a36d350) Importer(815301076,1909f56bfc062723c751e8b465ee728b)  -> (artifact id: 'd3c2f98c3c8d0a38c820736a55a66396') in 0.028021 seconds 
========================================================================
Received Import Request.
  Time since last request: 0.000018 seconds.
  path: Assets/PolygonCity/Prefabs/Props/SM_Prop_LightPole_Base_02.prefab
  artifactKey: Guid(684edc7838bf89d4b933a49c85d72080) Importer(815301076,1909f56bfc062723c751e8b465ee728b)
Start importing Assets/PolygonCity/Prefabs/Props/SM_Prop_LightPole_Base_02.prefab using Guid(684edc7838bf89d4b933a49c85d72080) Importer(815301076,1909f56bfc062723c751e8b465ee728b)  -> (artifact id: 'ae052316fd08d5f177796478bddfc1be') in 0.028821 seconds 
========================================================================
Received Import Request.
  Time since last request: 0.000045 seconds.
  path: Assets/PolygonCity/Prefabs/Props/SM_Prop_ParkBench_01.prefab
  artifactKey: Guid(29c6f824a8087b549a0a0b68c7810a06) Importer(815301076,1909f56bfc062723c751e8b465ee728b)
Start importing Assets/PolygonCity/Prefabs/Props/SM_Prop_ParkBench_01.prefab using Guid(29c6f824a8087b549a0a0b68c7810a06) Importer(815301076,1909f56bfc062723c751e8b465ee728b)  -> (artifact id: '9fd2c8f11d11520eead19ca2ff940701') in 0.029676 seconds 
========================================================================
Received Import Request.
  Time since last request: 0.247029 seconds.
  path: Assets/PolygonCity/Prefabs/Props/SM_Prop_ParkingMeter_01.prefab
  artifactKey: Guid(03ade969ba0f5d842a49161d00145831) Importer(815301076,1909f56bfc062723c751e8b465ee728b)
Start importing Assets/PolygonCity/Prefabs/Props/SM_Prop_ParkingMeter_01.prefab using Guid(03ade969ba0f5d842a49161d00145831) Importer(815301076,1909f56bfc062723c751e8b465ee728b)  -> (artifact id: '4ddd1328359e01ed03bb848f703aaf61') in 0.023395 seconds 
========================================================================
Received Import Request.
  Time since last request: 0.000024 seconds.
  path: Assets/PolygonCity/Prefabs/Props/SM_Prop_Pipe_Part_Connect_01.prefab
  artifactKey: Guid(b0a54232ae05a044dba83bfeab0610a6) Importer(815301076,1909f56bfc062723c751e8b465ee728b)
Start importing Assets/PolygonCity/Prefabs/Props/SM_Prop_Pipe_Part_Connect_01.prefab using Guid(b0a54232ae05a044dba83bfeab0610a6) Importer(815301076,1909f56bfc062723c751e8b465ee728b)  -> (artifact id: 'b16f2bf87e826bdc487b05a8cc47f1f6') in 0.025801 seconds 
========================================================================
Received Import Request.
  Time since last request: 0.000026 seconds.
  path: Assets/PolygonCity/Prefabs/Props/SM_Prop_Pipe_Part_T_01.prefab
  artifactKey: Guid(75ed760c5f58b1b45b9173b77c8c7785) Importer(815301076,1909f56bfc062723c751e8b465ee728b)
Start importing Assets/PolygonCity/Prefabs/Props/SM_Prop_Pipe_Part_T_01.prefab using Guid(75ed760c5f58b1b45b9173b77c8c7785) Importer(815301076,1909f56bfc062723c751e8b465ee728b)  -> (artifact id: '8d1f374876488a1b705172963dbd17db') in 0.024191 seconds 
========================================================================
Received Import Request.
  Time since last request: 0.040018 seconds.
  path: Assets/PolygonCity/Prefabs/Props/SM_Prop_LargeSign_Coffee_01.prefab
  artifactKey: Guid(e6139376bf14ce144b7584ca3e26d24b) Importer(815301076,1909f56bfc062723c751e8b465ee728b)
Start importing Assets/PolygonCity/Prefabs/Props/SM_Prop_LargeSign_Coffee_01.prefab using Guid(e6139376bf14ce144b7584ca3e26d24b) Importer(815301076,1909f56bfc062723c751e8b465ee728b)  -> (artifact id: '4cf4f39a2ceb31deac6ca6ea07c0e8db') in 0.021404 seconds 
========================================================================
Received Import Request.
  Time since last request: 0.000023 seconds.
  path: Assets/PolygonCity/Prefabs/Props/SM_Prop_LargeSign_Noodles_01.prefab
  artifactKey: Guid(bbeea2c2f3731224a87bb3cd9dba8e47) Importer(815301076,1909f56bfc062723c751e8b465ee728b)
Start importing Assets/PolygonCity/Prefabs/Props/SM_Prop_LargeSign_Noodles_01.prefab using Guid(bbeea2c2f3731224a87bb3cd9dba8e47) Importer(815301076,1909f56bfc062723c751e8b465ee728b)  -> (artifact id: '0a7b1f868fa8310e58ef82f099794e81') in 0.026315 seconds 
========================================================================
Received Import Request.
  Time since last request: 0.000033 seconds.
  path: Assets/PolygonCity/Prefabs/Props/SM_Prop_LargeSign_Icecream_01.prefab
  artifactKey: Guid(1c0370843c27f3241b125cb9187073d6) Importer(815301076,1909f56bfc062723c751e8b465ee728b)
Start importing Assets/PolygonCity/Prefabs/Props/SM_Prop_LargeSign_Icecream_01.prefab using Guid(1c0370843c27f3241b125cb9187073d6) Importer(815301076,1909f56bfc062723c751e8b465ee728b)  -> (artifact id: 'd91a6048fcac2cd8d0f1b3ef71a0c366') in 0.023915 seconds 
========================================================================
Received Import Request.
  Time since last request: 0.000029 seconds.
  path: Assets/PolygonCity/Prefabs/Props/SM_Prop_LargeSign_Beer_01.prefab
  artifactKey: Guid(c64c1c913095fb64db3fd1ac114e9b80) Importer(815301076,1909f56bfc062723c751e8b465ee728b)
Start importing Assets/PolygonCity/Prefabs/Props/SM_Prop_LargeSign_Beer_01.prefab using Guid(c64c1c913095fb64db3fd1ac114e9b80) Importer(815301076,1909f56bfc062723c751e8b465ee728b)  -> (artifact id: '9d409d68e3086daa51b2dcf9cf6ddd23') in 0.026395 seconds 
========================================================================
Received Import Request.
  Time since last request: 0.000026 seconds.
  path: Assets/PolygonCity/Prefabs/Props/SM_Prop_LargeSign_BowlingPin_01.prefab
  artifactKey: Guid(94147211148ab5a449bb861d39bd169f) Importer(815301076,1909f56bfc062723c751e8b465ee728b)
Start importing Assets/PolygonCity/Prefabs/Props/SM_Prop_LargeSign_BowlingPin_01.prefab using Guid(94147211148ab5a449bb861d39bd169f) Importer(815301076,1909f56bfc062723c751e8b465ee728b)  -> (artifact id: 'e0e93dfc60260073abb63a5e7f054ff1') in 0.026113 seconds 
========================================================================
Received Import Request.
  Time since last request: 0.000025 seconds.
  path: Assets/PolygonCity/Prefabs/Props/SM_Prop_LargeSign_BowlingBall_01.prefab
  artifactKey: Guid(d01d785db09ea5f43a99f45228e63817) Importer(815301076,1909f56bfc062723c751e8b465ee728b)
Start importing Assets/PolygonCity/Prefabs/Props/SM_Prop_LargeSign_BowlingBall_01.prefab using Guid(d01d785db09ea5f43a99f45228e63817) Importer(815301076,1909f56bfc062723c751e8b465ee728b)  -> (artifact id: '3fea7e44cd10f2db7102d4f66112f67f') in 0.019597 seconds 
========================================================================
Received Import Request.
  Time since last request: 0.050396 seconds.
  path: Assets/PolygonCity/Prefabs/Props/SM_Prop_CardboardBox_02.prefab
  artifactKey: Guid(e4e5d2f7f155681449aca26cbdb2b635) Importer(815301076,1909f56bfc062723c751e8b465ee728b)
Start importing Assets/PolygonCity/Prefabs/Props/SM_Prop_CardboardBox_02.prefab using Guid(e4e5d2f7f155681449aca26cbdb2b635) Importer(815301076,1909f56bfc062723c751e8b465ee728b)  -> (artifact id: '92c4c1158eab8c0307b9c13480cdf615') in 0.025273 seconds 
========================================================================
Received Import Request.
  Time since last request: 0.000021 seconds.
  path: Assets/PolygonCity/Prefabs/Props/SM_Prop_Cone_02.prefab
  artifactKey: Guid(b1f0fb7fede614d45a9666d2629c2716) Importer(815301076,1909f56bfc062723c751e8b465ee728b)
Start importing Assets/PolygonCity/Prefabs/Props/SM_Prop_Cone_02.prefab using Guid(b1f0fb7fede614d45a9666d2629c2716) Importer(815301076,1909f56bfc062723c751e8b465ee728b)  -> (artifact id: 'fce4f256e936dd8cdec0d24f9d8923ae') in 0.023422 seconds 
========================================================================
Received Import Request.
  Time since last request: 0.000028 seconds.
  path: Assets/PolygonCity/Prefabs/Props/SM_Prop_CardboardBox_01.prefab
  artifactKey: Guid(87c2df8e665f8664e932718fcf85c0b2) Importer(815301076,1909f56bfc062723c751e8b465ee728b)
Start importing Assets/PolygonCity/Prefabs/Props/SM_Prop_CardboardBox_01.prefab using Guid(87c2df8e665f8664e932718fcf85c0b2) Importer(815301076,1909f56bfc062723c751e8b465ee728b)  -> (artifact id: 'a51c55cc3759adb01e9bf170d4624441') in 0.023107 seconds 
========================================================================
Received Import Request.
  Time since last request: 0.000032 seconds.
  path: Assets/PolygonCity/Prefabs/Props/SM_Prop_Burger_01.prefab
  artifactKey: Guid(a4a36f473384c3c489b6458561ff07ac) Importer(815301076,1909f56bfc062723c751e8b465ee728b)
Start importing Assets/PolygonCity/Prefabs/Props/SM_Prop_Burger_01.prefab using Guid(a4a36f473384c3c489b6458561ff07ac) Importer(815301076,1909f56bfc062723c751e8b465ee728b)  -> (artifact id: '54faed19637795727e7fcc4f2eaa93d1') in 0.026485 seconds 
========================================================================
Received Import Request.
  Time since last request: 0.000029 seconds.
  path: Assets/PolygonCity/Prefabs/Props/SM_Prop_Billboard_Pole_01.prefab
  artifactKey: Guid(41f97a49a9daacd4cb2f4f15f3b4a822) Importer(815301076,1909f56bfc062723c751e8b465ee728b)
Start importing Assets/PolygonCity/Prefabs/Props/SM_Prop_Billboard_Pole_01.prefab using Guid(41f97a49a9daacd4cb2f4f15f3b4a822) Importer(815301076,1909f56bfc062723c751e8b465ee728b)  -> (artifact id: '228e52a7e108a024a6fd51baacd9d29e') in 0.024648 seconds 
========================================================================
Received Import Request.
  Time since last request: 0.000024 seconds.
  path: Assets/PolygonCity/Prefabs/Props/SM_Prop_Door_01.prefab
  artifactKey: Guid(47455669544a7614fb1944943e4fdcbd) Importer(815301076,1909f56bfc062723c751e8b465ee728b)
Start importing Assets/PolygonCity/Prefabs/Props/SM_Prop_Door_01.prefab using Guid(47455669544a7614fb1944943e4fdcbd) Importer(815301076,1909f56bfc062723c751e8b465ee728b)  -> (artifact id: '4fdccb428b4ded919935732b1810e1aa') in 0.026387 seconds 
========================================================================
Received Import Request.
  Time since last request: 0.000021 seconds.
  path: Assets/PolygonCity/Prefabs/Props/SM_Prop_ATM_01.prefab
  artifactKey: Guid(78393129033e7904a9479b03588cd8aa) Importer(815301076,1909f56bfc062723c751e8b465ee728b)
Start importing Assets/PolygonCity/Prefabs/Props/SM_Prop_ATM_01.prefab using Guid(78393129033e7904a9479b03588cd8aa) Importer(815301076,1909f56bfc062723c751e8b465ee728b)  -> (artifact id: '04ec5c4efb20922a024b6407ce3dc3ce') in 0.025745 seconds 
========================================================================
Received Import Request.
  Time since last request: 0.000021 seconds.
  path: Assets/PolygonCity/Prefabs/Props/SM_Prop_Billboard_Sign_03.prefab
  artifactKey: Guid(982d949264f5fd34e95b58f116932053) Importer(815301076,1909f56bfc062723c751e8b465ee728b)
Start importing Assets/PolygonCity/Prefabs/Props/SM_Prop_Billboard_Sign_03.prefab using Guid(982d949264f5fd34e95b58f116932053) Importer(815301076,1909f56bfc062723c751e8b465ee728b)  -> (artifact id: 'db18a951d7284ae193528b4ce933e0e5') in 0.023420 seconds 
========================================================================
Received Import Request.
  Time since last request: 3.213665 seconds.
  path: Assets/PolygonCity/Prefabs/Props/SM_Prop_Pipe_Preset_01.prefab
  artifactKey: Guid(e3b7b99f57ac49441bd8040382e6736c) Importer(815301076,1909f56bfc062723c751e8b465ee728b)
Start importing Assets/PolygonCity/Prefabs/Props/SM_Prop_Pipe_Preset_01.prefab using Guid(e3b7b99f57ac49441bd8040382e6736c) Importer(815301076,1909f56bfc062723c751e8b465ee728b)  -> (artifact id: 'd03079a4aaf9f0af5be8ef2e9e93482d') in 0.024531 seconds 
========================================================================
Received Import Request.
  Time since last request: 0.000055 seconds.
  path: Assets/PolygonCity/Prefabs/Props/SM_Prop_Pipe_Small_01.prefab
  artifactKey: Guid(4af8e3852964a684f83e8632aa1b0201) Importer(815301076,1909f56bfc062723c751e8b465ee728b)
Start importing Assets/PolygonCity/Prefabs/Props/SM_Prop_Pipe_Small_01.prefab using Guid(4af8e3852964a684f83e8632aa1b0201) Importer(815301076,1909f56bfc062723c751e8b465ee728b)  -> (artifact id: '743348161f6c8c27376b6f1b9ca9dfd7') in 0.033079 seconds 
========================================================================
Received Import Request.
  Time since last request: 0.000022 seconds.
  path: Assets/PolygonCity/Prefabs/Props/SM_Prop_PlanterWindow_02.prefab
  artifactKey: Guid(385e440e39a69044bbd3453c1caa8158) Importer(815301076,1909f56bfc062723c751e8b465ee728b)
Start importing Assets/PolygonCity/Prefabs/Props/SM_Prop_PlanterWindow_02.prefab using Guid(385e440e39a69044bbd3453c1caa8158) Importer(815301076,1909f56bfc062723c751e8b465ee728b)  -> (artifact id: 'a559e711c2a52ec0f5ce20ad9554ef8b') in 0.025204 seconds 
========================================================================
Received Import Request.
  Time since last request: 0.000027 seconds.
  path: Assets/PolygonCity/Prefabs/Props/SM_Prop_Power_Cables_01.prefab
  artifactKey: Guid(3995e7bc013d6744a8142ad7b28854e7) Importer(815301076,1909f56bfc062723c751e8b465ee728b)
Start importing Assets/PolygonCity/Prefabs/Props/SM_Prop_Power_Cables_01.prefab using Guid(3995e7bc013d6744a8142ad7b28854e7) Importer(815301076,1909f56bfc062723c751e8b465ee728b)  -> (artifact id: 'c09475282a9610437192cf56c56d7d24') in 0.024751 seconds 
========================================================================
Received Import Request.
  Time since last request: 0.000034 seconds.
  path: Assets/PolygonCity/Prefabs/Props/SM_Prop_Roof_Aircon_03.prefab
  artifactKey: Guid(b307a3e7dc3e3ec409ff68b9cb1080ed) Importer(815301076,1909f56bfc062723c751e8b465ee728b)
Start importing Assets/PolygonCity/Prefabs/Props/SM_Prop_Roof_Aircon_03.prefab using Guid(b307a3e7dc3e3ec409ff68b9cb1080ed) Importer(815301076,1909f56bfc062723c751e8b465ee728b)  -> (artifact id: '1fa5dcefa9f704c93efe09ead4df8221') in 0.024414 seconds 
========================================================================
Received Import Request.
  Time since last request: 0.000076 seconds.
  path: Assets/PolygonCity/Prefabs/Props/SM_Prop_Roof_Aircon_02.prefab
  artifactKey: Guid(b59c8a025baab13498254afa5eb8b18d) Importer(815301076,1909f56bfc062723c751e8b465ee728b)
Start importing Assets/PolygonCity/Prefabs/Props/SM_Prop_Roof_Aircon_02.prefab using Guid(b59c8a025baab13498254afa5eb8b18d) Importer(815301076,1909f56bfc062723c751e8b465ee728b)  -> (artifact id: 'ec6cde270acdc8be6916fdc8375e5816') in 0.025832 seconds 
========================================================================
Received Import Request.
  Time since last request: 0.000047 seconds.
  path: Assets/PolygonCity/Prefabs/Props/SM_Prop_SatDish_01.prefab
  artifactKey: Guid(7518e6d86c572544cb2f51453141465f) Importer(815301076,1909f56bfc062723c751e8b465ee728b)
Start importing Assets/PolygonCity/Prefabs/Props/SM_Prop_SatDish_01.prefab using Guid(7518e6d86c572544cb2f51453141465f) Importer(815301076,1909f56bfc062723c751e8b465ee728b)  -> (artifact id: '4d2194ce9cde87a05139120811323707') in 0.023751 seconds 
========================================================================
Received Import Request.
  Time since last request: 0.000026 seconds.
  path: Assets/PolygonCity/Prefabs/Props/SM_Prop_ShopInterior_Desk_01.prefab
  artifactKey: Guid(f6ed513feac116e41b20d43b620f8066) Importer(815301076,1909f56bfc062723c751e8b465ee728b)
Start importing Assets/PolygonCity/Prefabs/Props/SM_Prop_ShopInterior_Desk_01.prefab using Guid(f6ed513feac116e41b20d43b620f8066) Importer(815301076,1909f56bfc062723c751e8b465ee728b)  -> (artifact id: '655097e85e0421aa219ef74c679b41ab') in 0.024704 seconds 
========================================================================
Received Import Request.
  Time since last request: 0.000027 seconds.
  path: Assets/PolygonCity/Prefabs/Props/SM_Prop_SecurityCamera_01.prefab
  artifactKey: Guid(804b4d4621262c6449916edf7614a719) Importer(815301076,1909f56bfc062723c751e8b465ee728b)
Start importing Assets/PolygonCity/Prefabs/Props/SM_Prop_SecurityCamera_01.prefab using Guid(804b4d4621262c6449916edf7614a719) Importer(815301076,1909f56bfc062723c751e8b465ee728b)  -> (artifact id: '29285bda9c92b038eb6d279b5b2b31c7') in 0.023532 seconds 
========================================================================
Received Import Request.
  Time since last request: 0.000038 seconds.
  path: Assets/PolygonCity/Prefabs/Props/SM_Prop_ShopInterior_Display_01.prefab
  artifactKey: Guid(e6368a4e913510c4e8f89c70757b02ef) Importer(815301076,1909f56bfc062723c751e8b465ee728b)
Start importing Assets/PolygonCity/Prefabs/Props/SM_Prop_ShopInterior_Display_01.prefab using Guid(e6368a4e913510c4e8f89c70757b02ef) Importer(815301076,1909f56bfc062723c751e8b465ee728b)  -> (artifact id: '8ea40267d93e7df91d2b0f036c69fb46') in 0.026469 seconds 
========================================================================
Received Import Request.
  Time since last request: 0.005754 seconds.
  path: Assets/PolygonCity/Prefabs/Props/SM_Prop_ShopInterior_Shelf_01.prefab
  artifactKey: Guid(fe51d80727aedd545871247d7f1fd25c) Importer(815301076,1909f56bfc062723c751e8b465ee728b)
Start importing Assets/PolygonCity/Prefabs/Props/SM_Prop_ShopInterior_Shelf_01.prefab using Guid(fe51d80727aedd545871247d7f1fd25c) Importer(815301076,1909f56bfc062723c751e8b465ee728b)  -> (artifact id: '4d0357822f8ff7039c3b3692144435ca') in 0.019481 seconds 
========================================================================
Received Import Request.
  Time since last request: 0.000040 seconds.
  path: Assets/PolygonCity/Prefabs/Props/SM_Prop_ShopInterior_Shelf_04.prefab
  artifactKey: Guid(a182c2a01d7be784e853dd2ecbed570e) Importer(815301076,1909f56bfc062723c751e8b465ee728b)
Start importing Assets/PolygonCity/Prefabs/Props/SM_Prop_ShopInterior_Shelf_04.prefab using Guid(a182c2a01d7be784e853dd2ecbed570e) Importer(815301076,1909f56bfc062723c751e8b465ee728b)  -> (artifact id: 'e7c541df379184b86f7a8f5532ebb683') in 0.025120 seconds 
========================================================================
Received Import Request.
  Time since last request: 0.000028 seconds.
  path: Assets/PolygonCity/Prefabs/Props/SM_Prop_Sign_FireDepartment_01.prefab
  artifactKey: Guid(e0b066ef9ae5aff40b5acc9933c1aae7) Importer(815301076,1909f56bfc062723c751e8b465ee728b)
Start importing Assets/PolygonCity/Prefabs/Props/SM_Prop_Sign_FireDepartment_01.prefab using Guid(e0b066ef9ae5aff40b5acc9933c1aae7) Importer(815301076,1909f56bfc062723c751e8b465ee728b)  -> (artifact id: 'adb8965795c0234c46b06713e2009774') in 0.025289 seconds 
========================================================================
Received Import Request.
  Time since last request: 0.000040 seconds.
  path: Assets/PolygonCity/Prefabs/Props/SM_Prop_Sidewalk_Panel_04.prefab
  artifactKey: Guid(bdec9e11564b10548af18c3359d9203e) Importer(815301076,1909f56bfc062723c751e8b465ee728b)
Start importing Assets/PolygonCity/Prefabs/Props/SM_Prop_Sidewalk_Panel_04.prefab using Guid(bdec9e11564b10548af18c3359d9203e) Importer(815301076,1909f56bfc062723c751e8b465ee728b)  -> (artifact id: '3cae700d10a837e38e58d626c04eb53c') in 0.022299 seconds 
========================================================================
Received Import Request.
  Time since last request: 0.000029 seconds.
  path: Assets/PolygonCity/Prefabs/Props/SM_Prop_Sign_Attachment_02.prefab
  artifactKey: Guid(0b0db9af9ba2ab54893ab175e0030f03) Importer(815301076,1909f56bfc062723c751e8b465ee728b)
Start importing Assets/PolygonCity/Prefabs/Props/SM_Prop_Sign_Attachment_02.prefab using Guid(0b0db9af9ba2ab54893ab175e0030f03) Importer(815301076,1909f56bfc062723c751e8b465ee728b)  -> (artifact id: 'bf6b364ca58d058044ed3658bfed4cb9') in 0.027830 seconds 
========================================================================
Received Import Request.
  Time since last request: 0.000035 seconds.
  path: Assets/PolygonCity/Prefabs/Props/SM_Prop_Sign_Barber_01.prefab
  artifactKey: Guid(6f13e404c814e8d4aa20a5f3d4469109) Importer(815301076,1909f56bfc062723c751e8b465ee728b)
Start importing Assets/PolygonCity/Prefabs/Props/SM_Prop_Sign_Barber_01.prefab using Guid(6f13e404c814e8d4aa20a5f3d4469109) Importer(815301076,1909f56bfc062723c751e8b465ee728b)  -> (artifact id: 'ccf84c086d052f73f8c64ab6e0ec0d3b') in 0.022063 seconds 
========================================================================
Received Import Request.
  Time since last request: 0.000043 seconds.
  path: Assets/PolygonCity/Prefabs/Props/SM_Prop_Sign_DeliPizza_01.prefab
  artifactKey: Guid(e98dbcbb18fcaf245912cbe6b4ec9f98) Importer(815301076,1909f56bfc062723c751e8b465ee728b)
Start importing Assets/PolygonCity/Prefabs/Props/SM_Prop_Sign_DeliPizza_01.prefab using Guid(e98dbcbb18fcaf245912cbe6b4ec9f98) Importer(815301076,1909f56bfc062723c751e8b465ee728b)  -> (artifact id: 'fd7c71ca4c0b37d4b374aaa4a6234679') in 0.023579 seconds 
========================================================================
Received Import Request.
  Time since last request: 0.000034 seconds.
  path: Assets/PolygonCity/Prefabs/Props/SM_Prop_Sidewalk_Panel_02.prefab
  artifactKey: Guid(f5d836287b731654889d5c887015e410) Importer(815301076,1909f56bfc062723c751e8b465ee728b)
Start importing Assets/PolygonCity/Prefabs/Props/SM_Prop_Sidewalk_Panel_02.prefab using Guid(f5d836287b731654889d5c887015e410) Importer(815301076,1909f56bfc062723c751e8b465ee728b)  -> (artifact id: '3df7e86f0d97f210d3273eddaefcf70f') in 0.025414 seconds 
========================================================================
Received Import Request.
  Time since last request: 0.207130 seconds.
  path: Assets/PolygonCity/Prefabs/Props/SM_Prop_Sign_GiveWay_01.prefab
  artifactKey: Guid(4170b399e985d6549a784678829905ad) Importer(815301076,1909f56bfc062723c751e8b465ee728b)
Start importing Assets/PolygonCity/Prefabs/Props/SM_Prop_Sign_GiveWay_01.prefab using Guid(4170b399e985d6549a784678829905ad) Importer(815301076,1909f56bfc062723c751e8b465ee728b)  -> (artifact id: '2103561e7a37c92d88f73c7334d9e402') in 0.025695 seconds 
========================================================================
Received Import Request.
  Time since last request: 0.000018 seconds.
  path: Assets/PolygonCity/Prefabs/Props/SM_Prop_Sign_Warning_01.prefab
  artifactKey: Guid(f1754e7bc1938a64a987b1f5fa38743a) Importer(815301076,1909f56bfc062723c751e8b465ee728b)
Start importing Assets/PolygonCity/Prefabs/Props/SM_Prop_Sign_Warning_01.prefab using Guid(f1754e7bc1938a64a987b1f5fa38743a) Importer(815301076,1909f56bfc062723c751e8b465ee728b)  -> (artifact id: 'fcdab72a145c92ce3367962e263b6742') in 0.026963 seconds 
========================================================================
Received Import Request.
  Time since last request: 0.000026 seconds.
  path: Assets/PolygonCity/Prefabs/Props/SM_Prop_Sign_Pizza_01.prefab
  artifactKey: Guid(7ab8c96f64066fb48bf1bd7d1bd465c0) Importer(815301076,1909f56bfc062723c751e8b465ee728b)
Start importing Assets/PolygonCity/Prefabs/Props/SM_Prop_Sign_Pizza_01.prefab using Guid(7ab8c96f64066fb48bf1bd7d1bd465c0) Importer(815301076,1909f56bfc062723c751e8b465ee728b)  -> (artifact id: '8e32ad3be87b471efc7a77641f72b217') in 0.026159 seconds 
========================================================================
Received Import Request.
  Time since last request: 0.000020 seconds.
  path: Assets/PolygonCity/Prefabs/Props/SM_Prop_Soda_01.prefab
  artifactKey: Guid(d8d6e22fb12c1724096123ee86509be6) Importer(815301076,1909f56bfc062723c751e8b465ee728b)
Start importing Assets/PolygonCity/Prefabs/Props/SM_Prop_Soda_01.prefab using Guid(d8d6e22fb12c1724096123ee86509be6) Importer(815301076,1909f56bfc062723c751e8b465ee728b)  -> (artifact id: 'b02ac53d98bde88d21344a77d2d253ef') in 0.027353 seconds 
========================================================================
Received Import Request.
  Time since last request: 0.000028 seconds.
  path: Assets/PolygonCity/Prefabs/Props/SM_Prop_Sign_Hospital_01.prefab
  artifactKey: Guid(a3e85953e98766049bc6fcaafb10ecb8) Importer(815301076,1909f56bfc062723c751e8b465ee728b)
Start importing Assets/PolygonCity/Prefabs/Props/SM_Prop_Sign_Hospital_01.prefab using Guid(a3e85953e98766049bc6fcaafb10ecb8) Importer(815301076,1909f56bfc062723c751e8b465ee728b)  -> (artifact id: '78d2e0a694f6917f91960d3d2747aeed') in 0.026583 seconds 
========================================================================
Received Import Request.
  Time since last request: 0.000022 seconds.
  path: Assets/PolygonCity/Prefabs/Props/SM_Prop_Sign_Police_01.prefab
  artifactKey: Guid(fcaf22b5c144e454493120cd8c59fc81) Importer(815301076,1909f56bfc062723c751e8b465ee728b)
Start importing Assets/PolygonCity/Prefabs/Props/SM_Prop_Sign_Police_01.prefab using Guid(fcaf22b5c144e454493120cd8c59fc81) Importer(815301076,1909f56bfc062723c751e8b465ee728b)  -> (artifact id: '5458a3b4ed0f13925e51b2877040e75e') in 0.026339 seconds 
========================================================================
Received Import Request.
  Time since last request: 0.000063 seconds.
  path: Assets/PolygonCity/Prefabs/Props/SM_Prop_Sign_XXX_01.prefab
  artifactKey: Guid(f036ebe8e42460343a5baa9e00b735d5) Importer(815301076,1909f56bfc062723c751e8b465ee728b)
Start importing Assets/PolygonCity/Prefabs/Props/SM_Prop_Sign_XXX_01.prefab using Guid(f036ebe8e42460343a5baa9e00b735d5) Importer(815301076,1909f56bfc062723c751e8b465ee728b)  -> (artifact id: 'fe26b076f901a8dcad9f2480666425c9') in 0.025121 seconds 
========================================================================
Received Import Request.
  Time since last request: 0.000020 seconds.
  path: Assets/PolygonCity/Prefabs/Props/SM_Prop_Sign_Hotel_01.prefab
  artifactKey: Guid(15dc232cd3fb7284497126cd68dc7ba7) Importer(815301076,1909f56bfc062723c751e8b465ee728b)
Start importing Assets/PolygonCity/Prefabs/Props/SM_Prop_Sign_Hotel_01.prefab using Guid(15dc232cd3fb7284497126cd68dc7ba7) Importer(815301076,1909f56bfc062723c751e8b465ee728b)  -> (artifact id: '6f3c04b1bd8fbab4c60dda24841bc045') in 0.024422 seconds 
========================================================================
Received Import Request.
  Time since last request: 0.000019 seconds.
  path: Assets/PolygonCity/Prefabs/Props/SM_Prop_Trashbin_02.prefab
  artifactKey: Guid(e1cc26c508a6ec34e95a50f62aa7b3df) Importer(815301076,1909f56bfc062723c751e8b465ee728b)
Start importing Assets/PolygonCity/Prefabs/Props/SM_Prop_Trashbin_02.prefab using Guid(e1cc26c508a6ec34e95a50f62aa7b3df) Importer(815301076,1909f56bfc062723c751e8b465ee728b)  -> (artifact id: '1784767a53f988ce91752484bb706292') in 0.026115 seconds 
========================================================================
Received Import Request.
  Time since last request: 0.000047 seconds.
  path: Assets/PolygonCity/Prefabs/Props/SM_Prop_Washingline_03.prefab
  artifactKey: Guid(817e942c1f8ae59408e2debc4104926b) Importer(815301076,1909f56bfc062723c751e8b465ee728b)
Start importing Assets/PolygonCity/Prefabs/Props/SM_Prop_Washingline_03.prefab using Guid(817e942c1f8ae59408e2debc4104926b) Importer(815301076,1909f56bfc062723c751e8b465ee728b)  -> (artifact id: '52095ed2f5b975187325d34012588209') in 0.025218 seconds 
========================================================================
Received Import Request.
  Time since last request: 0.000043 seconds.
  path: Assets/PolygonCity/Prefabs/Props/SM_Prop_Window_01.prefab
  artifactKey: Guid(dbda624de6be8fc4391bb7008161cce8) Importer(815301076,1909f56bfc062723c751e8b465ee728b)
Start importing Assets/PolygonCity/Prefabs/Props/SM_Prop_Window_01.prefab using Guid(dbda624de6be8fc4391bb7008161cce8) Importer(815301076,1909f56bfc062723c751e8b465ee728b)  -> (artifact id: '7e4ff27fa8c108e7bed2286ca266a4cd') in 0.023666 seconds 
========================================================================
Received Import Request.
  Time since last request: 0.000041 seconds.
  path: Assets/PolygonCity/Prefabs/Props/SM_Prop_TrashBag_01.prefab
  artifactKey: Guid(5e9f23a0d535d65438771a89191d0f83) Importer(815301076,1909f56bfc062723c751e8b465ee728b)
Start importing Assets/PolygonCity/Prefabs/Props/SM_Prop_TrashBag_01.prefab using Guid(5e9f23a0d535d65438771a89191d0f83) Importer(815301076,1909f56bfc062723c751e8b465ee728b)  -> (artifact id: 'b95d750278e73a39c1c835e9f4208355') in 0.024559 seconds 
========================================================================
Received Import Request.
  Time since last request: 0.000046 seconds.
  path: Assets/PolygonCity/Prefabs/Props/SM_Prop_Umbrella_01.prefab
  artifactKey: Guid(c70ae4ae0fa26e843855bb2f4d3e43fb) Importer(815301076,1909f56bfc062723c751e8b465ee728b)
Start importing Assets/PolygonCity/Prefabs/Props/SM_Prop_Umbrella_01.prefab using Guid(c70ae4ae0fa26e843855bb2f4d3e43fb) Importer(815301076,1909f56bfc062723c751e8b465ee728b)  -> (artifact id: '1c0639eebbceee3fbf6dc7a0dc23b6a8') in 0.023922 seconds 
========================================================================
Received Import Request.
  Time since last request: 0.000032 seconds.
  path: Assets/PolygonCity/Prefabs/Props/SM_Prop_TrashCan_01.prefab
  artifactKey: Guid(f738f6acdbb1d5844bd657732cb05e13) Importer(815301076,1909f56bfc062723c751e8b465ee728b)
Start importing Assets/PolygonCity/Prefabs/Props/SM_Prop_TrashCan_01.prefab using Guid(f738f6acdbb1d5844bd657732cb05e13) Importer(815301076,1909f56bfc062723c751e8b465ee728b)  -> (artifact id: '6aab6ab2a94e0f60ef759a06ebf2fceb') in 0.025542 seconds 
========================================================================
Received Import Request.
  Time since last request: 0.000020 seconds.
  path: Assets/PolygonCity/Prefabs/Props/SM_Prop_Vents_Wide_01.prefab
  artifactKey: Guid(08821b2a98c69864da45f4b353ee5bba) Importer(815301076,1909f56bfc062723c751e8b465ee728b)
Start importing Assets/PolygonCity/Prefabs/Props/SM_Prop_Vents_Wide_01.prefab using Guid(08821b2a98c69864da45f4b353ee5bba) Importer(815301076,1909f56bfc062723c751e8b465ee728b)  -> (artifact id: 'fdf0920f8701474e427021794513121d') in 0.025029 seconds 
========================================================================
Received Import Request.
  Time since last request: 8.712435 seconds.
  path: Assets/PolygonCity/Prefabs/Vehicles/SM_Veh_Car_Ambo_01.prefab
  artifactKey: Guid(416c46ca128db5f4bb76f235b4f991d5) Importer(815301076,1909f56bfc062723c751e8b465ee728b)
Start importing Assets/PolygonCity/Prefabs/Vehicles/SM_Veh_Car_Ambo_01.prefab using Guid(416c46ca128db5f4bb76f235b4f991d5) Importer(815301076,1909f56bfc062723c751e8b465ee728b)  -> (artifact id: '33fc6d0d6354c535fa9cfcee8903efc1') in 0.031973 seconds 
========================================================================
Received Import Request.
  Time since last request: 0.000052 seconds.
  path: Assets/PolygonCity/Prefabs/Vehicles/SM_Veh_Car_Van_01.prefab
  artifactKey: Guid(94469aeaca2d49442af381840b70bb6c) Importer(815301076,1909f56bfc062723c751e8b465ee728b)
Start importing Assets/PolygonCity/Prefabs/Vehicles/SM_Veh_Car_Van_01.prefab using Guid(94469aeaca2d49442af381840b70bb6c) Importer(815301076,1909f56bfc062723c751e8b465ee728b)  -> (artifact id: 'c718b2ee869e5667d805a8c2733607db') in 0.025649 seconds 
