Using pre-set license
Built from '2021.2/staging' branch; Version is '2021.2.7f1 (6bd9e232123f) revision 7068130'; Using compiler version '192829333'; Build Type 'Release'
OS: 'Windows 10  (10.0.19043) 64bit Core' Language: 'en' Physical Memory: 32605 MB
BatchMode: 1, IsHumanControllingUs: 0, StartBugReporterOnCrash: 0, Is64bit: 1, IsPro: 0

COMMAND LINE ARGUMENTS:
F:\2021.2.7f1\Editor\Unity.exe
-adb2
-batchMode
-noUpm
-name
AssetImportWorker3
-projectPath
F:/EGS/GameJam2022/EGS-Game-Jam-2022
-logFile
Logs/AssetImportWorker3.log
-srvPort
54410
Successfully changed project path to: F:/EGS/GameJam2022/EGS-Game-Jam-2022
F:/EGS/GameJam2022/EGS-Game-Jam-2022
[UnityMemory] Configuration Parameters - Can be set up in boot.config
    "memorysetup-bucket-allocator-granularity=16"
    "memorysetup-bucket-allocator-bucket-count=8"
    "memorysetup-bucket-allocator-block-size=33554432"
    "memorysetup-bucket-allocator-block-count=8"
    "memorysetup-main-allocator-block-size=16777216"
    "memorysetup-thread-allocator-block-size=16777216"
    "memorysetup-gfx-main-allocator-block-size=16777216"
    "memorysetup-gfx-thread-allocator-block-size=16777216"
    "memorysetup-cache-allocator-block-size=4194304"
    "memorysetup-typetree-allocator-block-size=2097152"
    "memorysetup-profiler-bucket-allocator-granularity=16"
    "memorysetup-profiler-bucket-allocator-bucket-count=8"
    "memorysetup-profiler-bucket-allocator-block-size=33554432"
    "memorysetup-profiler-bucket-allocator-block-count=8"
    "memorysetup-profiler-allocator-block-size=16777216"
    "memorysetup-profiler-editor-allocator-block-size=1048576"
    "memorysetup-temp-allocator-size-main=16777216"
    "memorysetup-job-temp-allocator-block-size=2097152"
    "memorysetup-job-temp-allocator-block-size-background=1048576"
    "memorysetup-job-temp-allocator-reduction-small-platforms=262144"
    "memorysetup-temp-allocator-size-background-worker=32768"
    "memorysetup-temp-allocator-size-job-worker=262144"
    "memorysetup-temp-allocator-size-preload-manager=33554432"
    "memorysetup-temp-allocator-size-nav-mesh-worker=65536"
    "memorysetup-temp-allocator-size-audio-worker=65536"
    "memorysetup-temp-allocator-size-cloud-worker=32768"
    "memorysetup-temp-allocator-size-gi-baking-worker=262144"
    "memorysetup-temp-allocator-size-gfx=262144"
Refreshing native plugins compatible for Editor in 166.29 ms, found 3 plugins.
Preloading 0 native plugins for Editor in 0.00 ms.
Initialize engine version: 2021.2.7f1 (6bd9e232123f)
[Subsystems] Discovering subsystems at path F:/2021.2.7f1/Editor/Data/Resources/UnitySubsystems
[Subsystems] Discovering subsystems at path F:/EGS/GameJam2022/EGS-Game-Jam-2022/Assets
GfxDevice: creating device client; threaded=0; jobified=0
Direct3D:
    Version:  Direct3D 11.0 [level 11.1]
    Renderer: NVIDIA GeForce RTX 2070 (ID=0x1f10)
    Vendor:   NVIDIA
    VRAM:     8031 MB
    Driver:   30.0.15.1109
Initialize mono
Mono path[0] = 'F:/2021.2.7f1/Editor/Data/Managed'
Mono path[1] = 'F:/2021.2.7f1/Editor/Data/MonoBleedingEdge/lib/mono/unityjit-win32'
Mono config path = 'F:/2021.2.7f1/Editor/Data/MonoBleedingEdge/etc'
Using monoOptions --debugger-agent=transport=dt_socket,embedding=1,server=y,suspend=n,address=127.0.0.1:56268
Begin MonoManager ReloadAssembly
Registering precompiled unity dll's ...
Register platform support module: F:/2021.2.7f1/Editor/Data/PlaybackEngines/WindowsStandaloneSupport/UnityEditor.WindowsStandalone.Extensions.dll
Registered in 0.007072 seconds.
Native extension for WindowsStandalone target not found
Refreshing native plugins compatible for Editor in 127.18 ms, found 3 plugins.
Preloading 0 native plugins for Editor in 0.00 ms.
Mono: successfully reloaded assembly
- Completed reload, in  0.739 seconds
Domain Reload Profiling:
	ReloadAssembly (740ms)
		BeginReloadAssembly (100ms)
			ExecutionOrderSort (0ms)
			DisableScriptedObjects (0ms)
			BackupInstance (0ms)
			ReleaseScriptingObjects (0ms)
			CreateAndSetChildDomain (1ms)
		EndReloadAssembly (556ms)
			LoadAssemblies (97ms)
			RebuildTransferFunctionScriptingTraits (0ms)
			SetupTypeCache (113ms)
			ReleaseScriptCaches (0ms)
			RebuildScriptCaches (32ms)
			SetupLoadedEditorAssemblies (349ms)
				LogAssemblyErrors (0ms)
				InitializePlatformSupportModulesInManaged (19ms)
				SetLoadedEditorAssemblies (0ms)
				RefreshPlugins (127ms)
				BeforeProcessingInitializeOnLoad (1ms)
				ProcessInitializeOnLoadAttributes (148ms)
				ProcessInitializeOnLoadMethodAttributes (53ms)
				AfterProcessingInitializeOnLoad (0ms)
				EditorAssembliesLoaded (0ms)
			ExecutionOrderSort2 (0ms)
			AwakeInstancesAfterBackupRestoration (0ms)
Platform modules already initialized, skipping
Registering precompiled user dll's ...
Registered in 0.006425 seconds.
Begin MonoManager ReloadAssembly
Symbol file LoadedFromMemory doesn't match image F:\EGS\GameJam2022\EGS-Game-Jam-2022\Library\PackageCache\com.unity.visualscripting@1.7.6\Editor\VisualScripting.Core\Dependencies\YamlDotNet\Unity.VisualScripting.YamlDotNet.dll
Symbol file LoadedFromMemory doesn't match image F:\EGS\GameJam2022\EGS-Game-Jam-2022\Library\PackageCache\com.unity.visualscripting@1.7.6\Editor\VisualScripting.Core\Dependencies\DotNetZip\Unity.VisualScripting.IonicZip.dll
Native extension for WindowsStandalone target not found
Refreshing native plugins compatible for Editor in 122.66 ms, found 3 plugins.
Preloading 0 native plugins for Editor in 0.00 ms.
Mono: successfully reloaded assembly
- Completed reload, in  2.282 seconds
Domain Reload Profiling:
	ReloadAssembly (2284ms)
		BeginReloadAssembly (195ms)
			ExecutionOrderSort (0ms)
			DisableScriptedObjects (7ms)
			BackupInstance (0ms)
			ReleaseScriptingObjects (0ms)
			CreateAndSetChildDomain (35ms)
		EndReloadAssembly (1979ms)
			LoadAssemblies (135ms)
			RebuildTransferFunctionScriptingTraits (0ms)
			SetupTypeCache (452ms)
			ReleaseScriptCaches (1ms)
			RebuildScriptCaches (68ms)
			SetupLoadedEditorAssemblies (1301ms)
				LogAssemblyErrors (0ms)
				InitializePlatformSupportModulesInManaged (11ms)
				SetLoadedEditorAssemblies (1ms)
				RefreshPlugins (123ms)
				BeforeProcessingInitializeOnLoad (130ms)
				ProcessInitializeOnLoadAttributes (886ms)
				ProcessInitializeOnLoadMethodAttributes (140ms)
				AfterProcessingInitializeOnLoad (9ms)
				EditorAssembliesLoaded (1ms)
			ExecutionOrderSort2 (0ms)
			AwakeInstancesAfterBackupRestoration (10ms)
Platform modules already initialized, skipping
========================================================================
Worker process is ready to serve import requests
Launched and connected shader compiler UnityShaderCompiler.exe after 0.06 seconds
Refreshing native plugins compatible for Editor in 1.81 ms, found 3 plugins.
Preloading 0 native plugins for Editor in 0.00 ms.
Unloading 5098 Unused Serialized files (Serialized files now loaded: 0)
Unloading 38 unused Assets / (0.7 MB). Loaded Objects now: 5553.
Memory consumption went from 202.9 MB to 202.2 MB.
Total: 8.559200 ms (FindLiveObjects: 0.739800 ms CreateObjectMapping: 1.763500 ms MarkObjects: 4.984000 ms  DeleteObjects: 1.067600 ms)

AssetImportParameters requested are different than current active one (requested -> active):
  custom:video-decoder-ogg-theora: a1e56fd34408186e4bbccfd4996cb3dc -> 
  custom:container-muxer-webm: aa71ff27fc2769a1b78a27578f13a17b -> 
  custom:container-demuxer-webm: 4f35f7cbe854078d1ac9338744f61a02 -> 
  custom:video-encoder-webm-vp8: eb34c28f22e8b96e1ab97ce403110664 -> 
  custom:audio-encoder-webm-vorbis: bf7c407c2cedff20999df2af8eb42d56 -> 
  custom:framework-win-MediaFoundation: 216162199b28c13a410421893ffa2e32 -> 
  custom:container-demuxer-ogg: 62fdf1f143b41e24485cea50d1cbac27 -> 
  custom:video-decoder-webm-vp8: 9c59270c3fd7afecdb556c50c9e8de78 -> 
  custom:audio-decoder-ogg-vorbis: bf7c407c2cedff20999df2af8eb42d56 -> 
========================================================================
Received Import Request.
  Time since last request: 127306.471610 seconds.
  path: Assets/PolygonCity/Prefabs/Props/SM_Prop_Power_Cables_03.prefab
  artifactKey: Guid(239828adc5be7214c8fa4d6fe7dd6aff) Importer(815301076,1909f56bfc062723c751e8b465ee728b)
Start importing Assets/PolygonCity/Prefabs/Props/SM_Prop_Power_Cables_03.prefab using Guid(239828adc5be7214c8fa4d6fe7dd6aff) Importer(815301076,1909f56bfc062723c751e8b465ee728b)  -> (artifact id: '0af3f1735adcaa14f7c8c695904d0408') in 0.391112 seconds 
========================================================================
Received Import Request.
  Time since last request: 0.735508 seconds.
  path: Assets/PolygonCity/Prefabs/Props/SM_Prop_ShopInterior_Desk_02.prefab
  artifactKey: Guid(30c80b9834fd8f248b24cf47fa3329b4) Importer(815301076,1909f56bfc062723c751e8b465ee728b)
Start importing Assets/PolygonCity/Prefabs/Props/SM_Prop_ShopInterior_Desk_02.prefab using Guid(30c80b9834fd8f248b24cf47fa3329b4) Importer(815301076,1909f56bfc062723c751e8b465ee728b)  -> (artifact id: 'c0db982bec0c7f8fc6ba70426d237ba0') in 0.055651 seconds 
========================================================================
Received Import Request.
  Time since last request: 0.000025 seconds.
  path: Assets/PolygonCity/Prefabs/Props/SM_Prop_ShopInterior_Shelf_01.prefab
  artifactKey: Guid(fe51d80727aedd545871247d7f1fd25c) Importer(815301076,1909f56bfc062723c751e8b465ee728b)
Start importing Assets/PolygonCity/Prefabs/Props/SM_Prop_ShopInterior_Shelf_01.prefab using Guid(fe51d80727aedd545871247d7f1fd25c) Importer(815301076,1909f56bfc062723c751e8b465ee728b)  -> (artifact id: 'ca7d1b874d71c568da8e31d5f3c47052') in 0.048446 seconds 
========================================================================
Received Import Request.
  Time since last request: 0.000025 seconds.
  path: Assets/PolygonCity/Prefabs/Props/SM_Prop_ShopInterior_Table_01.prefab
  artifactKey: Guid(2f4d900fcaef08b41a8e29001211a0cc) Importer(815301076,1909f56bfc062723c751e8b465ee728b)
Start importing Assets/PolygonCity/Prefabs/Props/SM_Prop_ShopInterior_Table_01.prefab using Guid(2f4d900fcaef08b41a8e29001211a0cc) Importer(815301076,1909f56bfc062723c751e8b465ee728b)  -> (artifact id: '4e79643a3257777e78ef04ae93f27bcb') in 0.054191 seconds 
========================================================================
Received Import Request.
  Time since last request: 0.000044 seconds.
  path: Assets/PolygonCity/Prefabs/Props/SM_Prop_SidewalkPoles_01.prefab
  artifactKey: Guid(a5b72bb8afb9a3241ae5eb12007ad0ac) Importer(815301076,1909f56bfc062723c751e8b465ee728b)
Start importing Assets/PolygonCity/Prefabs/Props/SM_Prop_SidewalkPoles_01.prefab using Guid(a5b72bb8afb9a3241ae5eb12007ad0ac) Importer(815301076,1909f56bfc062723c751e8b465ee728b)  -> (artifact id: '36be31aa4a0b8e766771c28e72f2fee2') in 0.047286 seconds 
========================================================================
Received Import Request.
  Time since last request: 0.000028 seconds.
  path: Assets/PolygonCity/Prefabs/Props/SM_Prop_Sidewalk_Panel_02.prefab
  artifactKey: Guid(f5d836287b731654889d5c887015e410) Importer(815301076,1909f56bfc062723c751e8b465ee728b)
Start importing Assets/PolygonCity/Prefabs/Props/SM_Prop_Sidewalk_Panel_02.prefab using Guid(f5d836287b731654889d5c887015e410) Importer(815301076,1909f56bfc062723c751e8b465ee728b)  -> (artifact id: '55cea5739517636766b181e54b7bf755') in 0.045942 seconds 
========================================================================
Received Import Request.
  Time since last request: 0.000072 seconds.
  path: Assets/PolygonCity/Prefabs/Props/SM_Prop_Sign_Attachment_01.prefab
  artifactKey: Guid(5e3dc10a50a37434c9c2c84315d7df53) Importer(815301076,1909f56bfc062723c751e8b465ee728b)
Start importing Assets/PolygonCity/Prefabs/Props/SM_Prop_Sign_Attachment_01.prefab using Guid(5e3dc10a50a37434c9c2c84315d7df53) Importer(815301076,1909f56bfc062723c751e8b465ee728b)  -> (artifact id: '81245a8d3111e345a33b038695c3ebe4') in 0.040299 seconds 
========================================================================
Received Import Request.
  Time since last request: 0.000031 seconds.
  path: Assets/PolygonCity/Prefabs/Props/SM_Prop_Sidewalk_Panel_01.prefab
  artifactKey: Guid(250e247fdf48b2848817c62bc224a029) Importer(815301076,1909f56bfc062723c751e8b465ee728b)
Start importing Assets/PolygonCity/Prefabs/Props/SM_Prop_Sidewalk_Panel_01.prefab using Guid(250e247fdf48b2848817c62bc224a029) Importer(815301076,1909f56bfc062723c751e8b465ee728b)  -> (artifact id: '8abb5d03199b2a75aac1f967c116b201') in 0.054749 seconds 
========================================================================
Received Import Request.
  Time since last request: 0.000031 seconds.
  path: Assets/PolygonCity/Prefabs/Props/SM_Prop_ShopInterior_Shelf_03.prefab
  artifactKey: Guid(ccc70d3ae8c17394f981d9af684e9312) Importer(815301076,1909f56bfc062723c751e8b465ee728b)
Start importing Assets/PolygonCity/Prefabs/Props/SM_Prop_ShopInterior_Shelf_03.prefab using Guid(ccc70d3ae8c17394f981d9af684e9312) Importer(815301076,1909f56bfc062723c751e8b465ee728b)  -> (artifact id: '7e411914dcd7927f904122f9d39906d4') in 0.047217 seconds 
========================================================================
Received Import Request.
  Time since last request: 6.035924 seconds.
  path: Assets/PolygonCity/Prefabs/Props/SM_Prop_Sign_Cafe_01.prefab
  artifactKey: Guid(3d8194b6a5a16e64a93a906184b2761f) Importer(815301076,1909f56bfc062723c751e8b465ee728b)
Start importing Assets/PolygonCity/Prefabs/Props/SM_Prop_Sign_Cafe_01.prefab using Guid(3d8194b6a5a16e64a93a906184b2761f) Importer(815301076,1909f56bfc062723c751e8b465ee728b)  -> (artifact id: 'e9a4431d9afbd0f054b90e378c7482fa') in 0.063220 seconds 
========================================================================
Received Import Request.
  Time since last request: 0.000064 seconds.
  path: Assets/PolygonCity/Prefabs/Props/SM_Prop_Sign_Parking_01.prefab
  artifactKey: Guid(11a167f53a2c97047a282aec51d34096) Importer(815301076,1909f56bfc062723c751e8b465ee728b)
Start importing Assets/PolygonCity/Prefabs/Props/SM_Prop_Sign_Parking_01.prefab using Guid(11a167f53a2c97047a282aec51d34096) Importer(815301076,1909f56bfc062723c751e8b465ee728b)  -> (artifact id: '952f6b68d871a789cd402743ed03332b') in 0.049048 seconds 
========================================================================
Received Import Request.
  Time since last request: 0.000022 seconds.
  path: Assets/PolygonCity/Prefabs/Props/SM_Prop_Sign_Hotel_01.prefab
  artifactKey: Guid(15dc232cd3fb7284497126cd68dc7ba7) Importer(815301076,1909f56bfc062723c751e8b465ee728b)
Start importing Assets/PolygonCity/Prefabs/Props/SM_Prop_Sign_Hotel_01.prefab using Guid(15dc232cd3fb7284497126cd68dc7ba7) Importer(815301076,1909f56bfc062723c751e8b465ee728b)  -> (artifact id: 'c26d0c38e5f2268e090e499957693229') in 0.055567 seconds 
========================================================================
Received Import Request.
  Time since last request: 0.000029 seconds.
  path: Assets/PolygonCity/Prefabs/Props/SM_Prop_Skylight_01.prefab
  artifactKey: Guid(340c857ab70b5be4abab55cba8788069) Importer(815301076,1909f56bfc062723c751e8b465ee728b)
Start importing Assets/PolygonCity/Prefabs/Props/SM_Prop_Skylight_01.prefab using Guid(340c857ab70b5be4abab55cba8788069) Importer(815301076,1909f56bfc062723c751e8b465ee728b)  -> (artifact id: 'c1bd3d47fc64b1e00cb240c513a8ccdf') in 0.059414 seconds 
========================================================================
Received Import Request.
  Time since last request: 0.000051 seconds.
  path: Assets/PolygonCity/Prefabs/Props/SM_Prop_Table_02.prefab
  artifactKey: Guid(24785933d7ceaad4a800f09511c371db) Importer(815301076,1909f56bfc062723c751e8b465ee728b)
Start importing Assets/PolygonCity/Prefabs/Props/SM_Prop_Table_02.prefab using Guid(24785933d7ceaad4a800f09511c371db) Importer(815301076,1909f56bfc062723c751e8b465ee728b)  -> (artifact id: 'b20448cf998da2f321dadc62e78f163f') in 0.050390 seconds 
========================================================================
Received Import Request.
  Time since last request: 0.000028 seconds.
  path: Assets/PolygonCity/Prefabs/Props/SM_Prop_Skip_02.prefab
  artifactKey: Guid(180ae0328a9b63d4ca285487efd1305a) Importer(815301076,1909f56bfc062723c751e8b465ee728b)
Start importing Assets/PolygonCity/Prefabs/Props/SM_Prop_Skip_02.prefab using Guid(180ae0328a9b63d4ca285487efd1305a) Importer(815301076,1909f56bfc062723c751e8b465ee728b)  -> (artifact id: '9b3d486093ba8d26e8171a3c1e8f3a86') in 0.054674 seconds 
========================================================================
Received Import Request.
  Time since last request: 0.000033 seconds.
  path: Assets/PolygonCity/Prefabs/Props/SM_Prop_Skip_01.prefab
  artifactKey: Guid(7a686972998735e4e8e9cedda7f0bc43) Importer(815301076,1909f56bfc062723c751e8b465ee728b)
Start importing Assets/PolygonCity/Prefabs/Props/SM_Prop_Skip_01.prefab using Guid(7a686972998735e4e8e9cedda7f0bc43) Importer(815301076,1909f56bfc062723c751e8b465ee728b)  -> (artifact id: '803efe4ace6a3eb849e9d569673e7338') in 0.053225 seconds 
========================================================================
Received Import Request.
  Time since last request: 0.000024 seconds.
  path: Assets/PolygonCity/Prefabs/Props/SM_Prop_Sign_GiveWay_03.prefab
  artifactKey: Guid(37dd8e51361cbec4b9634c7b784861f5) Importer(815301076,1909f56bfc062723c751e8b465ee728b)
Start importing Assets/PolygonCity/Prefabs/Props/SM_Prop_Sign_GiveWay_03.prefab using Guid(37dd8e51361cbec4b9634c7b784861f5) Importer(815301076,1909f56bfc062723c751e8b465ee728b)  -> (artifact id: '5053c761c4111f6ab2bf0d1d3cb08255') in 0.053213 seconds 
========================================================================
Received Import Request.
  Time since last request: 0.000028 seconds.
  path: Assets/PolygonCity/Prefabs/Props/SM_Prop_Sign_Police_01.prefab
  artifactKey: Guid(fcaf22b5c144e454493120cd8c59fc81) Importer(815301076,1909f56bfc062723c751e8b465ee728b)
Start importing Assets/PolygonCity/Prefabs/Props/SM_Prop_Sign_Police_01.prefab using Guid(fcaf22b5c144e454493120cd8c59fc81) Importer(815301076,1909f56bfc062723c751e8b465ee728b)  -> (artifact id: '4a67ae9a0e3c7ba1c7f5ffe78382106f') in 0.055312 seconds 
========================================================================
Received Import Request.
  Time since last request: 0.000024 seconds.
  path: Assets/PolygonCity/Prefabs/Props/SM_Prop_Sign_XXX_01.prefab
  artifactKey: Guid(f036ebe8e42460343a5baa9e00b735d5) Importer(815301076,1909f56bfc062723c751e8b465ee728b)
Start importing Assets/PolygonCity/Prefabs/Props/SM_Prop_Sign_XXX_01.prefab using Guid(f036ebe8e42460343a5baa9e00b735d5) Importer(815301076,1909f56bfc062723c751e8b465ee728b)  -> (artifact id: '6e1fec25ed8c7c6426dfca3bb58fd4a4') in 0.049609 seconds 
========================================================================
Received Import Request.
  Time since last request: 0.000031 seconds.
  path: Assets/PolygonCity/Prefabs/Props/SM_Prop_Soda_02.prefab
  artifactKey: Guid(7fcfaf911531d0f44b03917b9dc7c004) Importer(815301076,1909f56bfc062723c751e8b465ee728b)
Start importing Assets/PolygonCity/Prefabs/Props/SM_Prop_Soda_02.prefab using Guid(7fcfaf911531d0f44b03917b9dc7c004) Importer(815301076,1909f56bfc062723c751e8b465ee728b)  -> (artifact id: 'ea10c1499d73356965459de2015722c0') in 0.047569 seconds 
========================================================================
Received Import Request.
  Time since last request: 0.140491 seconds.
  path: Assets/PolygonCity/Prefabs/Props/SM_Prop_Trashbin_01.prefab
  artifactKey: Guid(008c6febfb8d88a4496fe51f2a2d409a) Importer(815301076,1909f56bfc062723c751e8b465ee728b)
Start importing Assets/PolygonCity/Prefabs/Props/SM_Prop_Trashbin_01.prefab using Guid(008c6febfb8d88a4496fe51f2a2d409a) Importer(815301076,1909f56bfc062723c751e8b465ee728b)  -> (artifact id: '5f7286b6f69806544b0e21ee6b22e1b4') in 0.065724 seconds 
========================================================================
Received Import Request.
  Time since last request: 0.000027 seconds.
  path: Assets/PolygonCity/Prefabs/Props/SM_Prop_Washingline_03.prefab
  artifactKey: Guid(817e942c1f8ae59408e2debc4104926b) Importer(815301076,1909f56bfc062723c751e8b465ee728b)
Start importing Assets/PolygonCity/Prefabs/Props/SM_Prop_Washingline_03.prefab using Guid(817e942c1f8ae59408e2debc4104926b) Importer(815301076,1909f56bfc062723c751e8b465ee728b)  -> (artifact id: 'ee6a5724277d124d5654d16782a8b9e6') in 0.059562 seconds 
========================================================================
Received Import Request.
  Time since last request: 0.000048 seconds.
  path: Assets/PolygonCity/Prefabs/Props/SM_Prop_Window_01.prefab
  artifactKey: Guid(dbda624de6be8fc4391bb7008161cce8) Importer(815301076,1909f56bfc062723c751e8b465ee728b)
Start importing Assets/PolygonCity/Prefabs/Props/SM_Prop_Window_01.prefab using Guid(dbda624de6be8fc4391bb7008161cce8) Importer(815301076,1909f56bfc062723c751e8b465ee728b)  -> (artifact id: '49bf41f95eca3d2bec5f0d6749ab39ab') in 0.045850 seconds 
========================================================================
Received Import Request.
  Time since last request: 0.000051 seconds.
  path: Assets/PolygonCity/Prefabs/Props/SM_Prop_Vents_End_01.prefab
  artifactKey: Guid(827ae48cedbbd6543817a37cb59dab8d) Importer(815301076,1909f56bfc062723c751e8b465ee728b)
Start importing Assets/PolygonCity/Prefabs/Props/SM_Prop_Vents_End_01.prefab using Guid(827ae48cedbbd6543817a37cb59dab8d) Importer(815301076,1909f56bfc062723c751e8b465ee728b)  -> (artifact id: 'e553db6830bd70be3bd9896da6870dc8') in 0.048138 seconds 
========================================================================
Received Import Request.
  Time since last request: 0.000032 seconds.
  path: Assets/PolygonCity/Prefabs/Props/SM_Prop_Umbrella_01.prefab
  artifactKey: Guid(c70ae4ae0fa26e843855bb2f4d3e43fb) Importer(815301076,1909f56bfc062723c751e8b465ee728b)
Start importing Assets/PolygonCity/Prefabs/Props/SM_Prop_Umbrella_01.prefab using Guid(c70ae4ae0fa26e843855bb2f4d3e43fb) Importer(815301076,1909f56bfc062723c751e8b465ee728b)  -> (artifact id: '39bb31a11711d9c47e534d1f1c1df157') in 0.086930 seconds 
========================================================================
Received Import Request.
  Time since last request: 0.000045 seconds.
  path: Assets/PolygonCity/Prefabs/Props/SM_Prop_Vents_Corner_02.prefab
  artifactKey: Guid(24ee7962b4d4a224d9bf7169a2769f89) Importer(815301076,1909f56bfc062723c751e8b465ee728b)
Start importing Assets/PolygonCity/Prefabs/Props/SM_Prop_Vents_Corner_02.prefab using Guid(24ee7962b4d4a224d9bf7169a2769f89) Importer(815301076,1909f56bfc062723c751e8b465ee728b)  -> (artifact id: 'a77b5aef1c32a91f690b8f1b0f8c56b3') in 0.055675 seconds 
========================================================================
Received Import Request.
  Time since last request: 446.909539 seconds.
  path: Assets/PolygonCity/Prefabs/Props/SM_Prop_LargeSign_Guitar_01.prefab
  artifactKey: Guid(e853eadc5f7696b45a865c55959f923b) Importer(815301076,1909f56bfc062723c751e8b465ee728b)
Start importing Assets/PolygonCity/Prefabs/Props/SM_Prop_LargeSign_Guitar_01.prefab using Guid(e853eadc5f7696b45a865c55959f923b) Importer(815301076,1909f56bfc062723c751e8b465ee728b)  -> (artifact id: '5492988e7ae45fbb61532428215bdbf1') in 0.060382 seconds 
========================================================================
Received Import Request.
  Time since last request: 0.000029 seconds.
  path: Assets/PolygonCity/Prefabs/Props/SM_Prop_LargeSign_Taco_01.prefab
  artifactKey: Guid(fe6f11fc019ec62418161c178bc03c9b) Importer(815301076,1909f56bfc062723c751e8b465ee728b)
Start importing Assets/PolygonCity/Prefabs/Props/SM_Prop_LargeSign_Taco_01.prefab using Guid(fe6f11fc019ec62418161c178bc03c9b) Importer(815301076,1909f56bfc062723c751e8b465ee728b)  -> (artifact id: '4eab90841110a2064a3b0c80001c6185') in 0.042534 seconds 
========================================================================
Received Import Request.
  Time since last request: 0.000043 seconds.
  path: Assets/PolygonCity/Prefabs/Props/SM_Prop_Pallet_01.prefab
  artifactKey: Guid(21dcc5f62e503f0438b4e490cdd00d44) Importer(815301076,1909f56bfc062723c751e8b465ee728b)
Start importing Assets/PolygonCity/Prefabs/Props/SM_Prop_Pallet_01.prefab using Guid(21dcc5f62e503f0438b4e490cdd00d44) Importer(815301076,1909f56bfc062723c751e8b465ee728b)  -> (artifact id: '7a7676dfe0a83a6fa3f42ab8d1e511c2') in 0.049653 seconds 
========================================================================
Received Import Request.
  Time since last request: 0.000034 seconds.
  path: Assets/PolygonCity/Prefabs/Props/SM_Prop_ParkingMeter_01.prefab
  artifactKey: Guid(03ade969ba0f5d842a49161d00145831) Importer(815301076,1909f56bfc062723c751e8b465ee728b)
Start importing Assets/PolygonCity/Prefabs/Props/SM_Prop_ParkingMeter_01.prefab using Guid(03ade969ba0f5d842a49161d00145831) Importer(815301076,1909f56bfc062723c751e8b465ee728b)  -> (artifact id: '3fdf12e896cd7f9519b1fadac4b45973') in 0.041352 seconds 
========================================================================
Received Import Request.
  Time since last request: 0.000043 seconds.
  path: Assets/PolygonCity/Prefabs/Props/SM_Prop_ParkingMeter_02.prefab
  artifactKey: Guid(94a7e311b5cf22f4898fa342bfef126e) Importer(815301076,1909f56bfc062723c751e8b465ee728b)
Start importing Assets/PolygonCity/Prefabs/Props/SM_Prop_ParkingMeter_02.prefab using Guid(94a7e311b5cf22f4898fa342bfef126e) Importer(815301076,1909f56bfc062723c751e8b465ee728b)  -> (artifact id: 'fc9cecaad73eafaff78868b4f572fd81') in 0.046835 seconds 
========================================================================
Received Import Request.
  Time since last request: 0.000047 seconds.
  path: Assets/PolygonCity/Prefabs/Props/SM_Prop_Paper_05.prefab
  artifactKey: Guid(bbe271edc5b4fd04589440e05e4a0ff8) Importer(815301076,1909f56bfc062723c751e8b465ee728b)
Start importing Assets/PolygonCity/Prefabs/Props/SM_Prop_Paper_05.prefab using Guid(bbe271edc5b4fd04589440e05e4a0ff8) Importer(815301076,1909f56bfc062723c751e8b465ee728b)  -> (artifact id: 'f00b105d9ecb55e8cb86f78469119572') in 0.045062 seconds 
========================================================================
Received Import Request.
  Time since last request: 0.000031 seconds.
  path: Assets/PolygonCity/Prefabs/Props/SM_Prop_Paper_02.prefab
  artifactKey: Guid(fc189f6b0af3f6843b28de731f5b15e1) Importer(815301076,1909f56bfc062723c751e8b465ee728b)
Start importing Assets/PolygonCity/Prefabs/Props/SM_Prop_Paper_02.prefab using Guid(fc189f6b0af3f6843b28de731f5b15e1) Importer(815301076,1909f56bfc062723c751e8b465ee728b)  -> (artifact id: 'b6dd4ba2c95ad550f257eec784a3f483') in 0.037530 seconds 
========================================================================
Received Import Request.
  Time since last request: 0.000037 seconds.
  path: Assets/PolygonCity/Prefabs/Props/SM_Prop_Newspaper_02.prefab
  artifactKey: Guid(fbd2941af06c48e4cbb32be48b18d045) Importer(815301076,1909f56bfc062723c751e8b465ee728b)
Start importing Assets/PolygonCity/Prefabs/Props/SM_Prop_Newspaper_02.prefab using Guid(fbd2941af06c48e4cbb32be48b18d045) Importer(815301076,1909f56bfc062723c751e8b465ee728b)  -> (artifact id: 'bf9b785492336cfc557e45f0ca4e5a7d') in 0.041011 seconds 
========================================================================
Received Import Request.
  Time since last request: 0.000054 seconds.
  path: Assets/PolygonCity/Prefabs/Props/SM_Prop_Pipe_Small_01.prefab
  artifactKey: Guid(4af8e3852964a684f83e8632aa1b0201) Importer(815301076,1909f56bfc062723c751e8b465ee728b)
Start importing Assets/PolygonCity/Prefabs/Props/SM_Prop_Pipe_Small_01.prefab using Guid(4af8e3852964a684f83e8632aa1b0201) Importer(815301076,1909f56bfc062723c751e8b465ee728b)  -> (artifact id: '92a824bbd384c8d7ac31b239333ec0e0') in 0.041597 seconds 
========================================================================
Received Import Request.
  Time since last request: 0.000035 seconds.
  path: Assets/PolygonCity/Prefabs/Props/SM_Prop_LargeSign_Icecream_01.prefab
  artifactKey: Guid(1c0370843c27f3241b125cb9187073d6) Importer(815301076,1909f56bfc062723c751e8b465ee728b)
Start importing Assets/PolygonCity/Prefabs/Props/SM_Prop_LargeSign_Icecream_01.prefab using Guid(1c0370843c27f3241b125cb9187073d6) Importer(815301076,1909f56bfc062723c751e8b465ee728b)  -> (artifact id: 'fef86c2f061859e415310b41b2e9a772') in 0.044424 seconds 
========================================================================
Received Import Request.
  Time since last request: 0.000073 seconds.
  path: Assets/PolygonCity/Prefabs/Props/SM_Prop_LargeSign_Popcorn_01.prefab
  artifactKey: Guid(44cce66fc039e314183f60c57567cd3c) Importer(815301076,1909f56bfc062723c751e8b465ee728b)
Start importing Assets/PolygonCity/Prefabs/Props/SM_Prop_LargeSign_Popcorn_01.prefab using Guid(44cce66fc039e314183f60c57567cd3c) Importer(815301076,1909f56bfc062723c751e8b465ee728b)  -> (artifact id: 'eb7a01f2ffe09f8b406e8f32634bada2') in 0.045086 seconds 
========================================================================
Received Import Request.
  Time since last request: 0.000040 seconds.
  path: Assets/PolygonCity/Prefabs/Props/SM_Prop_LightPole_Base_02.prefab
  artifactKey: Guid(684edc7838bf89d4b933a49c85d72080) Importer(815301076,1909f56bfc062723c751e8b465ee728b)
Start importing Assets/PolygonCity/Prefabs/Props/SM_Prop_LightPole_Base_02.prefab using Guid(684edc7838bf89d4b933a49c85d72080) Importer(815301076,1909f56bfc062723c751e8b465ee728b)  -> (artifact id: 'f2acc6b24ea160b40406aa6eb0e7c9fe') in 0.043116 seconds 
========================================================================
Received Import Request.
  Time since last request: 0.000040 seconds.
  path: Assets/PolygonCity/Prefabs/Props/SM_Prop_Mailbox_01.prefab
  artifactKey: Guid(17fd2c85588a1954eb295a34c9775577) Importer(815301076,1909f56bfc062723c751e8b465ee728b)
Start importing Assets/PolygonCity/Prefabs/Props/SM_Prop_Mailbox_01.prefab using Guid(17fd2c85588a1954eb295a34c9775577) Importer(815301076,1909f56bfc062723c751e8b465ee728b)  -> (artifact id: '17b0e066cf74f86e8067088ba4959532') in 0.046223 seconds 
========================================================================
Received Import Request.
  Time since last request: 0.000043 seconds.
  path: Assets/PolygonCity/Prefabs/Props/SM_Prop_PicnicTable_01.prefab
  artifactKey: Guid(41513fd395dbe4942ae6a147484bc996) Importer(815301076,1909f56bfc062723c751e8b465ee728b)
Start importing Assets/PolygonCity/Prefabs/Props/SM_Prop_PicnicTable_01.prefab using Guid(41513fd395dbe4942ae6a147484bc996) Importer(815301076,1909f56bfc062723c751e8b465ee728b)  -> (artifact id: 'b42b773dc471bff3a87d93a930762abc') in 0.049328 seconds 
========================================================================
Received Import Request.
  Time since last request: 0.000030 seconds.
  path: Assets/PolygonCity/Prefabs/Props/SM_Prop_LightPole_Base_01.prefab
  artifactKey: Guid(06a9858b4309bcf4cbe7ef09ae436c1d) Importer(815301076,1909f56bfc062723c751e8b465ee728b)
Start importing Assets/PolygonCity/Prefabs/Props/SM_Prop_LightPole_Base_01.prefab using Guid(06a9858b4309bcf4cbe7ef09ae436c1d) Importer(815301076,1909f56bfc062723c751e8b465ee728b)  -> (artifact id: '45bf22a960c36099eac80119ed360318') in 0.040685 seconds 
========================================================================
Received Import Request.
  Time since last request: 0.000037 seconds.
  path: Assets/PolygonCity/Prefabs/Props/SM_Prop_Pipe_Small_02.prefab
  artifactKey: Guid(6b111b417178e844b8625eaff49aa98d) Importer(815301076,1909f56bfc062723c751e8b465ee728b)
Start importing Assets/PolygonCity/Prefabs/Props/SM_Prop_Pipe_Small_02.prefab using Guid(6b111b417178e844b8625eaff49aa98d) Importer(815301076,1909f56bfc062723c751e8b465ee728b)  -> (artifact id: '913617f6585649caccbeb3996b91b980') in 0.044025 seconds 
========================================================================
Received Import Request.
  Time since last request: 0.000032 seconds.
  path: Assets/PolygonCity/Prefabs/Props/SM_Prop_Paper_03.prefab
  artifactKey: Guid(97d18204e4538e64f9bdf47d8db7c5e5) Importer(815301076,1909f56bfc062723c751e8b465ee728b)
Start importing Assets/PolygonCity/Prefabs/Props/SM_Prop_Paper_03.prefab using Guid(97d18204e4538e64f9bdf47d8db7c5e5) Importer(815301076,1909f56bfc062723c751e8b465ee728b)  -> (artifact id: 'e0fefae75c7a04222ea653475d0ac81b') in 0.044143 seconds 
========================================================================
Received Import Request.
  Time since last request: 0.000064 seconds.
  path: Assets/PolygonCity/Prefabs/Props/SM_Prop_LightPole_Lights_01.prefab
  artifactKey: Guid(13026bf5e083f114ba55f67e99392514) Importer(815301076,1909f56bfc062723c751e8b465ee728b)
Start importing Assets/PolygonCity/Prefabs/Props/SM_Prop_LightPole_Lights_01.prefab using Guid(13026bf5e083f114ba55f67e99392514) Importer(815301076,1909f56bfc062723c751e8b465ee728b)  -> (artifact id: '0469700205fdfe6356b98c811e82db7c') in 0.040031 seconds 
========================================================================
Received Import Request.
  Time since last request: 0.000135 seconds.
  path: Assets/PolygonCity/Prefabs/Props/SM_Prop_Paper_04.prefab
  artifactKey: Guid(1bc6dc700e247464a9f5a53bd3213bea) Importer(815301076,1909f56bfc062723c751e8b465ee728b)
Start importing Assets/PolygonCity/Prefabs/Props/SM_Prop_Paper_04.prefab using Guid(1bc6dc700e247464a9f5a53bd3213bea) Importer(815301076,1909f56bfc062723c751e8b465ee728b)  -> (artifact id: '44bdcea86dac92bfe06bba2defb7d418') in 0.048967 seconds 
========================================================================
Received Import Request.
  Time since last request: 0.000089 seconds.
  path: Assets/PolygonCity/Prefabs/Props/SM_Prop_LightPole_CrossButton_01.prefab
  artifactKey: Guid(916be2ac89687b0458f9c3b7759c3248) Importer(815301076,1909f56bfc062723c751e8b465ee728b)
Start importing Assets/PolygonCity/Prefabs/Props/SM_Prop_LightPole_CrossButton_01.prefab using Guid(916be2ac89687b0458f9c3b7759c3248) Importer(815301076,1909f56bfc062723c751e8b465ee728b)  -> (artifact id: '75014448a9e2fc0cdfd5e4f86dbed02b') in 0.043636 seconds 
========================================================================
Received Import Request.
  Time since last request: 0.000061 seconds.
  path: Assets/PolygonCity/Prefabs/Props/SM_Prop_Paper_01.prefab
  artifactKey: Guid(9e7b9a5d5dab450459315a75ec16fa02) Importer(815301076,1909f56bfc062723c751e8b465ee728b)
Start importing Assets/PolygonCity/Prefabs/Props/SM_Prop_Paper_01.prefab using Guid(9e7b9a5d5dab450459315a75ec16fa02) Importer(815301076,1909f56bfc062723c751e8b465ee728b)  -> (artifact id: '87d1772c79429c45b5b4960d288e03b4') in 0.037431 seconds 
========================================================================
Received Import Request.
  Time since last request: 0.000029 seconds.
  path: Assets/PolygonCity/Prefabs/Props/SM_Prop_Pipe_Part_Straight_01.prefab
  artifactKey: Guid(42e94ce5732df054f8a422b0b283aef8) Importer(815301076,1909f56bfc062723c751e8b465ee728b)
Start importing Assets/PolygonCity/Prefabs/Props/SM_Prop_Pipe_Part_Straight_01.prefab using Guid(42e94ce5732df054f8a422b0b283aef8) Importer(815301076,1909f56bfc062723c751e8b465ee728b)  -> (artifact id: 'f309b151e0b9d1340f3f904a82f64cb0') in 0.038299 seconds 
========================================================================
Received Import Request.
  Time since last request: 0.000043 seconds.
  path: Assets/PolygonCity/Prefabs/Props/SM_Prop_Phones_01.prefab
  artifactKey: Guid(521c305b3d17bc149affb6c1f1016889) Importer(815301076,1909f56bfc062723c751e8b465ee728b)
Start importing Assets/PolygonCity/Prefabs/Props/SM_Prop_Phones_01.prefab using Guid(521c305b3d17bc149affb6c1f1016889) Importer(815301076,1909f56bfc062723c751e8b465ee728b)  -> (artifact id: 'dc11ec9790fbd61c0178d3a4903ce013') in 0.039474 seconds 
========================================================================
Received Import Request.
  Time since last request: 228.756150 seconds.
  path: Assets/PolygonCity/Prefabs/Props/SM_Prop_Planter_02.prefab
  artifactKey: Guid(a425d6179c7b4e045925dd078909c5d9) Importer(815301076,1909f56bfc062723c751e8b465ee728b)
Start importing Assets/PolygonCity/Prefabs/Props/SM_Prop_Planter_02.prefab using Guid(a425d6179c7b4e045925dd078909c5d9) Importer(815301076,1909f56bfc062723c751e8b465ee728b)  -> (artifact id: '8a41da5c65ceb64dff6bfb0c2f09f2eb') in 0.041274 seconds 
========================================================================
Received Import Request.
  Time since last request: 0.000039 seconds.
  path: Assets/PolygonCity/Prefabs/Props/SM_Prop_Poster_03.prefab
  artifactKey: Guid(5effb8bc646e1944d8634dea5e1a9096) Importer(815301076,1909f56bfc062723c751e8b465ee728b)
Start importing Assets/PolygonCity/Prefabs/Props/SM_Prop_Poster_03.prefab using Guid(5effb8bc646e1944d8634dea5e1a9096) Importer(815301076,1909f56bfc062723c751e8b465ee728b)  -> (artifact id: '46c23d62830df957cd5721ec7572600c') in 0.032929 seconds 
========================================================================
Received Import Request.
  Time since last request: 0.000033 seconds.
  path: Assets/PolygonCity/Prefabs/Props/SM_Prop_Power_Cables_01.prefab
  artifactKey: Guid(3995e7bc013d6744a8142ad7b28854e7) Importer(815301076,1909f56bfc062723c751e8b465ee728b)
Start importing Assets/PolygonCity/Prefabs/Props/SM_Prop_Power_Cables_01.prefab using Guid(3995e7bc013d6744a8142ad7b28854e7) Importer(815301076,1909f56bfc062723c751e8b465ee728b)  -> (artifact id: '498af76a28754f0e6f172ca4489f19a7') in 0.035323 seconds 
========================================================================
Received Import Request.
  Time since last request: 0.000025 seconds.
  path: Assets/PolygonCity/Prefabs/Props/SM_Prop_Roof_Aircon_01.prefab
  artifactKey: Guid(a154b407aa4395c40925726c816c3770) Importer(815301076,1909f56bfc062723c751e8b465ee728b)
Start importing Assets/PolygonCity/Prefabs/Props/SM_Prop_Roof_Aircon_01.prefab using Guid(a154b407aa4395c40925726c816c3770) Importer(815301076,1909f56bfc062723c751e8b465ee728b)  -> (artifact id: 'a75eec88574f3919122dcf9f3696e23a') in 0.036068 seconds 
========================================================================
Received Import Request.
  Time since last request: 0.000031 seconds.
  path: Assets/PolygonCity/Prefabs/Props/SM_Prop_Roof_Aircon_03.prefab
  artifactKey: Guid(b307a3e7dc3e3ec409ff68b9cb1080ed) Importer(815301076,1909f56bfc062723c751e8b465ee728b)
Start importing Assets/PolygonCity/Prefabs/Props/SM_Prop_Roof_Aircon_03.prefab using Guid(b307a3e7dc3e3ec409ff68b9cb1080ed) Importer(815301076,1909f56bfc062723c751e8b465ee728b)  -> (artifact id: 'c51916f09d8dd93f10ec332ea6e1ae73') in 0.034405 seconds 
========================================================================
Received Import Request.
  Time since last request: 0.000033 seconds.
  path: Assets/PolygonCity/Prefabs/Props/SM_Prop_PlanterWindow_01.prefab
  artifactKey: Guid(16dd2e2d30bf97a4282b745980e24bd8) Importer(815301076,1909f56bfc062723c751e8b465ee728b)
Start importing Assets/PolygonCity/Prefabs/Props/SM_Prop_PlanterWindow_01.prefab using Guid(16dd2e2d30bf97a4282b745980e24bd8) Importer(815301076,1909f56bfc062723c751e8b465ee728b)  -> (artifact id: 'a6b08a8c4600fafc37b9041b60bbd1c5') in 0.040878 seconds 
========================================================================
Received Import Request.
  Time since last request: 0.000029 seconds.
  path: Assets/PolygonCity/Prefabs/Props/SM_Prop_Police_Baton_01.prefab
  artifactKey: Guid(a7947b634a03473468cde951d4023926) Importer(815301076,1909f56bfc062723c751e8b465ee728b)
Start importing Assets/PolygonCity/Prefabs/Props/SM_Prop_Police_Baton_01.prefab using Guid(a7947b634a03473468cde951d4023926) Importer(815301076,1909f56bfc062723c751e8b465ee728b)  -> (artifact id: 'e6f0620700c032e3faec8dd5f3198d5d') in 0.036764 seconds 
========================================================================
Received Import Request.
  Time since last request: 0.000041 seconds.
  path: Assets/PolygonCity/Prefabs/Props/SM_Prop_Roof_Aircon_02.prefab
  artifactKey: Guid(b59c8a025baab13498254afa5eb8b18d) Importer(815301076,1909f56bfc062723c751e8b465ee728b)
Start importing Assets/PolygonCity/Prefabs/Props/SM_Prop_Roof_Aircon_02.prefab using Guid(b59c8a025baab13498254afa5eb8b18d) Importer(815301076,1909f56bfc062723c751e8b465ee728b)  -> (artifact id: 'f149d7754dc2868d3e146cc87f3bdf60') in 0.037541 seconds 
========================================================================
Received Import Request.
  Time since last request: 0.000032 seconds.
  path: Assets/PolygonCity/Prefabs/Props/SM_Prop_ShopInterior_Cafe_01.prefab
  artifactKey: Guid(dd3f8232b06f14c4f8785c787dc44fde) Importer(815301076,1909f56bfc062723c751e8b465ee728b)
Start importing Assets/PolygonCity/Prefabs/Props/SM_Prop_ShopInterior_Cafe_01.prefab using Guid(dd3f8232b06f14c4f8785c787dc44fde) Importer(815301076,1909f56bfc062723c751e8b465ee728b)  -> (artifact id: 'de1869e5372acf9bee2bbbd74bc6aa54') in 0.040520 seconds 
========================================================================
Received Import Request.
  Time since last request: 0.000036 seconds.
  path: Assets/PolygonCity/Prefabs/Props/SM_Prop_SecurityCamera_Arm_01.prefab
  artifactKey: Guid(928a99e5a0200f24fb2084c90b0b88c4) Importer(815301076,1909f56bfc062723c751e8b465ee728b)
Start importing Assets/PolygonCity/Prefabs/Props/SM_Prop_SecurityCamera_Arm_01.prefab using Guid(928a99e5a0200f24fb2084c90b0b88c4) Importer(815301076,1909f56bfc062723c751e8b465ee728b)  -> (artifact id: '2de3e39bb5244c9075d13978c9c44845') in 0.041401 seconds 
========================================================================
Received Import Request.
  Time since last request: 0.000033 seconds.
  path: Assets/PolygonCity/Prefabs/Props/SM_Prop_PlanterWindow_02.prefab
  artifactKey: Guid(385e440e39a69044bbd3453c1caa8158) Importer(815301076,1909f56bfc062723c751e8b465ee728b)
Start importing Assets/PolygonCity/Prefabs/Props/SM_Prop_PlanterWindow_02.prefab using Guid(385e440e39a69044bbd3453c1caa8158) Importer(815301076,1909f56bfc062723c751e8b465ee728b)  -> (artifact id: '06e8a8fd60f7b681ec7061f39e61d101') in 0.044367 seconds 
========================================================================
Received Import Request.
  Time since last request: 0.000042 seconds.
  path: Assets/PolygonCity/Prefabs/Props/SM_Prop_Poster_02.prefab
  artifactKey: Guid(c99eeb7bcbfd04041a72322e1dbdb2c6) Importer(815301076,1909f56bfc062723c751e8b465ee728b)
Start importing Assets/PolygonCity/Prefabs/Props/SM_Prop_Poster_02.prefab using Guid(c99eeb7bcbfd04041a72322e1dbdb2c6) Importer(815301076,1909f56bfc062723c751e8b465ee728b)  -> (artifact id: '31babb9b0893c97c345214f3c81b9400') in 0.034331 seconds 
========================================================================
Received Import Request.
  Time since last request: 0.000031 seconds.
  path: Assets/PolygonCity/Prefabs/Props/SM_Prop_PowerBox_01.prefab
  artifactKey: Guid(627f78867a195924ab8cd8a55429db26) Importer(815301076,1909f56bfc062723c751e8b465ee728b)
Start importing Assets/PolygonCity/Prefabs/Props/SM_Prop_PowerBox_01.prefab using Guid(627f78867a195924ab8cd8a55429db26) Importer(815301076,1909f56bfc062723c751e8b465ee728b)  -> (artifact id: '98ca67d6403ab101e83ff9e32d8e7e90') in 0.039259 seconds 
========================================================================
Received Import Request.
  Time since last request: 0.000054 seconds.
  path: Assets/PolygonCity/Prefabs/Props/SM_Prop_Power_Cables_02.prefab
  artifactKey: Guid(f69604eecda904142aab21237cc5c4f0) Importer(815301076,1909f56bfc062723c751e8b465ee728b)
Start importing Assets/PolygonCity/Prefabs/Props/SM_Prop_Power_Cables_02.prefab using Guid(f69604eecda904142aab21237cc5c4f0) Importer(815301076,1909f56bfc062723c751e8b465ee728b)  -> (artifact id: '1d8c1150417b70984f3ccf71b7dffa32') in 0.044583 seconds 
========================================================================
Received Import Request.
  Time since last request: 0.000042 seconds.
  path: Assets/PolygonCity/Prefabs/Props/SM_Prop_PotPlant_01.prefab
  artifactKey: Guid(aab301b5d4a9c1b4ab55351b46f6be40) Importer(815301076,1909f56bfc062723c751e8b465ee728b)
Start importing Assets/PolygonCity/Prefabs/Props/SM_Prop_PotPlant_01.prefab using Guid(aab301b5d4a9c1b4ab55351b46f6be40) Importer(815301076,1909f56bfc062723c751e8b465ee728b)  -> (artifact id: 'e9b568ead4d2020301323d0a681a9875') in 0.048823 seconds 
========================================================================
Received Import Request.
  Time since last request: 0.600526 seconds.
  path: Assets/PolygonCity/Prefabs/Props/SM_Prop_ShopInterior_Desk_01.prefab
  artifactKey: Guid(f6ed513feac116e41b20d43b620f8066) Importer(815301076,1909f56bfc062723c751e8b465ee728b)
Start importing Assets/PolygonCity/Prefabs/Props/SM_Prop_ShopInterior_Desk_01.prefab using Guid(f6ed513feac116e41b20d43b620f8066) Importer(815301076,1909f56bfc062723c751e8b465ee728b)  -> (artifact id: '44713373f11df637aa2ccdf78b795d73') in 0.038567 seconds 
========================================================================
Received Import Request.
  Time since last request: 0.000025 seconds.
  path: Assets/PolygonCity/Prefabs/Props/SM_Prop_ShopInterior_Shelf_01.prefab
  artifactKey: Guid(fe51d80727aedd545871247d7f1fd25c) Importer(815301076,1909f56bfc062723c751e8b465ee728b)
Start importing Assets/PolygonCity/Prefabs/Props/SM_Prop_ShopInterior_Shelf_01.prefab using Guid(fe51d80727aedd545871247d7f1fd25c) Importer(815301076,1909f56bfc062723c751e8b465ee728b)  -> (artifact id: '345c476d6e272134858d48dc93c77df3') in 0.040532 seconds 
========================================================================
Received Import Request.
  Time since last request: 0.000047 seconds.
  path: Assets/PolygonCity/Prefabs/Props/SM_Prop_ShopInterior_Shelf_04.prefab
  artifactKey: Guid(a182c2a01d7be784e853dd2ecbed570e) Importer(815301076,1909f56bfc062723c751e8b465ee728b)
Start importing Assets/PolygonCity/Prefabs/Props/SM_Prop_ShopInterior_Shelf_04.prefab using Guid(a182c2a01d7be784e853dd2ecbed570e) Importer(815301076,1909f56bfc062723c751e8b465ee728b)  -> (artifact id: '39df02e50652fe751fcec2f998fc4ece') in 0.041496 seconds 
========================================================================
Received Import Request.
  Time since last request: 0.000028 seconds.
  path: Assets/PolygonCity/Prefabs/Props/SM_Prop_ShopInterior_Display_01.prefab
  artifactKey: Guid(e6368a4e913510c4e8f89c70757b02ef) Importer(815301076,1909f56bfc062723c751e8b465ee728b)
Start importing Assets/PolygonCity/Prefabs/Props/SM_Prop_ShopInterior_Display_01.prefab using Guid(e6368a4e913510c4e8f89c70757b02ef) Importer(815301076,1909f56bfc062723c751e8b465ee728b)  -> (artifact id: 'caf2533c3b997b7f92ebcf0c4bd75f20') in 0.042151 seconds 
========================================================================
Received Import Request.
  Time since last request: 0.000040 seconds.
  path: Assets/PolygonCity/Prefabs/Props/SM_Prop_Sidewalk_Panel_01.prefab
  artifactKey: Guid(250e247fdf48b2848817c62bc224a029) Importer(815301076,1909f56bfc062723c751e8b465ee728b)
Start importing Assets/PolygonCity/Prefabs/Props/SM_Prop_Sidewalk_Panel_01.prefab using Guid(250e247fdf48b2848817c62bc224a029) Importer(815301076,1909f56bfc062723c751e8b465ee728b)  -> (artifact id: '481615c9cb53993334215937f67b5710') in 0.035860 seconds 
========================================================================
Received Import Request.
  Time since last request: 0.000061 seconds.
  path: Assets/PolygonCity/Prefabs/Props/SM_Prop_ShopInterior_Shelf_03.prefab
  artifactKey: Guid(ccc70d3ae8c17394f981d9af684e9312) Importer(815301076,1909f56bfc062723c751e8b465ee728b)
Start importing Assets/PolygonCity/Prefabs/Props/SM_Prop_ShopInterior_Shelf_03.prefab using Guid(ccc70d3ae8c17394f981d9af684e9312) Importer(815301076,1909f56bfc062723c751e8b465ee728b)  -> (artifact id: 'e5e56a420bcee1503129f17d13095ad0') in 0.044614 seconds 
========================================================================
Received Import Request.
  Time since last request: 1.561237 seconds.
  path: Assets/PolygonCity/Prefabs/Props/SM_Prop_Door_01.prefab
  artifactKey: Guid(47455669544a7614fb1944943e4fdcbd) Importer(815301076,1909f56bfc062723c751e8b465ee728b)
Start importing Assets/PolygonCity/Prefabs/Props/SM_Prop_Door_01.prefab using Guid(47455669544a7614fb1944943e4fdcbd) Importer(815301076,1909f56bfc062723c751e8b465ee728b)  -> (artifact id: '16eddf38a2a253ee33cb488af5aa1825') in 0.040922 seconds 
========================================================================
Received Import Request.
  Time since last request: 0.000028 seconds.
  path: Assets/PolygonCity/Prefabs/Props/SM_Prop_LargeSign_Beer_01.prefab
  artifactKey: Guid(c64c1c913095fb64db3fd1ac114e9b80) Importer(815301076,1909f56bfc062723c751e8b465ee728b)
Start importing Assets/PolygonCity/Prefabs/Props/SM_Prop_LargeSign_Beer_01.prefab using Guid(c64c1c913095fb64db3fd1ac114e9b80) Importer(815301076,1909f56bfc062723c751e8b465ee728b)  -> (artifact id: 'a11c046de617c513911a5b4b11dd6aa8') in 0.040025 seconds 
========================================================================
Received Import Request.
  Time since last request: 0.000025 seconds.
  path: Assets/PolygonCity/Prefabs/Props/SM_Prop_Hydrant_01.prefab
  artifactKey: Guid(400c967e5d1329c4c9dd5bc47e49d545) Importer(815301076,1909f56bfc062723c751e8b465ee728b)
Start importing Assets/PolygonCity/Prefabs/Props/SM_Prop_Hydrant_01.prefab using Guid(400c967e5d1329c4c9dd5bc47e49d545) Importer(815301076,1909f56bfc062723c751e8b465ee728b)  -> (artifact id: '55da681f578bb5103a98125b529efe1f') in 0.045048 seconds 
========================================================================
Received Import Request.
  Time since last request: 0.000027 seconds.
  path: Assets/PolygonCity/Prefabs/Props/SM_Prop_BusStop_01.prefab
  artifactKey: Guid(02569c08ab29ca94481dbec225d65225) Importer(815301076,1909f56bfc062723c751e8b465ee728b)
Start importing Assets/PolygonCity/Prefabs/Props/SM_Prop_BusStop_01.prefab using Guid(02569c08ab29ca94481dbec225d65225) Importer(815301076,1909f56bfc062723c751e8b465ee728b)  -> (artifact id: 'f34c8b4192c7ac2800e16b6e840867a0') in 0.044116 seconds 
========================================================================
Received Import Request.
  Time since last request: 0.000050 seconds.
  path: Assets/PolygonCity/Prefabs/Props/SM_Prop_CardboardBox_03.prefab
  artifactKey: Guid(0aec61f3a3bdb4a438a673a2ab728ce8) Importer(815301076,1909f56bfc062723c751e8b465ee728b)
Start importing Assets/PolygonCity/Prefabs/Props/SM_Prop_CardboardBox_03.prefab using Guid(0aec61f3a3bdb4a438a673a2ab728ce8) Importer(815301076,1909f56bfc062723c751e8b465ee728b)  -> (artifact id: 'a5a4acb1dad250b5809c00969237d665') in 0.038997 seconds 
========================================================================
Received Import Request.
  Time since last request: 0.000064 seconds.
  path: Assets/PolygonCity/Prefabs/Props/SM_Prop_Billboard_Sign_06.prefab
  artifactKey: Guid(f7538ab1dc37c8e49b7d76fd462c53eb) Importer(815301076,1909f56bfc062723c751e8b465ee728b)
Start importing Assets/PolygonCity/Prefabs/Props/SM_Prop_Billboard_Sign_06.prefab using Guid(f7538ab1dc37c8e49b7d76fd462c53eb) Importer(815301076,1909f56bfc062723c751e8b465ee728b)  -> (artifact id: 'ecbf81493d84a991d485d3aafd6b1df4') in 0.040273 seconds 
========================================================================
Received Import Request.
  Time since last request: 0.000042 seconds.
  path: Assets/PolygonCity/Prefabs/Props/SM_Prop_Billboard_Sign_07.prefab
  artifactKey: Guid(a2a53a2e1585ac7439ff035b5b626d46) Importer(815301076,1909f56bfc062723c751e8b465ee728b)
Start importing Assets/PolygonCity/Prefabs/Props/SM_Prop_Billboard_Sign_07.prefab using Guid(a2a53a2e1585ac7439ff035b5b626d46) Importer(815301076,1909f56bfc062723c751e8b465ee728b)  -> (artifact id: '8db9a810711427fa43e1baa7348f793a') in 0.036604 seconds 
========================================================================
Received Import Request.
  Time since last request: 0.000048 seconds.
  path: Assets/PolygonCity/Prefabs/Props/SM_Prop_LargeSign_Burger_01.prefab
  artifactKey: Guid(c4dc818a3d0107c43a6ad73bdfca8766) Importer(815301076,1909f56bfc062723c751e8b465ee728b)
Start importing Assets/PolygonCity/Prefabs/Props/SM_Prop_LargeSign_Burger_01.prefab using Guid(c4dc818a3d0107c43a6ad73bdfca8766) Importer(815301076,1909f56bfc062723c751e8b465ee728b)  -> (artifact id: '1d061ba03a872d934ccfcac2aaa4af47') in 0.037409 seconds 
========================================================================
Received Import Request.
  Time since last request: 0.000032 seconds.
  path: Assets/PolygonCity/Prefabs/Props/SM_Prop_Door_02.prefab
  artifactKey: Guid(ad06d608909e4f4419a1cdc20452fccf) Importer(815301076,1909f56bfc062723c751e8b465ee728b)
Start importing Assets/PolygonCity/Prefabs/Props/SM_Prop_Door_02.prefab using Guid(ad06d608909e4f4419a1cdc20452fccf) Importer(815301076,1909f56bfc062723c751e8b465ee728b)  -> (artifact id: 'f200f2d1bd46a73a7cca42f1a0a78049') in 0.038890 seconds 
========================================================================
Received Import Request.
  Time since last request: 0.000028 seconds.
  path: Assets/PolygonCity/Prefabs/Props/SM_Prop_HotdogStand_01.prefab
  artifactKey: Guid(dcf86cbc986e8ca40a2bfa2fff49fc0f) Importer(815301076,1909f56bfc062723c751e8b465ee728b)
Start importing Assets/PolygonCity/Prefabs/Props/SM_Prop_HotdogStand_01.prefab using Guid(dcf86cbc986e8ca40a2bfa2fff49fc0f) Importer(815301076,1909f56bfc062723c751e8b465ee728b)  -> (artifact id: '6d04307e7b090030726f6c60da72133b') in 0.043325 seconds 
========================================================================
Received Import Request.
  Time since last request: 0.000029 seconds.
  path: Assets/PolygonCity/Prefabs/Props/SM_Prop_LargeSign_Bottle_01.prefab
  artifactKey: Guid(4f96f6be8b901eb4c80c229856393703) Importer(815301076,1909f56bfc062723c751e8b465ee728b)
Start importing Assets/PolygonCity/Prefabs/Props/SM_Prop_LargeSign_Bottle_01.prefab using Guid(4f96f6be8b901eb4c80c229856393703) Importer(815301076,1909f56bfc062723c751e8b465ee728b)  -> (artifact id: 'db912745978eab5242840a5a8cc6eb4d') in 0.045167 seconds 
========================================================================
Received Import Request.
  Time since last request: 0.642238 seconds.
  path: Assets/PolygonCity/Prefabs/Props/SM_Prop_ATM_01.prefab
  artifactKey: Guid(78393129033e7904a9479b03588cd8aa) Importer(815301076,1909f56bfc062723c751e8b465ee728b)
Start importing Assets/PolygonCity/Prefabs/Props/SM_Prop_ATM_01.prefab using Guid(78393129033e7904a9479b03588cd8aa) Importer(815301076,1909f56bfc062723c751e8b465ee728b)  -> (artifact id: '193dd1e68252a9660ce8537215673823') in 0.047607 seconds 
========================================================================
Received Import Request.
  Time since last request: 0.000022 seconds.
  path: Assets/PolygonCity/Prefabs/Props/SM_Prop_Billboard_01.prefab
  artifactKey: Guid(cba063d2715f7a345b1c64609f0e864e) Importer(815301076,1909f56bfc062723c751e8b465ee728b)
Start importing Assets/PolygonCity/Prefabs/Props/SM_Prop_Billboard_01.prefab using Guid(cba063d2715f7a345b1c64609f0e864e) Importer(815301076,1909f56bfc062723c751e8b465ee728b)  -> (artifact id: '17b59e28561fa794a59f33dbde470eb2') in 0.047793 seconds 
========================================================================
Received Import Request.
  Time since last request: 0.000046 seconds.
  path: Assets/PolygonCity/Prefabs/Props/SM_Prop_Billboard_Sign_01.prefab
  artifactKey: Guid(2af99c846574e2e4e96b75f3c3c9d784) Importer(815301076,1909f56bfc062723c751e8b465ee728b)
Start importing Assets/PolygonCity/Prefabs/Props/SM_Prop_Billboard_Sign_01.prefab using Guid(2af99c846574e2e4e96b75f3c3c9d784) Importer(815301076,1909f56bfc062723c751e8b465ee728b)  -> (artifact id: 'b162aff261802975d56b49bf6c3696c8') in 0.039014 seconds 
========================================================================
Received Import Request.
  Time since last request: 0.000052 seconds.
  path: Assets/PolygonCity/Prefabs/Props/SM_Prop_Billboard_Roof_01.prefab
  artifactKey: Guid(046554645d66bc8439c25da40928ded1) Importer(815301076,1909f56bfc062723c751e8b465ee728b)
Start importing Assets/PolygonCity/Prefabs/Props/SM_Prop_Billboard_Roof_01.prefab using Guid(046554645d66bc8439c25da40928ded1) Importer(815301076,1909f56bfc062723c751e8b465ee728b)  -> (artifact id: '41eeb6b73ab5b1bd023a9a573e261ad3') in 0.040016 seconds 
========================================================================
Received Import Request.
  Time since last request: 0.000029 seconds.
  path: Assets/PolygonCity/Prefabs/Props/SM_Prop_Billboard_Sign_04.prefab
  artifactKey: Guid(430345e20ddf842489bc80fba96a0edd) Importer(815301076,1909f56bfc062723c751e8b465ee728b)
Start importing Assets/PolygonCity/Prefabs/Props/SM_Prop_Billboard_Sign_04.prefab using Guid(430345e20ddf842489bc80fba96a0edd) Importer(815301076,1909f56bfc062723c751e8b465ee728b)  -> (artifact id: '1625ed79528da248428066199795e3c7') in 0.034823 seconds 
Editor requested this worker to shutdown with reason: Scaling down because of idle timeout
AssetImportWorker is now disconnected from the server
Process exiting
Exiting without the bug reporter. Application will terminate with return code 0